{"meta": {"format": 3, "version": "7.10.7", "timestamp": "2026-03-30T00:16:28.937679", "branch_coverage": true, "show_contexts": false}, "files": {"libraries/python/neural_hive_specialists/__init__.py": {"executed_lines": [1, 15, 16, 18, 25, 26, 28, 30, 31, 32, 33, 34, 35, 36, 37, 38, 39, 40, 41, 42, 43, 52, 54], "summary": {"covered_lines": 22, "num_statements": 24, "percent_covered": 91.66666666666667, "percent_covered_display": "91.67", "missing_lines": 2, "excluded_lines": 0, "num_branches": 0, "num_partial_branches": 0, "covered_branches": 0, "missing_branches": 0}, "missing_lines": [19, 20], "excluded_lines": [], "executed_branches": [], "missing_branches": [], "functions": {"": {"executed_lines": [1, 15, 16, 18, 25, 26, 28, 30, 31, 32, 33, 34, 35, 36, 37, 38, 39, 40, 41, 42, 43, 52, 54], "summary": {"covered_lines": 22, "num_statements": 24, "percent_covered": 91.66666666666667, "percent_covered_display": "91.67", "missing_lines": 2, "excluded_lines": 0, "num_branches": 0, "num_partial_branches": 0, "covered_branches": 0, "missing_branches": 0}, "missing_lines": [19, 20], "excluded_lines": [], "executed_branches": [], "missing_branches": []}}, "classes": {"": {"executed_lines": [1, 15, 16, 18, 25, 26, 28, 30, 31, 32, 33, 34, 35, 36, 37, 38, 39, 40, 41, 42, 43, 52, 54], "summary": {"covered_lines": 22, "num_statements": 24, "percent_covered": 91.66666666666667, "percent_covered_display": "91.67", "missing_lines": 2, "excluded_lines": 0, "num_branches": 0, "num_partial_branches": 0, "covered_branches": 0, "missing_branches": 0}, "missing_lines": [19, 20], "excluded_lines": [], "executed_branches": [], "missing_branches": []}}}, "libraries/python/neural_hive_specialists/ab_testing_specialist.py": {"executed_lines": [1, 8, 9, 11, 12, 14, 15, 17, 18, 21, 22, 35, 48, 168, 216, 239, 372, 407, 526], "summary": {"covered_lines": 17, "num_statements": 219, "percent_covered": 6.415094339622642, "percent_covered_display": "6.42", "missing_lines": 202, "excluded_lines": 0, "num_branches": 46, "num_partial_branches": 0, "covered_branches": 0, "missing_branches": 46}, "missing_lines": [42, 43, 44, 45, 46, 58, 59, 60, 63, 64, 66, 67, 70, 72, 81, 82, 83, 84, 86, 90, 92, 95, 101, 107, 108, 110, 111, 112, 115, 116, 117, 118, 120, 124, 126, 129, 135, 141, 147, 148, 156, 158, 166, 184, 185, 187, 189, 191, 192, 197, 198, 199, 201, 202, 204, 206, 214, 228, 231, 234, 235, 237, 249, 250, 251, 254, 255, 257, 259, 261, 262, 267, 269, 270, 271, 273, 274, 277, 279, 281, 283, 284, 285, 286, 288, 290, 292, 293, 294, 297, 298, 299, 302, 305, 306, 307, 310, 313, 318, 319, 322, 327, 328, 342, 349, 351, 352, 359, 360, 361, 364, 365, 366, 370, 386, 388, 389, 390, 391, 393, 395, 396, 397, 401, 403, 404, 405, 420, 422, 434, 440, 441, 443, 444, 445, 449, 452, 453, 455, 458, 459, 461, 463, 465, 468, 469, 475, 477, 478, 480, 487, 488, 491, 492, 493, 497, 501, 508, 510, 511, 514, 536, 538, 539, 540, 545, 546, 549, 550, 551, 556, 557, 560, 561, 562, 566, 567, 568, 569, 570, 571, 574, 575, 576, 579, 580, 581, 582, 583, 584, 587, 588, 594, 595, 600, 601, 602, 603, 605, 613, 614, 619], "excluded_lines": [], "executed_branches": [], "missing_branches": [[58, 59], [58, 63], [66, 67], [66, 72], [90, 92], [90, 107], [124, 126], [124, 141], [184, 185], [184, 187], [197, 198], [197, 201], [249, 250], [249, 254], [257, 259], [257, 267], [269, 270], [269, 273], [290, 292], [290, 305], [292, 293], [292, 297], [297, 298], [297, 302], [359, 360], [359, 364], [364, 365], [364, 370], [395, 396], [395, 401], [443, 444], [443, 497], [468, 469], [468, 477], [566, 567], [566, 574], [568, 569], [568, 574], [579, 580], [579, 587], [581, 582], [581, 587], [588, 594], [588, 605], [600, 588], [600, 601]], "functions": {"ABTestingSpecialist.__init__": {"executed_lines": [], "summary": {"covered_lines": 0, "num_statements": 5, "percent_covered": 0.0, "percent_covered_display": "0.00", "missing_lines": 5, "excluded_lines": 0, "num_branches": 0, "num_partial_branches": 0, "covered_branches": 0, "missing_branches": 0}, "missing_lines": [42, 43, 44, 45, 46], "excluded_lines": [], "executed_branches": [], "missing_branches": []}, "ABTestingSpecialist._load_model": {"executed_lines": [], "summary": {"covered_lines": 0, "num_statements": 38, "percent_covered": 0.0, "percent_covered_display": "0.00", "missing_lines": 38, "excluded_lines": 0, "num_branches": 8, "num_partial_branches": 0, "covered_branches": 0, "missing_branches": 8}, "missing_lines": [58, 59, 60, 63, 64, 66, 67, 70, 72, 81, 82, 83, 84, 86, 90, 92, 95, 101, 107, 108, 110, 111, 112, 115, 116, 117, 118, 120, 124, 126, 129, 135, 141, 147, 148, 156, 158, 166], "excluded_lines": [], "executed_branches": [], "missing_branches": [[58, 59], [58, 63], [66, 67], [66, 72], [90, 92], [90, 107], [124, 126], [124, 141]]}, "ABTestingSpecialist._select_model_for_request": {"executed_lines": [], "summary": {"covered_lines": 0, "num_statements": 14, "percent_covered": 0.0, "percent_covered_display": "0.00", "missing_lines": 14, "excluded_lines": 0, "num_branches": 4, "num_partial_branches": 0, "covered_branches": 0, "missing_branches": 4}, "missing_lines": [184, 185, 187, 189, 191, 192, 197, 198, 199, 201, 202, 204, 206, 214], "excluded_lines": [], "executed_branches": [], "missing_branches": [[184, 185], [184, 187], [197, 198], [197, 201]]}, "ABTestingSpecialist._calculate_hash_value": {"executed_lines": [], "summary": {"covered_lines": 0, "num_statements": 5, "percent_covered": 0.0, "percent_covered_display": "0.00", "missing_lines": 5, "excluded_lines": 0, "num_branches": 0, "num_partial_branches": 0, "covered_branches": 0, "missing_branches": 0}, "missing_lines": [228, 231, 234, 235, 237], "excluded_lines": [], "executed_branches": [], "missing_branches": []}, "ABTestingSpecialist._predict_with_model": {"executed_lines": [], "summary": {"covered_lines": 0, "num_statements": 52, "percent_covered": 0.0, "percent_covered_display": "0.00", "missing_lines": 52, "excluded_lines": 0, "num_branches": 16, "num_partial_branches": 0, "covered_branches": 0, "missing_branches": 16}, "missing_lines": [249, 250, 251, 254, 255, 257, 259, 261, 262, 267, 269, 270, 271, 273, 274, 277, 279, 281, 283, 284, 285, 286, 288, 290, 292, 293, 294, 297, 298, 299, 302, 305, 306, 307, 310, 313, 318, 319, 322, 327, 328, 342, 349, 351, 352, 359, 360, 361, 364, 365, 366, 370], "excluded_lines": [], "executed_branches": [], "missing_branches": [[249, 250], [249, 254], [257, 259], [257, 267], [269, 270], [269, 273], [290, 292], [290, 305], [292, 293], [292, 297], [297, 298], [297, 302], [359, 360], [359, 364], [364, 365], [364, 370]]}, "ABTestingSpecialist._predict_with_fallback_model": {"executed_lines": [], "summary": {"covered_lines": 0, "num_statements": 13, "percent_covered": 0.0, "percent_covered_display": "0.00", "missing_lines": 13, "excluded_lines": 0, "num_branches": 2, "num_partial_branches": 0, "covered_branches": 0, "missing_branches": 2}, "missing_lines": [386, 388, 389, 390, 391, 393, 395, 396, 397, 401, 403, 404, 405], "excluded_lines": [], "executed_branches": [], "missing_branches": [[395, 396], [395, 401]]}, "ABTestingSpecialist.get_ab_test_statistics": {"executed_lines": [], "summary": {"covered_lines": 0, "num_statements": 34, "percent_covered": 0.0, "percent_covered_display": "0.00", "missing_lines": 34, "excluded_lines": 0, "num_branches": 4, "num_partial_branches": 0, "covered_branches": 0, "missing_branches": 4}, "missing_lines": [420, 422, 434, 440, 441, 443, 444, 445, 449, 452, 453, 455, 458, 459, 461, 463, 465, 468, 469, 475, 477, 478, 480, 487, 488, 491, 492, 493, 497, 501, 508, 510, 511, 514], "excluded_lines": [], "executed_branches": [], "missing_branches": [[443, 444], [443, 497], [468, 469], [468, 477]]}, "ABTestingSpecialist._collect_variant_stats": {"executed_lines": [], "summary": {"covered_lines": 0, "num_statements": 41, "percent_covered": 0.0, "percent_covered_display": "0.00", "missing_lines": 41, "excluded_lines": 0, "num_branches": 12, "num_partial_branches": 0, "covered_branches": 0, "missing_branches": 12}, "missing_lines": [536, 538, 539, 540, 545, 546, 549, 550, 551, 556, 557, 560, 561, 562, 566, 567, 568, 569, 570, 571, 574, 575, 576, 579, 580, 581, 582, 583, 584, 587, 588, 594, 595, 600, 601, 602, 603, 605, 613, 614, 619], "excluded_lines": [], "executed_branches": [], "missing_branches": [[566, 567], [566, 574], [568, 569], [568, 574], [579, 580], [579, 587], [581, 582], [581, 587], [588, 594], [588, 605], [600, 588], [600, 601]]}, "": {"executed_lines": [1, 8, 9, 11, 12, 14, 15, 17, 18, 21, 22, 35, 48, 168, 216, 239, 372, 407, 526], "summary": {"covered_lines": 17, "num_statements": 17, "percent_covered": 100.0, "percent_covered_display": "100.00", "missing_lines": 0, "excluded_lines": 0, "num_branches": 0, "num_partial_branches": 0, "covered_branches": 0, "missing_branches": 0}, "missing_lines": [], "excluded_lines": [], "executed_branches": [], "missing_branches": []}}, "classes": {"ABTestingSpecialist": {"executed_lines": [], "summary": {"covered_lines": 0, "num_statements": 202, "percent_covered": 0.0, "percent_covered_display": "0.00", "missing_lines": 202, "excluded_lines": 0, "num_branches": 46, "num_partial_branches": 0, "covered_branches": 0, "missing_branches": 46}, "missing_lines": [42, 43, 44, 45, 46, 58, 59, 60, 63, 64, 66, 67, 70, 72, 81, 82, 83, 84, 86, 90, 92, 95, 101, 107, 108, 110, 111, 112, 115, 116, 117, 118, 120, 124, 126, 129, 135, 141, 147, 148, 156, 158, 166, 184, 185, 187, 189, 191, 192, 197, 198, 199, 201, 202, 204, 206, 214, 228, 231, 234, 235, 237, 249, 250, 251, 254, 255, 257, 259, 261, 262, 267, 269, 270, 271, 273, 274, 277, 279, 281, 283, 284, 285, 286, 288, 290, 292, 293, 294, 297, 298, 299, 302, 305, 306, 307, 310, 313, 318, 319, 322, 327, 328, 342, 349, 351, 352, 359, 360, 361, 364, 365, 366, 370, 386, 388, 389, 390, 391, 393, 395, 396, 397, 401, 403, 404, 405, 420, 422, 434, 440, 441, 443, 444, 445, 449, 452, 453, 455, 458, 459, 461, 463, 465, 468, 469, 475, 477, 478, 480, 487, 488, 491, 492, 493, 497, 501, 508, 510, 511, 514, 536, 538, 539, 540, 545, 546, 549, 550, 551, 556, 557, 560, 561, 562, 566, 567, 568, 569, 570, 571, 574, 575, 576, 579, 580, 581, 582, 583, 584, 587, 588, 594, 595, 600, 601, 602, 603, 605, 613, 614, 619], "excluded_lines": [], "executed_branches": [], "missing_branches": [[58, 59], [58, 63], [66, 67], [66, 72], [90, 92], [90, 107], [124, 126], [124, 141], [184, 185], [184, 187], [197, 198], [197, 201], [249, 250], [249, 254], [257, 259], [257, 267], [269, 270], [269, 273], [290, 292], [290, 305], [292, 293], [292, 297], [297, 298], [297, 302], [359, 360], [359, 364], [364, 365], [364, 370], [395, 396], [395, 401], [443, 444], [443, 497], [468, 469], [468, 477], [566, 567], [566, 574], [568, 569], [568, 574], [579, 580], [579, 587], [581, 582], [581, 587], [588, 594], [588, 605], [600, 588], [600, 601]]}, "": {"executed_lines": [1, 8, 9, 11, 12, 14, 15, 17, 18, 21, 22, 35, 48, 168, 216, 239, 372, 407, 526], "summary": {"covered_lines": 17, "num_statements": 17, "percent_covered": 100.0, "percent_covered_display": "100.00", "missing_lines": 0, "excluded_lines": 0, "num_branches": 0, "num_partial_branches": 0, "covered_branches": 0, "missing_branches": 0}, "missing_lines": [], "excluded_lines": [], "executed_branches": [], "missing_branches": []}}}, "libraries/python/neural_hive_specialists/auth_interceptor.py": {"executed_lines": [1, 4, 5, 6, 7, 8, 9, 11, 12, 14, 17, 18, 20, 39, 182, 224, 231, 248], "summary": {"covered_lines": 16, "num_statements": 114, "percent_covered": 10.126582278481013, "percent_covered_display": "10.13", "missing_lines": 98, "excluded_lines": 1, "num_branches": 44, "num_partial_branches": 0, "covered_branches": 0, "missing_branches": 44}, "missing_lines": [23, 24, 25, 26, 27, 28, 29, 31, 46, 47, 50, 51, 55, 56, 57, 60, 61, 64, 67, 68, 70, 71, 72, 73, 74, 76, 83, 84, 85, 90, 91, 92, 94, 101, 103, 104, 105, 108, 109, 112, 113, 119, 120, 121, 123, 130, 136, 137, 138, 146, 148, 150, 151, 152, 154, 155, 156, 157, 159, 165, 167, 168, 169, 171, 172, 173, 174, 176, 198, 199, 202, 203, 208, 209, 210, 211, 212, 213, 214, 215, 218, 222, 226, 227, 228, 229, 233, 246, 258, 259, 260, 263, 266, 274, 279, 280, 281, 283], "excluded_lines": [205], "executed_branches": [], "missing_branches": [[50, 51], [50, 60], [55, 56], [55, 57], [60, 61], [60, 67], [70, 71], [70, 83], [72, 73], [72, 76], [84, 85], [84, 101], [90, 91], [90, 94], [108, 109], [108, 112], [112, 113], [112, 130], [119, 120], [119, 123], [136, 137], [136, 146], [151, 152], [151, 154], [155, 156], [155, 159], [168, 169], [168, 171], [172, 173], [172, 176], [208, 209], [208, 210], [210, 211], [210, 212], [212, 213], [212, 214], [214, 215], [214, 218], [227, 228], [227, 229], [259, 260], [259, 266], [280, 281], [280, 283]], "functions": {"AuthInterceptor.__init__": {"executed_lines": [], "summary": {"covered_lines": 0, "num_statements": 8, "percent_covered": 0.0, "percent_covered_display": "0.00", "missing_lines": 8, "excluded_lines": 0, "num_branches": 0, "num_partial_branches": 0, "covered_branches": 0, "missing_branches": 0}, "missing_lines": [23, 24, 25, 26, 27, 28, 29, 31], "excluded_lines": [], "executed_branches": [], "missing_branches": []}, "AuthInterceptor.intercept_service": {"executed_lines": [], "summary": {"covered_lines": 0, "num_statements": 60, "percent_covered": 0.0, "percent_covered_display": "0.00", "missing_lines": 60, "excluded_lines": 0, "num_branches": 30, "num_partial_branches": 0, "covered_branches": 0, "missing_branches": 30}, "missing_lines": [46, 47, 50, 51, 55, 56, 57, 60, 61, 64, 67, 68, 70, 71, 72, 73, 74, 76, 83, 84, 85, 90, 91, 92, 94, 101, 103, 104, 105, 108, 109, 112, 113, 119, 120, 121, 123, 130, 136, 137, 138, 146, 148, 150, 151, 152, 154, 155, 156, 157, 159, 165, 167, 168, 169, 171, 172, 173, 174, 176], "excluded_lines": [], "executed_branches": [], "missing_branches": [[50, 51], [50, 60], [55, 56], [55, 57], [60, 61], [60, 67], [70, 71], [70, 83], [72, 73], [72, 76], [84, 85], [84, 101], [90, 91], [90, 94], [108, 109], [108, 112], [112, 113], [112, 130], [119, 120], [119, 123], [136, 137], [136, 146], [151, 152], [151, 154], [155, 156], [155, 159], [168, 169], [168, 171], [172, 173], [172, 176]]}, "AuthInterceptor._create_abort_handler": {"executed_lines": [], "summary": {"covered_lines": 0, "num_statements": 12, "percent_covered": 0.0, "percent_covered_display": "0.00", "missing_lines": 12, "excluded_lines": 0, "num_branches": 8, "num_partial_branches": 0, "covered_branches": 0, "missing_branches": 8}, "missing_lines": [198, 202, 208, 209, 210, 211, 212, 213, 214, 215, 218, 222], "excluded_lines": [], "executed_branches": [], "missing_branches": [[208, 209], [208, 210], [210, 211], [210, 212], [212, 213], [212, 214], [214, 215], [214, 218]]}, "AuthInterceptor._create_abort_handler.abort_unary": {"executed_lines": [], "summary": {"covered_lines": 0, "num_statements": 1, "percent_covered": 0.0, "percent_covered_display": "0.00", "missing_lines": 1, "excluded_lines": 0, "num_branches": 0, "num_partial_branches": 0, "covered_branches": 0, "missing_branches": 0}, "missing_lines": [199], "excluded_lines": [], "executed_branches": [], "missing_branches": []}, "AuthInterceptor._create_abort_handler.abort_streaming": {"executed_lines": [], "summary": {"covered_lines": 0, "num_statements": 1, "percent_covered": 0.0, "percent_covered_display": "0.00", "missing_lines": 1, "excluded_lines": 1, "num_branches": 0, "num_partial_branches": 0, "covered_branches": 0, "missing_branches": 0}, "missing_lines": [203], "excluded_lines": [205], "executed_branches": [], "missing_branches": []}, "AuthInterceptor._extract_token": {"executed_lines": [], "summary": {"covered_lines": 0, "num_statements": 4, "percent_covered": 0.0, "percent_covered_display": "0.00", "missing_lines": 4, "excluded_lines": 0, "num_branches": 2, "num_partial_branches": 0, "covered_branches": 0, "missing_branches": 2}, "missing_lines": [226, 227, 228, 229], "excluded_lines": [], "executed_branches": [], "missing_branches": [[227, 228], [227, 229]]}, "AuthInterceptor._validate_token": {"executed_lines": [], "summary": {"covered_lines": 0, "num_statements": 2, "percent_covered": 0.0, "percent_covered_display": "0.00", "missing_lines": 2, "excluded_lines": 0, "num_branches": 0, "num_partial_branches": 0, "covered_branches": 0, "missing_branches": 0}, "missing_lines": [233, 246], "excluded_lines": [], "executed_branches": [], "missing_branches": []}, "AuthInterceptor._check_permissions": {"executed_lines": [], "summary": {"covered_lines": 0, "num_statements": 10, "percent_covered": 0.0, "percent_covered_display": "0.00", "missing_lines": 10, "excluded_lines": 0, "num_branches": 4, "num_partial_branches": 0, "covered_branches": 0, "missing_branches": 4}, "missing_lines": [258, 259, 260, 263, 266, 274, 279, 280, 281, 283], "excluded_lines": [], "executed_branches": [], "missing_branches": [[259, 260], [259, 266], [280, 281], [280, 283]]}, "": {"executed_lines": [1, 4, 5, 6, 7, 8, 9, 11, 12, 14, 17, 18, 20, 39, 182, 224, 231, 248], "summary": {"covered_lines": 16, "num_statements": 16, "percent_covered": 100.0, "percent_covered_display": "100.00", "missing_lines": 0, "excluded_lines": 0, "num_branches": 0, "num_partial_branches": 0, "covered_branches": 0, "missing_branches": 0}, "missing_lines": [], "excluded_lines": [], "executed_branches": [], "missing_branches": []}}, "classes": {"AuthInterceptor": {"executed_lines": [], "summary": {"covered_lines": 0, "num_statements": 98, "percent_covered": 0.0, "percent_covered_display": "0.00", "missing_lines": 98, "excluded_lines": 1, "num_branches": 44, "num_partial_branches": 0, "covered_branches": 0, "missing_branches": 44}, "missing_lines": [23, 24, 25, 26, 27, 28, 29, 31, 46, 47, 50, 51, 55, 56, 57, 60, 61, 64, 67, 68, 70, 71, 72, 73, 74, 76, 83, 84, 85, 90, 91, 92, 94, 101, 103, 104, 105, 108, 109, 112, 113, 119, 120, 121, 123, 130, 136, 137, 138, 146, 148, 150, 151, 152, 154, 155, 156, 157, 159, 165, 167, 168, 169, 171, 172, 173, 174, 176, 198, 199, 202, 203, 208, 209, 210, 211, 212, 213, 214, 215, 218, 222, 226, 227, 228, 229, 233, 246, 258, 259, 260, 263, 266, 274, 279, 280, 281, 283], "excluded_lines": [205], "executed_branches": [], "missing_branches": [[50, 51], [50, 60], [55, 56], [55, 57], [60, 61], [60, 67], [70, 71], [70, 83], [72, 73], [72, 76], [84, 85], [84, 101], [90, 91], [90, 94], [108, 109], [108, 112], [112, 113], [112, 130], [119, 120], [119, 123], [136, 137], [136, 146], [151, 152], [151, 154], [155, 156], [155, 159], [168, 169], [168, 171], [172, 173], [172, 176], [208, 209], [208, 210], [210, 211], [210, 212], [212, 213], [212, 214], [214, 215], [214, 218], [227, 228], [227, 229], [259, 260], [259, 266], [280, 281], [280, 283]]}, "": {"executed_lines": [1, 4, 5, 6, 7, 8, 9, 11, 12, 14, 17, 18, 20, 39, 182, 224, 231, 248], "summary": {"covered_lines": 16, "num_statements": 16, "percent_covered": 100.0, "percent_covered_display": "100.00", "missing_lines": 0, "excluded_lines": 0, "num_branches": 0, "num_partial_branches": 0, "covered_branches": 0, "missing_branches": 0}, "missing_lines": [], "excluded_lines": [], "executed_branches": [], "missing_branches": []}}}, "libraries/python/neural_hive_specialists/base_specialist.py": {"executed_lines": [1, 5, 6, 7, 8, 9, 10, 11, 12, 13, 14, 15, 16, 18, 19, 20, 21, 22, 23, 24, 25, 26, 27, 28, 29, 30, 31, 32, 33, 40, 41, 42, 48, 50, 53, 56, 57, 62, 63, 95, 501, 502, 506, 507, 525, 526, 543, 990, 999, 1260, 1308, 1328, 1374, 1985, 2060, 2088, 2142, 2215, 2433, 2475, 2511, 2617, 2642, 2790, 2825, 2852, 2892, 2904, 2971], "summary": {"covered_lines": 61, "num_statements": 1104, "percent_covered": 4.307909604519774, "percent_covered_display": "4.31", "missing_lines": 1043, "excluded_lines": 39, "num_branches": 312, "num_partial_branches": 0, "covered_branches": 0, "missing_branches": 312}, "missing_lines": [96, 97, 98, 100, 108, 111, 112, 113, 114, 117, 120, 121, 122, 125, 128, 143, 144, 146, 148, 149, 151, 154, 155, 156, 157, 158, 164, 168, 173, 176, 177, 185, 186, 187, 191, 194, 195, 196, 197, 205, 206, 207, 210, 213, 214, 215, 216, 225, 226, 231, 232, 235, 236, 239, 242, 270, 276, 281, 282, 283, 284, 285, 286, 287, 290, 296, 298, 310, 311, 313, 314, 315, 316, 317, 321, 322, 323, 324, 325, 328, 329, 330, 331, 336, 337, 338, 342, 343, 344, 345, 347, 354, 358, 359, 363, 366, 367, 368, 369, 370, 373, 386, 387, 389, 395, 396, 401, 404, 405, 406, 407, 408, 409, 410, 411, 414, 415, 416, 417, 418, 419, 421, 424, 427, 428, 429, 430, 431, 433, 440, 444, 445, 450, 453, 454, 455, 458, 463, 464, 469, 470, 471, 472, 477, 482, 483, 486, 488, 559, 560, 561, 562, 565, 571, 575, 577, 578, 581, 582, 583, 584, 585, 586, 587, 593, 594, 597, 598, 600, 602, 603, 604, 607, 611, 612, 617, 620, 623, 624, 627, 628, 630, 633, 634, 635, 641, 645, 653, 654, 655, 656, 657, 664, 665, 666, 669, 675, 676, 677, 680, 681, 682, 683, 684, 685, 690, 691, 692, 693, 694, 696, 698, 700, 701, 704, 705, 706, 711, 714, 717, 720, 721, 723, 725, 733, 734, 735, 736, 737, 744, 745, 746, 749, 750, 755, 760, 762, 763, 766, 767, 769, 770, 772, 773, 774, 778, 781, 783, 786, 787, 788, 789, 792, 793, 794, 796, 799, 804, 805, 807, 810, 820, 821, 823, 833, 844, 846, 848, 861, 862, 863, 864, 865, 872, 873, 874, 880, 882, 888, 889, 892, 902, 904, 905, 906, 908, 909, 912, 915, 916, 922, 927, 930, 931, 932, 933, 936, 939, 942, 945, 946, 947, 952, 955, 960, 961, 963, 965, 966, 971, 974, 975, 977, 978, 984, 987, 988, 992, 993, 996, 997, 1026, 1027, 1028, 1029, 1030, 1033, 1034, 1038, 1039, 1040, 1041, 1045, 1046, 1050, 1051, 1052, 1054, 1057, 1060, 1068, 1069, 1071, 1075, 1076, 1079, 1088, 1090, 1091, 1092, 1093, 1094, 1095, 1097, 1106, 1108, 1120, 1122, 1130, 1139, 1141, 1142, 1143, 1144, 1145, 1146, 1147, 1148, 1149, 1151, 1154, 1155, 1160, 1161, 1163, 1164, 1165, 1166, 1167, 1169, 1172, 1173, 1174, 1175, 1176, 1177, 1179, 1182, 1185, 1186, 1188, 1189, 1190, 1191, 1194, 1195, 1196, 1198, 1201, 1204, 1205, 1210, 1213, 1217, 1220, 1221, 1226, 1227, 1228, 1234, 1235, 1238, 1239, 1242, 1243, 1245, 1247, 1275, 1278, 1285, 1286, 1289, 1290, 1291, 1292, 1294, 1295, 1296, 1297, 1298, 1301, 1304, 1306, 1318, 1319, 1320, 1323, 1324, 1326, 1330, 1331, 1333, 1334, 1335, 1336, 1337, 1338, 1340, 1341, 1344, 1345, 1348, 1349, 1352, 1354, 1355, 1358, 1359, 1361, 1362, 1363, 1364, 1366, 1367, 1369, 1370, 1371, 1372, 1378, 1379, 1381, 1382, 1391, 1392, 1395, 1396, 1397, 1400, 1401, 1402, 1403, 1404, 1405, 1406, 1408, 1411, 1412, 1413, 1414, 1418, 1419, 1424, 1425, 1429, 1430, 1431, 1433, 1436, 1439, 1440, 1441, 1444, 1451, 1452, 1455, 1456, 1457, 1460, 1462, 1466, 1467, 1468, 1469, 1470, 1471, 1472, 1473, 1475, 1476, 1479, 1481, 1485, 1486, 1487, 1490, 1491, 1494, 1495, 1496, 1497, 1498, 1500, 1501, 1502, 1503, 1504, 1505, 1507, 1516, 1517, 1521, 1522, 1523, 1524, 1525, 1527, 1530, 1535, 1536, 1539, 1543, 1545, 1546, 1548, 1553, 1556, 1557, 1560, 1561, 1562, 1563, 1566, 1571, 1572, 1575, 1576, 1578, 1581, 1582, 1583, 1586, 1587, 1588, 1589, 1590, 1594, 1596, 1597, 1598, 1599, 1600, 1601, 1603, 1606, 1607, 1609, 1613, 1618, 1619, 1620, 1623, 1624, 1628, 1630, 1631, 1638, 1639, 1640, 1643, 1646, 1649, 1650, 1656, 1658, 1659, 1660, 1663, 1664, 1669, 1672, 1676, 1677, 1678, 1679, 1680, 1682, 1687, 1688, 1689, 1690, 1695, 1698, 1699, 1702, 1703, 1706, 1707, 1711, 1712, 1713, 1714, 1715, 1717, 1722, 1723, 1724, 1725, 1730, 1731, 1734, 1735, 1736, 1737, 1738, 1739, 1740, 1742, 1745, 1746, 1747, 1750, 1751, 1757, 1761, 1762, 1763, 1764, 1765, 1767, 1775, 1776, 1777, 1782, 1795, 1796, 1799, 1800, 1802, 1803, 1804, 1811, 1812, 1815, 1816, 1817, 1818, 1821, 1822, 1836, 1837, 1838, 1839, 1840, 1841, 1842, 1843, 1845, 1859, 1862, 1863, 1869, 1870, 1871, 1872, 1873, 1874, 1875, 1877, 1889, 1890, 1891, 1898, 1899, 1906, 1917, 1918, 1919, 1922, 1923, 1924, 1927, 1929, 1933, 1934, 1935, 1939, 1941, 1942, 1947, 1948, 1949, 1951, 1953, 1954, 1957, 1959, 1961, 1962, 1968, 1970, 1971, 1972, 1973, 1975, 1983, 1997, 1999, 2000, 2003, 2006, 2010, 2011, 2017, 2024, 2026, 2033, 2035, 2036, 2037, 2038, 2043, 2044, 2045, 2048, 2049, 2050, 2051, 2052, 2053, 2058, 2062, 2070, 2071, 2072, 2077, 2078, 2080, 2081, 2084, 2085, 2086, 2110, 2111, 2113, 2115, 2116, 2128, 2135, 2136, 2160, 2161, 2164, 2165, 2167, 2168, 2169, 2172, 2179, 2180, 2182, 2183, 2191, 2192, 2194, 2195, 2205, 2206, 2231, 2232, 2234, 2245, 2249, 2251, 2252, 2253, 2254, 2255, 2256, 2257, 2258, 2259, 2260, 2261, 2267, 2269, 2274, 2279, 2280, 2281, 2282, 2283, 2284, 2293, 2303, 2304, 2306, 2313, 2324, 2343, 2344, 2352, 2353, 2355, 2356, 2359, 2360, 2365, 2370, 2371, 2376, 2383, 2384, 2387, 2390, 2391, 2394, 2395, 2398, 2405, 2416, 2449, 2450, 2452, 2459, 2460, 2461, 2464, 2465, 2470, 2473, 2488, 2489, 2490, 2491, 2492, 2493, 2494, 2499, 2509, 2518, 2519, 2525, 2531, 2532, 2533, 2535, 2536, 2537, 2540, 2543, 2544, 2558, 2561, 2564, 2566, 2567, 2568, 2569, 2572, 2574, 2581, 2589, 2590, 2591, 2593, 2594, 2595, 2596, 2597, 2601, 2603, 2611, 2624, 2644, 2645, 2648, 2651, 2652, 2654, 2657, 2658, 2659, 2660, 2661, 2662, 2663, 2664, 2665, 2666, 2668, 2669, 2670, 2673, 2674, 2676, 2679, 2680, 2693, 2694, 2698, 2701, 2702, 2703, 2706, 2707, 2708, 2711, 2712, 2715, 2719, 2722, 2727, 2728, 2729, 2731, 2732, 2736, 2737, 2740, 2741, 2744, 2745, 2747, 2748, 2751, 2752, 2753, 2754, 2757, 2758, 2759, 2760, 2761, 2762, 2765, 2768, 2769, 2770, 2772, 2773, 2774, 2776, 2777, 2779, 2781, 2788, 2792, 2794, 2817, 2823, 2827, 2828, 2829, 2830, 2831, 2833, 2834, 2835, 2836, 2837, 2842, 2845, 2846, 2859, 2860, 2864, 2866, 2868, 2874, 2875, 2877, 2878, 2883, 2884, 2885, 2890, 2914, 2915, 2920, 2921, 2924, 2926, 2947, 2948, 2949, 2955, 2957, 2959, 2962, 2963, 2965, 2966, 2967, 2969, 2973, 2974, 2976, 2977, 2978, 2982, 2983, 2986, 2987, 2988, 2994, 2996, 2997, 2998, 2999, 3000, 3001, 3003, 3004], "excluded_lines": [501, 502, 503, 504, 506, 507, 508, 509, 510, 511, 512, 513, 514, 515, 516, 517, 518, 519, 520, 521, 522, 523, 525, 526, 527, 528, 529, 530, 531, 532, 533, 534, 535, 536, 537, 538, 539, 540, 541], "executed_branches": [], "missing_branches": [[120, 121], [120, 125], [149, 151], [149, 154], [157, 158], [157, 168], [195, 196], [195, 213], [214, 215], [214, 242], [225, 226], [225, 231], [283, 284], [283, 328], [329, 330], [329, 342], [343, 344], [343, 366], [367, 368], [367, 404], [404, 405], [404, 421], [429, 430], [429, 453], [453, 454], [453, 469], [470, 471], [470, 488], [560, 561], [560, 565], [583, 584], [583, 593], [585, 586], [585, 593], [593, 594], [593, 696], [600, 602], [600, 620], [607, 611], [607, 630], [627, 628], [627, 630], [633, 634], [633, 635], [653, 654], [653, 664], [664, 665], [664, 690], [682, 683], [682, 685], [698, 700], [698, 714], [704, 705], [704, 723], [720, 721], [720, 723], [733, 734], [733, 744], [744, 745], [744, 755], [781, 783], [781, 799], [786, 787], [786, 792], [787, 788], [787, 796], [788, 787], [788, 789], [792, 793], [792, 796], [793, 792], [793, 794], [804, 805], [804, 861], [862, 863], [862, 872], [945, 946], [945, 960], [960, 961], [960, 963], [992, 993], [992, 997], [1038, 1039], [1038, 1139], [1039, 1040], [1039, 1130], [1040, 1041], [1040, 1120], [1050, 1051], [1050, 1075], [1052, 1054], [1052, 1068], [1120, 1122], [1120, 1139], [1141, 1142], [1141, 1160], [1142, 1143], [1142, 1146], [1146, 1147], [1146, 1151], [1160, 1161], [1160, 1185], [1163, 1164], [1163, 1173], [1164, 1165], [1164, 1169], [1173, 1174], [1173, 1238], [1174, 1175], [1174, 1179], [1185, 1186], [1185, 1204], [1186, 1188], [1186, 1198], [1188, 1189], [1188, 1194], [1204, 1205], [1204, 1217], [1242, 1243], [1242, 1245], [1285, 1286], [1285, 1289], [1289, 1290], [1289, 1301], [1291, 1292], [1291, 1298], [1295, 1296], [1295, 1297], [1323, 1324], [1323, 1326], [1363, 1364], [1363, 1366], [1391, 1392], [1391, 1408], [1412, 1413], [1412, 1429], [1418, 1419], [1418, 1429], [1430, 1431], [1430, 1556], [1451, 1452], [1451, 1475], [1485, 1486], [1485, 1545], [1495, 1496], [1495, 1507], [1500, 1501], [1500, 1502], [1502, 1503], [1502, 1504], [1504, 1505], [1504, 1507], [1521, 1522], [1521, 1535], [1522, 1523], [1522, 1524], [1524, 1525], [1524, 1527], [1535, 1536], [1535, 1543], [1560, 1561], [1560, 1575], [1562, 1563], [1562, 1571], [1582, 1583], [1582, 1603], [1588, 1589], [1588, 1596], [1607, 1609], [1607, 1628], [1618, 1619], [1618, 1628], [1619, 1620], [1619, 1623], [1623, 1624], [1623, 1628], [1628, 1630], [1628, 1638], [1638, 1639], [1638, 1656], [1656, 1658], [1656, 1695], [1659, 1660], [1659, 1682], [1698, 1699], [1698, 1717], [1730, 1731], [1730, 1742], [1746, 1747], [1746, 1767], [1776, 1777], [1776, 1782], [1800, 1802], [1800, 1811], [1811, 1812], [1811, 1817], [1817, 1818], [1817, 1845], [1862, 1863], [1862, 1869], [1870, 1871], [1870, 1877], [1917, 1918], [1917, 1968], [1918, 1919], [1918, 1953], [1941, 1942], [1941, 1968], [1961, 1962], [1961, 1968], [2010, 2011], [2010, 2024], [2070, 2071], [2070, 2077], [2071, 2070], [2071, 2072], [2077, 2078], [2077, 2080], [2080, 2081], [2080, 2084], [2085, -2060], [2085, 2086], [2110, 2111], [2110, 2113], [2160, 2161], [2160, 2164], [2179, 2180], [2179, 2191], [2180, -2142], [2180, 2182], [2191, 2192], [2191, 2205], [2192, -2142], [2192, 2194], [2245, 2249], [2245, 2352], [2253, 2254], [2253, 2267], [2267, 2269], [2267, 2352], [2281, 2282], [2281, 2303], [2283, 2284], [2283, 2293], [2449, 2450], [2449, 2452], [2459, 2460], [2459, 2473], [2489, 2490], [2489, 2509], [2535, 2536], [2535, 2540], [2566, 2567], [2566, 2574], [2593, 2594], [2593, 2603], [2651, 2652], [2651, 2654], [2657, 2658], [2657, 2668], [2660, 2661], [2660, 2673], [2673, 2674], [2673, 2676], [2679, 2680], [2679, 2698], [2693, 2694], [2693, 2701], [2702, 2703], [2702, 2706], [2707, 2708], [2707, 2711], [2711, 2712], [2711, 2715], [2727, 2728], [2727, 2731], [2736, 2737], [2736, 2740], [2740, 2741], [2740, 2744], [2744, 2745], [2744, 2747], [2747, 2748], [2747, 2751], [2757, 2758], [2757, 2759], [2759, 2760], [2759, 2761], [2761, 2762], [2761, 2765], [2768, 2769], [2768, 2772], [2769, 2770], [2769, 2772], [2772, 2773], [2772, 2776], [2773, 2774], [2773, 2776], [2776, 2777], [2776, 2779], [2828, 2829], [2828, 2830], [2830, 2831], [2830, 2833], [2833, 2834], [2833, 2842], [2859, 2860], [2859, 2866], [2948, 2949], [2948, 2957], [2973, 2974], [2973, 2976]], "functions": {"BaseSpecialist.__init__": {"executed_lines": [], "summary": {"covered_lines": 0, "num_statements": 148, "percent_covered": 0.0, "percent_covered_display": "0.00", "missing_lines": 148, "excluded_lines": 0, "num_branches": 28, "num_partial_branches": 0, "covered_branches": 0, "missing_branches": 28}, "missing_lines": [96, 97, 98, 100, 108, 111, 112, 113, 114, 117, 120, 121, 122, 125, 128, 143, 144, 146, 148, 149, 151, 154, 155, 156, 157, 158, 164, 168, 173, 176, 177, 185, 186, 187, 191, 194, 195, 196, 197, 205, 206, 207, 210, 213, 214, 215, 216, 225, 226, 231, 232, 235, 236, 239, 242, 270, 276, 281, 282, 283, 284, 285, 286, 287, 290, 296, 298, 310, 311, 313, 314, 315, 316, 317, 321, 322, 323, 324, 325, 328, 329, 330, 331, 336, 337, 338, 342, 343, 344, 345, 347, 354, 358, 359, 363, 366, 367, 368, 369, 370, 373, 386, 387, 389, 395, 396, 401, 404, 405, 406, 407, 408, 409, 410, 411, 414, 415, 416, 417, 418, 419, 421, 424, 427, 428, 429, 430, 431, 433, 440, 444, 445, 450, 453, 454, 455, 458, 463, 464, 469, 470, 471, 472, 477, 482, 483, 486, 488], "excluded_lines": [], "executed_branches": [], "missing_branches": [[120, 121], [120, 125], [149, 151], [149, 154], [157, 158], [157, 168], [195, 196], [195, 213], [214, 215], [214, 242], [225, 226], [225, 231], [283, 284], [283, 328], [329, 330], [329, 342], [343, 344], [343, 366], [367, 368], [367, 404], [404, 405], [404, 421], [429, 430], [429, 453], [453, 454], [453, 469], [470, 471], [470, 488]]}, "BaseSpecialist._get_specialist_type": {"executed_lines": [], "summary": {"covered_lines": 0, "num_statements": 0, "percent_covered": 100.0, "percent_covered_display": "100.00", "missing_lines": 0, "excluded_lines": 2, "num_branches": 0, "num_partial_branches": 0, "covered_branches": 0, "missing_branches": 0}, "missing_lines": [], "excluded_lines": [503, 504], "executed_branches": [], "missing_branches": []}, "BaseSpecialist._load_model": {"executed_lines": [], "summary": {"covered_lines": 0, "num_statements": 0, "percent_covered": 100.0, "percent_covered_display": "100.00", "missing_lines": 0, "excluded_lines": 16, "num_branches": 0, "num_partial_branches": 0, "covered_branches": 0, "missing_branches": 0}, "missing_lines": [], "excluded_lines": [508, 509, 510, 511, 512, 513, 514, 515, 516, 517, 518, 519, 520, 521, 522, 523], "executed_branches": [], "missing_branches": []}, "BaseSpecialist._evaluate_plan_internal": {"executed_lines": [], "summary": {"covered_lines": 0, "num_statements": 0, "percent_covered": 100.0, "percent_covered_display": "100.00", "missing_lines": 0, "excluded_lines": 13, "num_branches": 0, "num_partial_branches": 0, "covered_branches": 0, "missing_branches": 0}, "missing_lines": [], "excluded_lines": [529, 530, 531, 532, 533, 534, 535, 536, 537, 538, 539, 540, 541], "executed_branches": [], "missing_branches": []}, "BaseSpecialist._predict_with_model": {"executed_lines": [], "summary": {"covered_lines": 0, "num_statements": 123, "percent_covered": 0.0, "percent_covered_display": "0.00", "missing_lines": 123, "excluded_lines": 0, "num_branches": 36, "num_partial_branches": 0, "covered_branches": 0, "missing_branches": 36}, "missing_lines": [559, 560, 561, 562, 565, 571, 575, 577, 578, 581, 582, 583, 584, 585, 586, 587, 593, 594, 597, 598, 600, 602, 603, 604, 607, 611, 612, 617, 620, 623, 624, 627, 628, 630, 633, 634, 635, 641, 645, 653, 654, 655, 656, 657, 664, 665, 666, 669, 675, 676, 677, 680, 681, 682, 683, 684, 685, 690, 691, 692, 693, 694, 696, 698, 700, 701, 704, 705, 706, 711, 714, 717, 720, 721, 723, 725, 733, 734, 735, 736, 737, 744, 745, 746, 749, 750, 755, 760, 904, 905, 906, 908, 909, 912, 915, 916, 922, 927, 930, 931, 932, 933, 936, 939, 942, 945, 946, 947, 952, 955, 960, 961, 963, 965, 966, 971, 974, 975, 977, 978, 984, 987, 988], "excluded_lines": [], "executed_branches": [], "missing_branches": [[560, 561], [560, 565], [583, 584], [583, 593], [585, 586], [585, 593], [593, 594], [593, 696], [600, 602], [600, 620], [607, 611], [607, 630], [627, 628], [627, 630], [633, 634], [633, 635], [653, 654], [653, 664], [664, 665], [664, 690], [682, 683], [682, 685], [698, 700], [698, 714], [704, 705], [704, 723], [720, 721], [720, 723], [733, 734], [733, 744], [744, 745], [744, 755], [945, 946], [945, 960], [960, 961], [960, 963]]}, "BaseSpecialist._predict_with_model._run_inference": {"executed_lines": [], "summary": {"covered_lines": 0, "num_statements": 46, "percent_covered": 0.0, "percent_covered_display": "0.00", "missing_lines": 46, "excluded_lines": 0, "num_branches": 16, "num_partial_branches": 0, "covered_branches": 0, "missing_branches": 16}, "missing_lines": [762, 763, 766, 767, 769, 770, 772, 773, 774, 778, 781, 783, 786, 787, 788, 789, 792, 793, 794, 796, 799, 804, 805, 807, 810, 820, 821, 823, 833, 844, 846, 848, 861, 862, 863, 864, 865, 872, 873, 874, 880, 882, 888, 889, 892, 902], "excluded_lines": [], "executed_branches": [], "missing_branches": [[781, 783], [781, 799], [786, 787], [786, 792], [787, 788], [787, 796], [788, 787], [788, 789], [792, 793], [792, 796], [793, 792], [793, 794], [804, 805], [804, 861], [862, 863], [862, 872]]}, "BaseSpecialist._get_model_version": {"executed_lines": [], "summary": {"covered_lines": 0, "num_statements": 4, "percent_covered": 0.0, "percent_covered_display": "0.00", "missing_lines": 4, "excluded_lines": 0, "num_branches": 2, "num_partial_branches": 0, "covered_branches": 0, "missing_branches": 2}, "missing_lines": [992, 993, 996, 997], "excluded_lines": [], "executed_branches": [], "missing_branches": [[992, 993], [992, 997]]}, "BaseSpecialist._parse_model_prediction": {"executed_lines": [], "summary": {"covered_lines": 0, "num_statements": 96, "percent_covered": 0.0, "percent_covered_display": "0.00", "missing_lines": 96, "excluded_lines": 0, "num_branches": 38, "num_partial_branches": 0, "covered_branches": 0, "missing_branches": 38}, "missing_lines": [1026, 1027, 1028, 1029, 1030, 1033, 1034, 1038, 1039, 1040, 1041, 1045, 1046, 1050, 1051, 1052, 1054, 1057, 1060, 1068, 1069, 1071, 1075, 1076, 1079, 1088, 1090, 1091, 1092, 1093, 1094, 1095, 1097, 1106, 1108, 1120, 1122, 1130, 1139, 1141, 1142, 1143, 1144, 1145, 1146, 1147, 1148, 1149, 1151, 1154, 1155, 1160, 1161, 1163, 1164, 1165, 1166, 1167, 1169, 1172, 1173, 1174, 1175, 1176, 1177, 1179, 1182, 1185, 1186, 1188, 1189, 1190, 1191, 1194, 1195, 1196, 1198, 1201, 1204, 1205, 1210, 1213, 1217, 1220, 1221, 1226, 1227, 1228, 1234, 1235, 1238, 1239, 1242, 1243, 1245, 1247], "excluded_lines": [], "executed_branches": [], "missing_branches": [[1038, 1039], [1038, 1139], [1039, 1040], [1039, 1130], [1040, 1041], [1040, 1120], [1050, 1051], [1050, 1075], [1052, 1054], [1052, 1068], [1120, 1122], [1120, 1139], [1141, 1142], [1141, 1160], [1142, 1143], [1142, 1146], [1146, 1147], [1146, 1151], [1160, 1161], [1160, 1185], [1163, 1164], [1163, 1173], [1164, 1165], [1164, 1169], [1173, 1174], [1173, 1238], [1174, 1175], [1174, 1179], [1185, 1186], [1185, 1204], [1186, 1188], [1186, 1198], [1188, 1189], [1188, 1194], [1204, 1205], [1204, 1217], [1242, 1243], [1242, 1245]]}, "BaseSpecialist._hash_plan": {"executed_lines": [], "summary": {"covered_lines": 0, "num_statements": 16, "percent_covered": 0.0, "percent_covered_display": "0.00", "missing_lines": 16, "excluded_lines": 0, "num_branches": 8, "num_partial_branches": 0, "covered_branches": 0, "missing_branches": 8}, "missing_lines": [1275, 1278, 1285, 1286, 1289, 1290, 1291, 1292, 1294, 1295, 1296, 1297, 1298, 1301, 1304, 1306], "excluded_lines": [], "executed_branches": [], "missing_branches": [[1285, 1286], [1285, 1289], [1289, 1290], [1289, 1301], [1291, 1292], [1291, 1298], [1295, 1296], [1295, 1297]]}, "BaseSpecialist.evaluate_plan": {"executed_lines": [], "summary": {"covered_lines": 0, "num_statements": 6, "percent_covered": 0.0, "percent_covered_display": "0.00", "missing_lines": 6, "excluded_lines": 0, "num_branches": 2, "num_partial_branches": 0, "covered_branches": 0, "missing_branches": 2}, "missing_lines": [1318, 1319, 1320, 1323, 1324, 1326], "excluded_lines": [], "executed_branches": [], "missing_branches": [[1323, 1324], [1323, 1326]]}, "BaseSpecialist._evaluate_plan_with_tracing": {"executed_lines": [], "summary": {"covered_lines": 0, "num_statements": 29, "percent_covered": 0.0, "percent_covered_display": "0.00", "missing_lines": 29, "excluded_lines": 0, "num_branches": 2, "num_partial_branches": 0, "covered_branches": 0, "missing_branches": 2}, "missing_lines": [1330, 1331, 1333, 1334, 1335, 1336, 1337, 1338, 1340, 1341, 1344, 1345, 1348, 1349, 1352, 1354, 1355, 1358, 1359, 1361, 1362, 1363, 1364, 1366, 1367, 1369, 1370, 1371, 1372], "excluded_lines": [], "executed_branches": [], "missing_branches": [[1363, 1364], [1363, 1366]]}, "BaseSpecialist._evaluate_plan_impl": {"executed_lines": [], "summary": {"covered_lines": 0, "num_statements": 267, "percent_covered": 0.0, "percent_covered_display": "0.00", "missing_lines": 267, "excluded_lines": 0, "num_branches": 78, "num_partial_branches": 0, "covered_branches": 0, "missing_branches": 78}, "missing_lines": [1378, 1379, 1381, 1382, 1391, 1392, 1395, 1396, 1397, 1400, 1401, 1402, 1403, 1404, 1405, 1406, 1408, 1411, 1412, 1413, 1414, 1418, 1419, 1424, 1425, 1429, 1430, 1431, 1433, 1436, 1439, 1440, 1441, 1444, 1451, 1452, 1455, 1456, 1457, 1460, 1462, 1466, 1467, 1468, 1469, 1470, 1471, 1472, 1473, 1475, 1476, 1479, 1481, 1485, 1486, 1487, 1490, 1491, 1494, 1495, 1496, 1497, 1498, 1500, 1501, 1502, 1503, 1504, 1505, 1507, 1516, 1517, 1521, 1522, 1523, 1524, 1525, 1527, 1530, 1535, 1536, 1539, 1543, 1545, 1546, 1548, 1553, 1556, 1557, 1560, 1561, 1562, 1563, 1566, 1571, 1572, 1575, 1576, 1578, 1581, 1582, 1583, 1586, 1587, 1588, 1589, 1590, 1594, 1596, 1597, 1598, 1599, 1600, 1601, 1603, 1606, 1607, 1609, 1613, 1618, 1619, 1620, 1623, 1624, 1628, 1630, 1631, 1638, 1639, 1640, 1643, 1646, 1649, 1650, 1656, 1658, 1659, 1660, 1663, 1664, 1669, 1672, 1676, 1677, 1678, 1679, 1680, 1682, 1687, 1688, 1689, 1690, 1695, 1698, 1699, 1702, 1703, 1706, 1707, 1711, 1712, 1713, 1714, 1715, 1717, 1722, 1723, 1724, 1725, 1730, 1731, 1734, 1735, 1736, 1737, 1738, 1739, 1740, 1742, 1745, 1746, 1747, 1750, 1751, 1757, 1761, 1762, 1763, 1764, 1765, 1767, 1775, 1776, 1777, 1782, 1795, 1796, 1799, 1800, 1802, 1803, 1804, 1811, 1812, 1815, 1816, 1817, 1818, 1821, 1822, 1836, 1837, 1838, 1839, 1840, 1841, 1842, 1843, 1845, 1859, 1862, 1863, 1869, 1870, 1871, 1872, 1873, 1874, 1875, 1877, 1889, 1890, 1891, 1898, 1899, 1906, 1917, 1918, 1919, 1922, 1923, 1924, 1927, 1929, 1933, 1934, 1935, 1939, 1941, 1942, 1947, 1948, 1949, 1951, 1953, 1954, 1957, 1959, 1961, 1962, 1968, 1970, 1971, 1972, 1973, 1975, 1983], "excluded_lines": [], "executed_branches": [], "missing_branches": [[1391, 1392], [1391, 1408], [1412, 1413], [1412, 1429], [1418, 1419], [1418, 1429], [1430, 1431], [1430, 1556], [1451, 1452], [1451, 1475], [1485, 1486], [1485, 1545], [1495, 1496], [1495, 1507], [1500, 1501], [1500, 1502], [1502, 1503], [1502, 1504], [1504, 1505], [1504, 1507], [1521, 1522], [1521, 1535], [1522, 1523], [1522, 1524], [1524, 1525], [1524, 1527], [1535, 1536], [1535, 1543], [1560, 1561], [1560, 1575], [1562, 1563], [1562, 1571], [1582, 1583], [1582, 1603], [1588, 1589], [1588, 1596], [1607, 1609], [1607, 1628], [1618, 1619], [1618, 1628], [1619, 1620], [1619, 1623], [1623, 1624], [1623, 1628], [1628, 1630], [1628, 1638], [1638, 1639], [1638, 1656], [1656, 1658], [1656, 1695], [1659, 1660], [1659, 1682], [1698, 1699], [1698, 1717], [1730, 1731], [1730, 1742], [1746, 1747], [1746, 1767], [1776, 1777], [1776, 1782], [1800, 1802], [1800, 1811], [1811, 1812], [1811, 1817], [1817, 1818], [1817, 1845], [1862, 1863], [1862, 1869], [1870, 1871], [1870, 1877], [1917, 1918], [1917, 1968], [1918, 1919], [1918, 1953], [1941, 1942], [1941, 1968], [1961, 1962], [1961, 1968]]}, "BaseSpecialist._deserialize_plan": {"executed_lines": [], "summary": {"covered_lines": 0, "num_statements": 25, "percent_covered": 0.0, "percent_covered_display": "0.00", "missing_lines": 25, "excluded_lines": 0, "num_branches": 2, "num_partial_branches": 0, "covered_branches": 0, "missing_branches": 2}, "missing_lines": [1997, 1999, 2000, 2003, 2006, 2010, 2011, 2017, 2024, 2026, 2033, 2035, 2036, 2037, 2038, 2043, 2044, 2045, 2048, 2049, 2050, 2051, 2052, 2053, 2058], "excluded_lines": [], "executed_branches": [], "missing_branches": [[2010, 2011], [2010, 2024]]}, "BaseSpecialist._validate_evaluation_result": {"executed_lines": [], "summary": {"covered_lines": 0, "num_statements": 11, "percent_covered": 0.0, "percent_covered_display": "0.00", "missing_lines": 11, "excluded_lines": 0, "num_branches": 10, "num_partial_branches": 0, "covered_branches": 0, "missing_branches": 10}, "missing_lines": [2062, 2070, 2071, 2072, 2077, 2078, 2080, 2081, 2084, 2085, 2086], "excluded_lines": [], "executed_branches": [], "missing_branches": [[2070, 2071], [2070, 2077], [2071, 2070], [2071, 2072], [2077, 2078], [2077, 2080], [2080, 2081], [2080, 2084], [2085, -2060], [2085, 2086]]}, "BaseSpecialist._publish_pheromone_async": {"executed_lines": [], "summary": {"covered_lines": 0, "num_statements": 8, "percent_covered": 0.0, "percent_covered_display": "0.00", "missing_lines": 8, "excluded_lines": 0, "num_branches": 2, "num_partial_branches": 0, "covered_branches": 0, "missing_branches": 2}, "missing_lines": [2110, 2111, 2113, 2115, 2116, 2128, 2135, 2136], "excluded_lines": [], "executed_branches": [], "missing_branches": [[2110, 2111], [2110, 2113]]}, "BaseSpecialist._publish_result_pheromones": {"executed_lines": [], "summary": {"covered_lines": 0, "num_statements": 18, "percent_covered": 0.0, "percent_covered_display": "0.00", "missing_lines": 18, "excluded_lines": 0, "num_branches": 10, "num_partial_branches": 0, "covered_branches": 0, "missing_branches": 10}, "missing_lines": [2160, 2161, 2164, 2165, 2167, 2168, 2169, 2172, 2179, 2180, 2182, 2183, 2191, 2192, 2194, 2195, 2205, 2206], "excluded_lines": [], "executed_branches": [], "missing_branches": [[2160, 2161], [2160, 2164], [2179, 2180], [2179, 2191], [2180, -2142], [2180, 2182], [2191, 2192], [2191, 2205], [2192, -2142], [2192, 2194]]}, "BaseSpecialist.evaluate_plans_batch": {"executed_lines": [], "summary": {"covered_lines": 0, "num_statements": 46, "percent_covered": 0.0, "percent_covered_display": "0.00", "missing_lines": 46, "excluded_lines": 0, "num_branches": 10, "num_partial_branches": 0, "covered_branches": 0, "missing_branches": 10}, "missing_lines": [2231, 2232, 2234, 2245, 2249, 2251, 2252, 2253, 2254, 2255, 2256, 2257, 2258, 2259, 2260, 2261, 2267, 2269, 2274, 2279, 2280, 2281, 2282, 2283, 2284, 2293, 2303, 2304, 2306, 2313, 2324, 2343, 2344, 2352, 2353, 2355, 2383, 2384, 2387, 2390, 2391, 2394, 2395, 2398, 2405, 2416], "excluded_lines": [], "executed_branches": [], "missing_branches": [[2245, 2249], [2245, 2352], [2253, 2254], [2253, 2267], [2267, 2269], [2267, 2352], [2281, 2282], [2281, 2303], [2283, 2284], [2283, 2293]]}, "BaseSpecialist.evaluate_plans_batch.evaluate_with_semaphore": {"executed_lines": [], "summary": {"covered_lines": 0, "num_statements": 7, "percent_covered": 0.0, "percent_covered_display": "0.00", "missing_lines": 7, "excluded_lines": 0, "num_branches": 0, "num_partial_branches": 0, "covered_branches": 0, "missing_branches": 0}, "missing_lines": [2356, 2359, 2360, 2365, 2370, 2371, 2376], "excluded_lines": [], "executed_branches": [], "missing_branches": []}, "BaseSpecialist.evaluate_plans_batch_optimized": {"executed_lines": [], "summary": {"covered_lines": 0, "num_statements": 10, "percent_covered": 0.0, "percent_covered_display": "0.00", "missing_lines": 10, "excluded_lines": 0, "num_branches": 4, "num_partial_branches": 0, "covered_branches": 0, "missing_branches": 4}, "missing_lines": [2449, 2450, 2452, 2459, 2460, 2461, 2464, 2465, 2470, 2473], "excluded_lines": [], "executed_branches": [], "missing_branches": [[2449, 2450], [2449, 2452], [2459, 2460], [2459, 2473]]}, "BaseSpecialist._evaluate_plans_sequentially": {"executed_lines": [], "summary": {"covered_lines": 0, "num_statements": 9, "percent_covered": 0.0, "percent_covered_display": "0.00", "missing_lines": 9, "excluded_lines": 0, "num_branches": 2, "num_partial_branches": 0, "covered_branches": 0, "missing_branches": 2}, "missing_lines": [2488, 2489, 2490, 2491, 2492, 2493, 2494, 2499, 2509], "excluded_lines": [], "executed_branches": [], "missing_branches": [[2489, 2490], [2489, 2509]]}, "BaseSpecialist.warmup": {"executed_lines": [], "summary": {"covered_lines": 0, "num_statements": 33, "percent_covered": 0.0, "percent_covered_display": "0.00", "missing_lines": 33, "excluded_lines": 0, "num_branches": 6, "num_partial_branches": 0, "covered_branches": 0, "missing_branches": 6}, "missing_lines": [2518, 2519, 2525, 2531, 2532, 2533, 2535, 2536, 2537, 2540, 2543, 2544, 2558, 2561, 2564, 2566, 2567, 2568, 2569, 2572, 2574, 2581, 2589, 2590, 2591, 2593, 2594, 2595, 2596, 2597, 2601, 2603, 2611], "excluded_lines": [], "executed_branches": [], "missing_branches": [[2535, 2536], [2535, 2540], [2566, 2567], [2566, 2574], [2593, 2594], [2593, 2603]]}, "BaseSpecialist._create_dummy_plan": {"executed_lines": [], "summary": {"covered_lines": 0, "num_statements": 1, "percent_covered": 0.0, "percent_covered_display": "0.00", "missing_lines": 1, "excluded_lines": 0, "num_branches": 0, "num_partial_branches": 0, "covered_branches": 0, "missing_branches": 0}, "missing_lines": [2624], "excluded_lines": [], "executed_branches": [], "missing_branches": []}, "BaseSpecialist.health_check": {"executed_lines": [], "summary": {"covered_lines": 0, "num_statements": 73, "percent_covered": 0.0, "percent_covered_display": "0.00", "missing_lines": 73, "excluded_lines": 0, "num_branches": 44, "num_partial_branches": 0, "covered_branches": 0, "missing_branches": 44}, "missing_lines": [2644, 2645, 2648, 2651, 2652, 2654, 2657, 2658, 2659, 2660, 2661, 2662, 2663, 2664, 2665, 2666, 2668, 2669, 2670, 2673, 2674, 2676, 2679, 2680, 2693, 2694, 2698, 2701, 2702, 2703, 2706, 2707, 2708, 2711, 2712, 2715, 2719, 2722, 2727, 2728, 2729, 2731, 2732, 2736, 2737, 2740, 2741, 2744, 2745, 2747, 2748, 2751, 2752, 2753, 2754, 2757, 2758, 2759, 2760, 2761, 2762, 2765, 2768, 2769, 2770, 2772, 2773, 2774, 2776, 2777, 2779, 2781, 2788], "excluded_lines": [], "executed_branches": [], "missing_branches": [[2651, 2652], [2651, 2654], [2657, 2658], [2657, 2668], [2660, 2661], [2660, 2673], [2673, 2674], [2673, 2676], [2679, 2680], [2679, 2698], [2693, 2694], [2693, 2701], [2702, 2703], [2702, 2706], [2707, 2708], [2707, 2711], [2711, 2712], [2711, 2715], [2727, 2728], [2727, 2731], [2736, 2737], [2736, 2740], [2740, 2741], [2740, 2744], [2744, 2745], [2744, 2747], [2747, 2748], [2747, 2751], [2757, 2758], [2757, 2759], [2759, 2760], [2759, 2761], [2761, 2762], [2761, 2765], [2768, 2769], [2768, 2772], [2769, 2770], [2769, 2772], [2772, 2773], [2772, 2776], [2773, 2774], [2773, 2776], [2776, 2777], [2776, 2779]]}, "BaseSpecialist.get_capabilities": {"executed_lines": [], "summary": {"covered_lines": 0, "num_statements": 4, "percent_covered": 0.0, "percent_covered_display": "0.00", "missing_lines": 4, "excluded_lines": 0, "num_branches": 0, "num_partial_branches": 0, "covered_branches": 0, "missing_branches": 0}, "missing_lines": [2792, 2794, 2817, 2823], "excluded_lines": [], "executed_branches": [], "missing_branches": []}, "BaseSpecialist.close": {"executed_lines": [], "summary": {"covered_lines": 0, "num_statements": 13, "percent_covered": 0.0, "percent_covered_display": "0.00", "missing_lines": 13, "excluded_lines": 0, "num_branches": 6, "num_partial_branches": 0, "covered_branches": 0, "missing_branches": 6}, "missing_lines": [2827, 2828, 2829, 2830, 2831, 2833, 2834, 2835, 2836, 2837, 2842, 2845, 2846], "excluded_lines": [], "executed_branches": [], "missing_branches": [[2828, 2829], [2828, 2830], [2830, 2831], [2830, 2833], [2833, 2834], [2833, 2842]]}, "BaseSpecialist.register_with_service_registry": {"executed_lines": [], "summary": {"covered_lines": 0, "num_statements": 13, "percent_covered": 0.0, "percent_covered_display": "0.00", "missing_lines": 13, "excluded_lines": 0, "num_branches": 2, "num_partial_branches": 0, "covered_branches": 0, "missing_branches": 2}, "missing_lines": [2859, 2860, 2864, 2866, 2868, 2874, 2875, 2877, 2878, 2883, 2884, 2885, 2890], "excluded_lines": [], "executed_branches": [], "missing_branches": [[2859, 2860], [2859, 2866]]}, "BaseSpecialist._register_sync": {"executed_lines": [], "summary": {"covered_lines": 0, "num_statements": 9, "percent_covered": 0.0, "percent_covered_display": "0.00", "missing_lines": 9, "excluded_lines": 0, "num_branches": 0, "num_partial_branches": 0, "covered_branches": 0, "missing_branches": 0}, "missing_lines": [2914, 2915, 2920, 2962, 2963, 2965, 2966, 2967, 2969], "excluded_lines": [], "executed_branches": [], "missing_branches": []}, "BaseSpecialist._register_sync._do_register": {"executed_lines": [], "summary": {"covered_lines": 0, "num_statements": 9, "percent_covered": 0.0, "percent_covered_display": "0.00", "missing_lines": 9, "excluded_lines": 0, "num_branches": 2, "num_partial_branches": 0, "covered_branches": 0, "missing_branches": 2}, "missing_lines": [2921, 2924, 2926, 2947, 2948, 2949, 2955, 2957, 2959], "excluded_lines": [], "executed_branches": [], "missing_branches": [[2948, 2949], [2948, 2957]]}, "BaseSpecialist._deregister_from_service_registry": {"executed_lines": [], "summary": {"covered_lines": 0, "num_statements": 14, "percent_covered": 0.0, "percent_covered_display": "0.00", "missing_lines": 14, "excluded_lines": 0, "num_branches": 2, "num_partial_branches": 0, "covered_branches": 0, "missing_branches": 2}, "missing_lines": [2973, 2974, 2976, 2977, 2978, 2982, 2996, 2997, 2998, 2999, 3000, 3001, 3003, 3004], "excluded_lines": [], "executed_branches": [], "missing_branches": [[2973, 2974], [2973, 2976]]}, "BaseSpecialist._deregister_from_service_registry._do_deregister": {"executed_lines": [], "summary": {"covered_lines": 0, "num_statements": 5, "percent_covered": 0.0, "percent_covered_display": "0.00", "missing_lines": 5, "excluded_lines": 0, "num_branches": 0, "num_partial_branches": 0, "covered_branches": 0, "missing_branches": 0}, "missing_lines": [2983, 2986, 2987, 2988, 2994], "excluded_lines": [], "executed_branches": [], "missing_branches": []}, "": {"executed_lines": [1, 5, 6, 7, 8, 9, 10, 11, 12, 13, 14, 15, 16, 18, 19, 20, 21, 22, 23, 24, 25, 26, 27, 28, 29, 30, 31, 32, 33, 40, 41, 42, 48, 50, 53, 56, 57, 62, 63, 95, 501, 502, 506, 507, 525, 526, 543, 990, 999, 1260, 1308, 1328, 1374, 1985, 2060, 2088, 2142, 2215, 2433, 2475, 2511, 2617, 2642, 2790, 2825, 2852, 2892, 2904, 2971], "summary": {"covered_lines": 61, "num_statements": 61, "percent_covered": 100.0, "percent_covered_display": "100.00", "missing_lines": 0, "excluded_lines": 8, "num_branches": 0, "num_partial_branches": 0, "covered_branches": 0, "missing_branches": 0}, "missing_lines": [], "excluded_lines": [501, 502, 506, 507, 525, 526, 527, 528], "executed_branches": [], "missing_branches": []}}, "classes": {"BaseSpecialist": {"executed_lines": [], "summary": {"covered_lines": 0, "num_statements": 1043, "percent_covered": 0.0, "percent_covered_display": "0.00", "missing_lines": 1043, "excluded_lines": 31, "num_branches": 312, "num_partial_branches": 0, "covered_branches": 0, "missing_branches": 312}, "missing_lines": [96, 97, 98, 100, 108, 111, 112, 113, 114, 117, 120, 121, 122, 125, 128, 143, 144, 146, 148, 149, 151, 154, 155, 156, 157, 158, 164, 168, 173, 176, 177, 185, 186, 187, 191, 194, 195, 196, 197, 205, 206, 207, 210, 213, 214, 215, 216, 225, 226, 231, 232, 235, 236, 239, 242, 270, 276, 281, 282, 283, 284, 285, 286, 287, 290, 296, 298, 310, 311, 313, 314, 315, 316, 317, 321, 322, 323, 324, 325, 328, 329, 330, 331, 336, 337, 338, 342, 343, 344, 345, 347, 354, 358, 359, 363, 366, 367, 368, 369, 370, 373, 386, 387, 389, 395, 396, 401, 404, 405, 406, 407, 408, 409, 410, 411, 414, 415, 416, 417, 418, 419, 421, 424, 427, 428, 429, 430, 431, 433, 440, 444, 445, 450, 453, 454, 455, 458, 463, 464, 469, 470, 471, 472, 477, 482, 483, 486, 488, 559, 560, 561, 562, 565, 571, 575, 577, 578, 581, 582, 583, 584, 585, 586, 587, 593, 594, 597, 598, 600, 602, 603, 604, 607, 611, 612, 617, 620, 623, 624, 627, 628, 630, 633, 634, 635, 641, 645, 653, 654, 655, 656, 657, 664, 665, 666, 669, 675, 676, 677, 680, 681, 682, 683, 684, 685, 690, 691, 692, 693, 694, 696, 698, 700, 701, 704, 705, 706, 711, 714, 717, 720, 721, 723, 725, 733, 734, 735, 736, 737, 744, 745, 746, 749, 750, 755, 760, 762, 763, 766, 767, 769, 770, 772, 773, 774, 778, 781, 783, 786, 787, 788, 789, 792, 793, 794, 796, 799, 804, 805, 807, 810, 820, 821, 823, 833, 844, 846, 848, 861, 862, 863, 864, 865, 872, 873, 874, 880, 882, 888, 889, 892, 902, 904, 905, 906, 908, 909, 912, 915, 916, 922, 927, 930, 931, 932, 933, 936, 939, 942, 945, 946, 947, 952, 955, 960, 961, 963, 965, 966, 971, 974, 975, 977, 978, 984, 987, 988, 992, 993, 996, 997, 1026, 1027, 1028, 1029, 1030, 1033, 1034, 1038, 1039, 1040, 1041, 1045, 1046, 1050, 1051, 1052, 1054, 1057, 1060, 1068, 1069, 1071, 1075, 1076, 1079, 1088, 1090, 1091, 1092, 1093, 1094, 1095, 1097, 1106, 1108, 1120, 1122, 1130, 1139, 1141, 1142, 1143, 1144, 1145, 1146, 1147, 1148, 1149, 1151, 1154, 1155, 1160, 1161, 1163, 1164, 1165, 1166, 1167, 1169, 1172, 1173, 1174, 1175, 1176, 1177, 1179, 1182, 1185, 1186, 1188, 1189, 1190, 1191, 1194, 1195, 1196, 1198, 1201, 1204, 1205, 1210, 1213, 1217, 1220, 1221, 1226, 1227, 1228, 1234, 1235, 1238, 1239, 1242, 1243, 1245, 1247, 1275, 1278, 1285, 1286, 1289, 1290, 1291, 1292, 1294, 1295, 1296, 1297, 1298, 1301, 1304, 1306, 1318, 1319, 1320, 1323, 1324, 1326, 1330, 1331, 1333, 1334, 1335, 1336, 1337, 1338, 1340, 1341, 1344, 1345, 1348, 1349, 1352, 1354, 1355, 1358, 1359, 1361, 1362, 1363, 1364, 1366, 1367, 1369, 1370, 1371, 1372, 1378, 1379, 1381, 1382, 1391, 1392, 1395, 1396, 1397, 1400, 1401, 1402, 1403, 1404, 1405, 1406, 1408, 1411, 1412, 1413, 1414, 1418, 1419, 1424, 1425, 1429, 1430, 1431, 1433, 1436, 1439, 1440, 1441, 1444, 1451, 1452, 1455, 1456, 1457, 1460, 1462, 1466, 1467, 1468, 1469, 1470, 1471, 1472, 1473, 1475, 1476, 1479, 1481, 1485, 1486, 1487, 1490, 1491, 1494, 1495, 1496, 1497, 1498, 1500, 1501, 1502, 1503, 1504, 1505, 1507, 1516, 1517, 1521, 1522, 1523, 1524, 1525, 1527, 1530, 1535, 1536, 1539, 1543, 1545, 1546, 1548, 1553, 1556, 1557, 1560, 1561, 1562, 1563, 1566, 1571, 1572, 1575, 1576, 1578, 1581, 1582, 1583, 1586, 1587, 1588, 1589, 1590, 1594, 1596, 1597, 1598, 1599, 1600, 1601, 1603, 1606, 1607, 1609, 1613, 1618, 1619, 1620, 1623, 1624, 1628, 1630, 1631, 1638, 1639, 1640, 1643, 1646, 1649, 1650, 1656, 1658, 1659, 1660, 1663, 1664, 1669, 1672, 1676, 1677, 1678, 1679, 1680, 1682, 1687, 1688, 1689, 1690, 1695, 1698, 1699, 1702, 1703, 1706, 1707, 1711, 1712, 1713, 1714, 1715, 1717, 1722, 1723, 1724, 1725, 1730, 1731, 1734, 1735, 1736, 1737, 1738, 1739, 1740, 1742, 1745, 1746, 1747, 1750, 1751, 1757, 1761, 1762, 1763, 1764, 1765, 1767, 1775, 1776, 1777, 1782, 1795, 1796, 1799, 1800, 1802, 1803, 1804, 1811, 1812, 1815, 1816, 1817, 1818, 1821, 1822, 1836, 1837, 1838, 1839, 1840, 1841, 1842, 1843, 1845, 1859, 1862, 1863, 1869, 1870, 1871, 1872, 1873, 1874, 1875, 1877, 1889, 1890, 1891, 1898, 1899, 1906, 1917, 1918, 1919, 1922, 1923, 1924, 1927, 1929, 1933, 1934, 1935, 1939, 1941, 1942, 1947, 1948, 1949, 1951, 1953, 1954, 1957, 1959, 1961, 1962, 1968, 1970, 1971, 1972, 1973, 1975, 1983, 1997, 1999, 2000, 2003, 2006, 2010, 2011, 2017, 2024, 2026, 2033, 2035, 2036, 2037, 2038, 2043, 2044, 2045, 2048, 2049, 2050, 2051, 2052, 2053, 2058, 2062, 2070, 2071, 2072, 2077, 2078, 2080, 2081, 2084, 2085, 2086, 2110, 2111, 2113, 2115, 2116, 2128, 2135, 2136, 2160, 2161, 2164, 2165, 2167, 2168, 2169, 2172, 2179, 2180, 2182, 2183, 2191, 2192, 2194, 2195, 2205, 2206, 2231, 2232, 2234, 2245, 2249, 2251, 2252, 2253, 2254, 2255, 2256, 2257, 2258, 2259, 2260, 2261, 2267, 2269, 2274, 2279, 2280, 2281, 2282, 2283, 2284, 2293, 2303, 2304, 2306, 2313, 2324, 2343, 2344, 2352, 2353, 2355, 2356, 2359, 2360, 2365, 2370, 2371, 2376, 2383, 2384, 2387, 2390, 2391, 2394, 2395, 2398, 2405, 2416, 2449, 2450, 2452, 2459, 2460, 2461, 2464, 2465, 2470, 2473, 2488, 2489, 2490, 2491, 2492, 2493, 2494, 2499, 2509, 2518, 2519, 2525, 2531, 2532, 2533, 2535, 2536, 2537, 2540, 2543, 2544, 2558, 2561, 2564, 2566, 2567, 2568, 2569, 2572, 2574, 2581, 2589, 2590, 2591, 2593, 2594, 2595, 2596, 2597, 2601, 2603, 2611, 2624, 2644, 2645, 2648, 2651, 2652, 2654, 2657, 2658, 2659, 2660, 2661, 2662, 2663, 2664, 2665, 2666, 2668, 2669, 2670, 2673, 2674, 2676, 2679, 2680, 2693, 2694, 2698, 2701, 2702, 2703, 2706, 2707, 2708, 2711, 2712, 2715, 2719, 2722, 2727, 2728, 2729, 2731, 2732, 2736, 2737, 2740, 2741, 2744, 2745, 2747, 2748, 2751, 2752, 2753, 2754, 2757, 2758, 2759, 2760, 2761, 2762, 2765, 2768, 2769, 2770, 2772, 2773, 2774, 2776, 2777, 2779, 2781, 2788, 2792, 2794, 2817, 2823, 2827, 2828, 2829, 2830, 2831, 2833, 2834, 2835, 2836, 2837, 2842, 2845, 2846, 2859, 2860, 2864, 2866, 2868, 2874, 2875, 2877, 2878, 2883, 2884, 2885, 2890, 2914, 2915, 2920, 2921, 2924, 2926, 2947, 2948, 2949, 2955, 2957, 2959, 2962, 2963, 2965, 2966, 2967, 2969, 2973, 2974, 2976, 2977, 2978, 2982, 2983, 2986, 2987, 2988, 2994, 2996, 2997, 2998, 2999, 3000, 3001, 3003, 3004], "excluded_lines": [503, 504, 508, 509, 510, 511, 512, 513, 514, 515, 516, 517, 518, 519, 520, 521, 522, 523, 529, 530, 531, 532, 533, 534, 535, 536, 537, 538, 539, 540, 541], "executed_branches": [], "missing_branches": [[120, 121], [120, 125], [149, 151], [149, 154], [157, 158], [157, 168], [195, 196], [195, 213], [214, 215], [214, 242], [225, 226], [225, 231], [283, 284], [283, 328], [329, 330], [329, 342], [343, 344], [343, 366], [367, 368], [367, 404], [404, 405], [404, 421], [429, 430], [429, 453], [453, 454], [453, 469], [470, 471], [470, 488], [560, 561], [560, 565], [583, 584], [583, 593], [585, 586], [585, 593], [593, 594], [593, 696], [600, 602], [600, 620], [607, 611], [607, 630], [627, 628], [627, 630], [633, 634], [633, 635], [653, 654], [653, 664], [664, 665], [664, 690], [682, 683], [682, 685], [698, 700], [698, 714], [704, 705], [704, 723], [720, 721], [720, 723], [733, 734], [733, 744], [744, 745], [744, 755], [781, 783], [781, 799], [786, 787], [786, 792], [787, 788], [787, 796], [788, 787], [788, 789], [792, 793], [792, 796], [793, 792], [793, 794], [804, 805], [804, 861], [862, 863], [862, 872], [945, 946], [945, 960], [960, 961], [960, 963], [992, 993], [992, 997], [1038, 1039], [1038, 1139], [1039, 1040], [1039, 1130], [1040, 1041], [1040, 1120], [1050, 1051], [1050, 1075], [1052, 1054], [1052, 1068], [1120, 1122], [1120, 1139], [1141, 1142], [1141, 1160], [1142, 1143], [1142, 1146], [1146, 1147], [1146, 1151], [1160, 1161], [1160, 1185], [1163, 1164], [1163, 1173], [1164, 1165], [1164, 1169], [1173, 1174], [1173, 1238], [1174, 1175], [1174, 1179], [1185, 1186], [1185, 1204], [1186, 1188], [1186, 1198], [1188, 1189], [1188, 1194], [1204, 1205], [1204, 1217], [1242, 1243], [1242, 1245], [1285, 1286], [1285, 1289], [1289, 1290], [1289, 1301], [1291, 1292], [1291, 1298], [1295, 1296], [1295, 1297], [1323, 1324], [1323, 1326], [1363, 1364], [1363, 1366], [1391, 1392], [1391, 1408], [1412, 1413], [1412, 1429], [1418, 1419], [1418, 1429], [1430, 1431], [1430, 1556], [1451, 1452], [1451, 1475], [1485, 1486], [1485, 1545], [1495, 1496], [1495, 1507], [1500, 1501], [1500, 1502], [1502, 1503], [1502, 1504], [1504, 1505], [1504, 1507], [1521, 1522], [1521, 1535], [1522, 1523], [1522, 1524], [1524, 1525], [1524, 1527], [1535, 1536], [1535, 1543], [1560, 1561], [1560, 1575], [1562, 1563], [1562, 1571], [1582, 1583], [1582, 1603], [1588, 1589], [1588, 1596], [1607, 1609], [1607, 1628], [1618, 1619], [1618, 1628], [1619, 1620], [1619, 1623], [1623, 1624], [1623, 1628], [1628, 1630], [1628, 1638], [1638, 1639], [1638, 1656], [1656, 1658], [1656, 1695], [1659, 1660], [1659, 1682], [1698, 1699], [1698, 1717], [1730, 1731], [1730, 1742], [1746, 1747], [1746, 1767], [1776, 1777], [1776, 1782], [1800, 1802], [1800, 1811], [1811, 1812], [1811, 1817], [1817, 1818], [1817, 1845], [1862, 1863], [1862, 1869], [1870, 1871], [1870, 1877], [1917, 1918], [1917, 1968], [1918, 1919], [1918, 1953], [1941, 1942], [1941, 1968], [1961, 1962], [1961, 1968], [2010, 2011], [2010, 2024], [2070, 2071], [2070, 2077], [2071, 2070], [2071, 2072], [2077, 2078], [2077, 2080], [2080, 2081], [2080, 2084], [2085, -2060], [2085, 2086], [2110, 2111], [2110, 2113], [2160, 2161], [2160, 2164], [2179, 2180], [2179, 2191], [2180, -2142], [2180, 2182], [2191, 2192], [2191, 2205], [2192, -2142], [2192, 2194], [2245, 2249], [2245, 2352], [2253, 2254], [2253, 2267], [2267, 2269], [2267, 2352], [2281, 2282], [2281, 2303], [2283, 2284], [2283, 2293], [2449, 2450], [2449, 2452], [2459, 2460], [2459, 2473], [2489, 2490], [2489, 2509], [2535, 2536], [2535, 2540], [2566, 2567], [2566, 2574], [2593, 2594], [2593, 2603], [2651, 2652], [2651, 2654], [2657, 2658], [2657, 2668], [2660, 2661], [2660, 2673], [2673, 2674], [2673, 2676], [2679, 2680], [2679, 2698], [2693, 2694], [2693, 2701], [2702, 2703], [2702, 2706], [2707, 2708], [2707, 2711], [2711, 2712], [2711, 2715], [2727, 2728], [2727, 2731], [2736, 2737], [2736, 2740], [2740, 2741], [2740, 2744], [2744, 2745], [2744, 2747], [2747, 2748], [2747, 2751], [2757, 2758], [2757, 2759], [2759, 2760], [2759, 2761], [2761, 2762], [2761, 2765], [2768, 2769], [2768, 2772], [2769, 2770], [2769, 2772], [2772, 2773], [2772, 2776], [2773, 2774], [2773, 2776], [2776, 2777], [2776, 2779], [2828, 2829], [2828, 2830], [2830, 2831], [2830, 2833], [2833, 2834], [2833, 2842], [2859, 2860], [2859, 2866], [2948, 2949], [2948, 2957], [2973, 2974], [2973, 2976]]}, "": {"executed_lines": [1, 5, 6, 7, 8, 9, 10, 11, 12, 13, 14, 15, 16, 18, 19, 20, 21, 22, 23, 24, 25, 26, 27, 28, 29, 30, 31, 32, 33, 40, 41, 42, 48, 50, 53, 56, 57, 62, 63, 95, 501, 502, 506, 507, 525, 526, 543, 990, 999, 1260, 1308, 1328, 1374, 1985, 2060, 2088, 2142, 2215, 2433, 2475, 2511, 2617, 2642, 2790, 2825, 2852, 2892, 2904, 2971], "summary": {"covered_lines": 61, "num_statements": 61, "percent_covered": 100.0, "percent_covered_display": "100.00", "missing_lines": 0, "excluded_lines": 8, "num_branches": 0, "num_partial_branches": 0, "covered_branches": 0, "missing_branches": 0}, "missing_lines": [], "excluded_lines": [501, 502, 506, 507, 525, 526, 527, 528], "executed_branches": [], "missing_branches": []}}}, "libraries/python/neural_hive_specialists/batch_evaluator.py": {"executed_lines": [1, 8, 9, 10, 11, 12, 13, 14, 16, 19, 22, 23, 25, 47, 130, 196, 275, 339], "summary": {"covered_lines": 15, "num_statements": 132, "percent_covered": 8.928571428571429, "percent_covered_display": "8.93", "missing_lines": 117, "excluded_lines": 2, "num_branches": 36, "num_partial_branches": 0, "covered_branches": 0, "missing_branches": 36}, "missing_lines": [36, 37, 38, 40, 62, 63, 65, 66, 68, 75, 77, 78, 79, 82, 83, 84, 87, 88, 91, 94, 96, 98, 109, 110, 111, 116, 117, 119, 121, 122, 128, 142, 144, 146, 148, 149, 150, 151, 153, 154, 157, 158, 161, 166, 167, 168, 170, 171, 172, 178, 187, 188, 192, 194, 208, 209, 212, 213, 214, 215, 216, 217, 219, 220, 223, 224, 226, 227, 229, 230, 231, 234, 235, 242, 245, 247, 248, 249, 250, 252, 253, 254, 257, 259, 260, 262, 263, 266, 267, 268, 269, 273, 294, 296, 298, 305, 306, 308, 309, 310, 311, 312, 313, 314, 315, 316, 330, 331, 334, 335, 337, 356, 357, 358, 359, 360, 362], "excluded_lines": [16, 17], "executed_branches": [], "missing_branches": [[65, 66], [65, 68], [88, 91], [88, 96], [109, 110], [109, 119], [148, 149], [148, 161], [151, 153], [151, 161], [153, 154], [153, 158], [166, 167], [166, 170], [208, 209], [208, 212], [214, 215], [214, 219], [215, 214], [215, 216], [219, 220], [219, 223], [234, 235], [234, 242], [249, 250], [249, 252], [262, 263], [262, 266], [267, 268], [267, 273], [268, 267], [268, 269], [296, 298], [296, 330], [308, 309], [308, 310]], "functions": {"BatchEvaluator.__init__": {"executed_lines": [], "summary": {"covered_lines": 0, "num_statements": 4, "percent_covered": 0.0, "percent_covered_display": "0.00", "missing_lines": 4, "excluded_lines": 0, "num_branches": 0, "num_partial_branches": 0, "covered_branches": 0, "missing_branches": 0}, "missing_lines": [36, 37, 38, 40], "excluded_lines": [], "executed_branches": [], "missing_branches": []}, "BatchEvaluator.evaluate_batch": {"executed_lines": [], "summary": {"covered_lines": 0, "num_statements": 27, "percent_covered": 0.0, "percent_covered_display": "0.00", "missing_lines": 27, "excluded_lines": 0, "num_branches": 6, "num_partial_branches": 0, "covered_branches": 0, "missing_branches": 6}, "missing_lines": [62, 63, 65, 66, 68, 75, 77, 78, 79, 82, 83, 84, 87, 88, 91, 94, 96, 98, 109, 110, 111, 116, 117, 119, 121, 122, 128], "excluded_lines": [], "executed_branches": [], "missing_branches": [[65, 66], [65, 68], [88, 91], [88, 96], [109, 110], [109, 119]]}, "BatchEvaluator._extract_features_batch": {"executed_lines": [], "summary": {"covered_lines": 0, "num_statements": 6, "percent_covered": 0.0, "percent_covered_display": "0.00", "missing_lines": 6, "excluded_lines": 0, "num_branches": 0, "num_partial_branches": 0, "covered_branches": 0, "missing_branches": 0}, "missing_lines": [142, 144, 187, 188, 192, 194], "excluded_lines": [], "executed_branches": [], "missing_branches": []}, "BatchEvaluator._extract_features_batch._extract_single": {"executed_lines": [], "summary": {"covered_lines": 0, "num_statements": 17, "percent_covered": 0.0, "percent_covered_display": "0.00", "missing_lines": 17, "excluded_lines": 0, "num_branches": 8, "num_partial_branches": 0, "covered_branches": 0, "missing_branches": 8}, "missing_lines": [146, 148, 149, 150, 151, 153, 154, 157, 158, 161, 166, 167, 168, 170, 171, 172, 178], "excluded_lines": [], "executed_branches": [], "missing_branches": [[148, 149], [148, 161], [151, 153], [151, 161], [153, 154], [153, 158], [166, 167], [166, 170]]}, "BatchEvaluator._predict_batch": {"executed_lines": [], "summary": {"covered_lines": 0, "num_statements": 31, "percent_covered": 0.0, "percent_covered_display": "0.00", "missing_lines": 31, "excluded_lines": 0, "num_branches": 16, "num_partial_branches": 0, "covered_branches": 0, "missing_branches": 16}, "missing_lines": [208, 209, 212, 213, 214, 215, 216, 217, 219, 220, 223, 224, 226, 227, 229, 230, 231, 234, 235, 242, 245, 247, 259, 260, 262, 263, 266, 267, 268, 269, 273], "excluded_lines": [], "executed_branches": [], "missing_branches": [[208, 209], [208, 212], [214, 215], [214, 219], [215, 214], [215, 216], [219, 220], [219, 223], [234, 235], [234, 242], [262, 263], [262, 266], [267, 268], [267, 273], [268, 267], [268, 269]]}, "BatchEvaluator._predict_batch._run_batch_inference": {"executed_lines": [], "summary": {"covered_lines": 0, "num_statements": 7, "percent_covered": 0.0, "percent_covered_display": "0.00", "missing_lines": 7, "excluded_lines": 0, "num_branches": 2, "num_partial_branches": 0, "covered_branches": 0, "missing_branches": 2}, "missing_lines": [248, 249, 250, 252, 253, 254, 257], "excluded_lines": [], "executed_branches": [], "missing_branches": [[249, 250], [249, 252]]}, "BatchEvaluator._post_process_prediction": {"executed_lines": [], "summary": {"covered_lines": 0, "num_statements": 19, "percent_covered": 0.0, "percent_covered_display": "0.00", "missing_lines": 19, "excluded_lines": 0, "num_branches": 4, "num_partial_branches": 0, "covered_branches": 0, "missing_branches": 4}, "missing_lines": [294, 296, 298, 305, 306, 308, 309, 310, 311, 312, 313, 314, 315, 316, 330, 331, 334, 335, 337], "excluded_lines": [], "executed_branches": [], "missing_branches": [[296, 298], [296, 330], [308, 309], [308, 310]]}, "BatchEvaluator.evaluate_batch_sync": {"executed_lines": [], "summary": {"covered_lines": 0, "num_statements": 6, "percent_covered": 0.0, "percent_covered_display": "0.00", "missing_lines": 6, "excluded_lines": 0, "num_branches": 0, "num_partial_branches": 0, "covered_branches": 0, "missing_branches": 0}, "missing_lines": [356, 357, 358, 359, 360, 362], "excluded_lines": [], "executed_branches": [], "missing_branches": []}, "": {"executed_lines": [1, 8, 9, 10, 11, 12, 13, 14, 16, 19, 22, 23, 25, 47, 130, 196, 275, 339], "summary": {"covered_lines": 15, "num_statements": 15, "percent_covered": 100.0, "percent_covered_display": "100.00", "missing_lines": 0, "excluded_lines": 2, "num_branches": 0, "num_partial_branches": 0, "covered_branches": 0, "missing_branches": 0}, "missing_lines": [], "excluded_lines": [16, 17], "executed_branches": [], "missing_branches": []}}, "classes": {"BatchEvaluator": {"executed_lines": [], "summary": {"covered_lines": 0, "num_statements": 117, "percent_covered": 0.0, "percent_covered_display": "0.00", "missing_lines": 117, "excluded_lines": 0, "num_branches": 36, "num_partial_branches": 0, "covered_branches": 0, "missing_branches": 36}, "missing_lines": [36, 37, 38, 40, 62, 63, 65, 66, 68, 75, 77, 78, 79, 82, 83, 84, 87, 88, 91, 94, 96, 98, 109, 110, 111, 116, 117, 119, 121, 122, 128, 142, 144, 146, 148, 149, 150, 151, 153, 154, 157, 158, 161, 166, 167, 168, 170, 171, 172, 178, 187, 188, 192, 194, 208, 209, 212, 213, 214, 215, 216, 217, 219, 220, 223, 224, 226, 227, 229, 230, 231, 234, 235, 242, 245, 247, 248, 249, 250, 252, 253, 254, 257, 259, 260, 262, 263, 266, 267, 268, 269, 273, 294, 296, 298, 305, 306, 308, 309, 310, 311, 312, 313, 314, 315, 316, 330, 331, 334, 335, 337, 356, 357, 358, 359, 360, 362], "excluded_lines": [], "executed_branches": [], "missing_branches": [[65, 66], [65, 68], [88, 91], [88, 96], [109, 110], [109, 119], [148, 149], [148, 161], [151, 153], [151, 161], [153, 154], [153, 158], [166, 167], [166, 170], [208, 209], [208, 212], [214, 215], [214, 219], [215, 214], [215, 216], [219, 220], [219, 223], [234, 235], [234, 242], [249, 250], [249, 252], [262, 263], [262, 266], [267, 268], [267, 273], [268, 267], [268, 269], [296, 298], [296, 330], [308, 309], [308, 310]]}, "": {"executed_lines": [1, 8, 9, 10, 11, 12, 13, 14, 16, 19, 22, 23, 25, 47, 130, 196, 275, 339], "summary": {"covered_lines": 15, "num_statements": 15, "percent_covered": 100.0, "percent_covered_display": "100.00", "missing_lines": 0, "excluded_lines": 2, "num_branches": 0, "num_partial_branches": 0, "covered_branches": 0, "missing_branches": 0}, "missing_lines": [], "excluded_lines": [16, 17], "executed_branches": [], "missing_branches": []}}}, "libraries/python/neural_hive_specialists/cached_specialist.py": {"executed_lines": [1, 8, 9, 10, 12, 15, 16, 31], "summary": {"covered_lines": 6, "num_statements": 10, "percent_covered": 50.0, "percent_covered_display": "50.00", "missing_lines": 4, "excluded_lines": 0, "num_branches": 2, "num_partial_branches": 0, "covered_branches": 0, "missing_branches": 2}, "missing_lines": [42, 43, 49, 51], "excluded_lines": [], "executed_branches": [], "missing_branches": [[42, 43], [42, 49]], "functions": {"CachedSpecialist.__init__": {"executed_lines": [], "summary": {"covered_lines": 0, "num_statements": 4, "percent_covered": 0.0, "percent_covered_display": "0.00", "missing_lines": 4, "excluded_lines": 0, "num_branches": 2, "num_partial_branches": 0, "covered_branches": 0, "missing_branches": 2}, "missing_lines": [42, 43, 49, 51], "excluded_lines": [], "executed_branches": [], "missing_branches": [[42, 43], [42, 49]]}, "": {"executed_lines": [1, 8, 9, 10, 12, 15, 16, 31], "summary": {"covered_lines": 6, "num_statements": 6, "percent_covered": 100.0, "percent_covered_display": "100.00", "missing_lines": 0, "excluded_lines": 0, "num_branches": 0, "num_partial_branches": 0, "covered_branches": 0, "missing_branches": 0}, "missing_lines": [], "excluded_lines": [], "executed_branches": [], "missing_branches": []}}, "classes": {"CachedSpecialist": {"executed_lines": [], "summary": {"covered_lines": 0, "num_statements": 4, "percent_covered": 0.0, "percent_covered_display": "0.00", "missing_lines": 4, "excluded_lines": 0, "num_branches": 2, "num_partial_branches": 0, "covered_branches": 0, "missing_branches": 2}, "missing_lines": [42, 43, 49, 51], "excluded_lines": [], "executed_branches": [], "missing_branches": [[42, 43], [42, 49]]}, "": {"executed_lines": [1, 8, 9, 10, 12, 15, 16, 31], "summary": {"covered_lines": 6, "num_statements": 6, "percent_covered": 100.0, "percent_covered_display": "100.00", "missing_lines": 0, "excluded_lines": 0, "num_branches": 0, "num_partial_branches": 0, "covered_branches": 0, "missing_branches": 0}, "missing_lines": [], "excluded_lines": [], "executed_branches": [], "missing_branches": []}}}, "libraries/python/neural_hive_specialists/compliance/__init__.py": {"executed_lines": [1, 11, 12, 13, 14, 15, 16, 18], "summary": {"covered_lines": 7, "num_statements": 7, "percent_covered": 100.0, "percent_covered_display": "100.00", "missing_lines": 0, "excluded_lines": 0, "num_branches": 0, "num_partial_branches": 0, "covered_branches": 0, "missing_branches": 0}, "missing_lines": [], "excluded_lines": [], "executed_branches": [], "missing_branches": [], "functions": {"": {"executed_lines": [1, 11, 12, 13, 14, 15, 16, 18], "summary": {"covered_lines": 7, "num_statements": 7, "percent_covered": 100.0, "percent_covered_display": "100.00", "missing_lines": 0, "excluded_lines": 0, "num_branches": 0, "num_partial_branches": 0, "covered_branches": 0, "missing_branches": 0}, "missing_lines": [], "excluded_lines": [], "executed_branches": [], "missing_branches": []}}, "classes": {"": {"executed_lines": [1, 11, 12, 13, 14, 15, 16, 18], "summary": {"covered_lines": 7, "num_statements": 7, "percent_covered": 100.0, "percent_covered_display": "100.00", "missing_lines": 0, "excluded_lines": 0, "num_branches": 0, "num_partial_branches": 0, "covered_branches": 0, "missing_branches": 0}, "missing_lines": [], "excluded_lines": [], "executed_branches": [], "missing_branches": []}}}, "libraries/python/neural_hive_specialists/compliance/audit_logger.py": {"executed_lines": [1, 4, 5, 6, 7, 8, 9, 11, 14, 15, 39, 74, 98, 130, 168, 205, 246, 283, 329, 368, 421, 422], "summary": {"covered_lines": 20, "num_statements": 130, "percent_covered": 11.235955056179776, "percent_covered_display": "11.24", "missing_lines": 110, "excluded_lines": 0, "num_branches": 48, "num_partial_branches": 0, "covered_branches": 0, "missing_branches": 48}, "missing_lines": [47, 48, 49, 50, 51, 53, 54, 55, 57, 59, 61, 67, 68, 72, 76, 77, 78, 81, 82, 85, 88, 91, 92, 96, 110, 111, 114, 116, 123, 148, 149, 151, 157, 158, 160, 184, 185, 187, 193, 194, 196, 198, 216, 217, 220, 221, 222, 230, 237, 239, 262, 263, 265, 271, 272, 274, 276, 296, 297, 299, 300, 302, 303, 304, 306, 307, 309, 310, 311, 312, 313, 314, 316, 317, 319, 323, 325, 326, 327, 342, 343, 345, 346, 351, 353, 362, 364, 365, 366, 386, 387, 389, 390, 401, 402, 404, 406, 413, 415, 429, 431, 433, 434, 435, 437, 439, 444, 445, 447, 455], "excluded_lines": [], "executed_branches": [], "missing_branches": [[53, 54], [53, 57], [110, 111], [110, 114], [148, 149], [148, 151], [157, 158], [157, 160], [184, 185], [184, 187], [193, 194], [193, 196], [216, 217], [216, 220], [221, 222], [221, 230], [262, 263], [262, 265], [271, 272], [271, 274], [296, 297], [296, 299], [302, 303], [302, 319], [303, 304], [303, 306], [306, 307], [306, 309], [309, 310], [309, 316], [311, 312], [311, 313], [313, 314], [313, 316], [316, 317], [316, 319], [342, 343], [342, 345], [386, 387], [386, 389], [401, 402], [401, 404], [433, 434], [433, 455], [437, 433], [437, 439], [439, 444], [439, 447]], "functions": {"AuditLogger.__init__": {"executed_lines": [], "summary": {"covered_lines": 0, "num_statements": 14, "percent_covered": 0.0, "percent_covered_display": "0.00", "missing_lines": 14, "excluded_lines": 0, "num_branches": 2, "num_partial_branches": 0, "covered_branches": 0, "missing_branches": 2}, "missing_lines": [47, 48, 49, 50, 51, 53, 54, 55, 57, 59, 61, 67, 68, 72], "excluded_lines": [], "executed_branches": [], "missing_branches": [[53, 54], [53, 57]]}, "AuditLogger._initialize_mongo": {"executed_lines": [], "summary": {"covered_lines": 0, "num_statements": 10, "percent_covered": 0.0, "percent_covered_display": "0.00", "missing_lines": 10, "excluded_lines": 0, "num_branches": 0, "num_partial_branches": 0, "covered_branches": 0, "missing_branches": 0}, "missing_lines": [76, 77, 78, 81, 82, 85, 88, 91, 92, 96], "excluded_lines": [], "executed_branches": [], "missing_branches": []}, "AuditLogger.log_config_change": {"executed_lines": [], "summary": {"covered_lines": 0, "num_statements": 5, "percent_covered": 0.0, "percent_covered_display": "0.00", "missing_lines": 5, "excluded_lines": 0, "num_branches": 2, "num_partial_branches": 0, "covered_branches": 0, "missing_branches": 2}, "missing_lines": [110, 111, 114, 116, 123], "excluded_lines": [], "executed_branches": [], "missing_branches": [[110, 111], [110, 114]]}, "AuditLogger.log_data_access": {"executed_lines": [], "summary": {"covered_lines": 0, "num_statements": 6, "percent_covered": 0.0, "percent_covered_display": "0.00", "missing_lines": 6, "excluded_lines": 0, "num_branches": 4, "num_partial_branches": 0, "covered_branches": 0, "missing_branches": 4}, "missing_lines": [148, 149, 151, 157, 158, 160], "excluded_lines": [], "executed_branches": [], "missing_branches": [[148, 149], [148, 151], [157, 158], [157, 160]]}, "AuditLogger.log_retention_action": {"executed_lines": [], "summary": {"covered_lines": 0, "num_statements": 7, "percent_covered": 0.0, "percent_covered_display": "0.00", "missing_lines": 7, "excluded_lines": 0, "num_branches": 4, "num_partial_branches": 0, "covered_branches": 0, "missing_branches": 4}, "mi
[...]
hed_getattribute": {"executed_lines": [], "summary": {"covered_lines": 0, "num_statements": 3, "percent_covered": 0.0, "percent_covered_display": "0.00", "missing_lines": 3, "excluded_lines": 0, "num_branches": 2, "num_partial_branches": 0, "covered_branches": 0, "missing_branches": 2}, "missing_lines": [49, 53, 54], "excluded_lines": [], "executed_branches": [], "missing_branches": [[49, 53], [49, 54]]}, "_monkey_patch_sklearn_trees.patched_validate": {"executed_lines": [], "summary": {"covered_lines": 0, "num_statements": 5, "percent_covered": 0.0, "percent_covered_display": "0.00", "missing_lines": 5, "excluded_lines": 0, "num_branches": 6, "num_partial_branches": 0, "covered_branches": 0, "missing_branches": 6}, "missing_lines": [78, 79, 80, 83, 84], "excluded_lines": [], "executed_branches": [], "missing_branches": [[78, 79], [78, 84], [79, 80], [79, 84], [80, 79], [80, 83]]}, "apply_sklearn_compatibility_patch": {"executed_lines": [115], "summary": {"covered_lines": 1, "num_statements": 1, "percent_covered": 100.0, "percent_covered_display": "100.00", "missing_lines": 0, "excluded_lines": 0, "num_branches": 0, "num_partial_branches": 0, "covered_branches": 0, "missing_branches": 0}, "missing_lines": [], "excluded_lines": [], "executed_branches": [], "missing_branches": []}, "patch_model_after_loading": {"executed_lines": [], "summary": {"covered_lines": 0, "num_statements": 27, "percent_covered": 0.0, "percent_covered_display": "0.00", "missing_lines": 27, "excluded_lines": 0, "num_branches": 22, "num_partial_branches": 0, "covered_branches": 0, "missing_branches": 22}, "missing_lines": [131, 133, 134, 135, 136, 137, 139, 140, 142, 145, 146, 147, 150, 151, 154, 155, 156, 159, 160, 163, 166, 167, 169, 170, 176, 177, 183], "excluded_lines": [], "executed_branches": [], "missing_branches": [[134, 135], [134, 136], [136, 137], [136, 139], [139, 140], [139, 142], [145, 146], [145, 163], [146, 147], [146, 169], [147, 150], [147, 154], [154, 146], [154, 155], [155, 146], [155, 156], [156, 155], [156, 159], [163, 166], [163, 169], [169, 170], [169, 183]]}, "": {"executed_lines": [1, 12, 13, 14, 16, 19, 22, 108, 118, 187], "summary": {"covered_lines": 9, "num_statements": 9, "percent_covered": 100.0, "percent_covered_display": "100.00", "missing_lines": 0, "excluded_lines": 0, "num_branches": 0, "num_partial_branches": 0, "covered_branches": 0, "missing_branches": 0}, "missing_lines": [], "excluded_lines": [], "executed_branches": [], "missing_branches": []}}, "classes": {"": {"executed_lines": [1, 12, 13, 14, 16, 19, 22, 31, 34, 35, 41, 44, 47, 56, 59, 66, 67, 69, 98, 100, 101, 108, 115, 118, 187], "summary": {"covered_lines": 24, "num_statements": 67, "percent_covered": 25.24271844660194, "percent_covered_display": "25.24", "missing_lines": 43, "excluded_lines": 0, "num_branches": 36, "num_partial_branches": 2, "covered_branches": 2, "missing_branches": 34}, "missing_lines": [32, 49, 53, 54, 72, 73, 75, 78, 79, 80, 83, 84, 86, 88, 90, 99, 131, 133, 134, 135, 136, 137, 139, 140, 142, 145, 146, 147, 150, 151, 154, 155, 156, 159, 160, 163, 166, 167, 169, 170, 176, 177, 183], "excluded_lines": [], "executed_branches": [[31, 34], [66, 67]], "missing_branches": [[31, 32], [49, 53], [49, 54], [66, 72], [72, 73], [72, 88], [78, 79], [78, 84], [79, 80], [79, 84], [80, 79], [80, 83], [134, 135], [134, 136], [136, 137], [136, 139], [139, 140], [139, 142], [145, 146], [145, 163], [146, 147], [146, 169], [147, 150], [147, 154], [154, 146], [154, 155], [155, 146], [155, 156], [156, 155], [156, 159], [163, 166], [163, 169], [169, 170], [169, 183]]}}}, "libraries/python/neural_hive_specialists/validation/__init__.py": {"executed_lines": [1, 8, 13], "summary": {"covered_lines": 2, "num_statements": 2, "percent_covered": 100.0, "percent_covered_display": "100.00", "missing_lines": 0, "excluded_lines": 0, "num_branches": 0, "num_partial_branches": 0, "covered_branches": 0, "missing_branches": 0}, "missing_lines": [], "excluded_lines": [], "executed_branches": [], "missing_branches": [], "functions": {"": {"executed_lines": [1, 8, 13], "summary": {"covered_lines": 2, "num_statements": 2, "percent_covered": 100.0, "percent_covered_display": "100.00", "missing_lines": 0, "excluded_lines": 0, "num_branches": 0, "num_partial_branches": 0, "covered_branches": 0, "missing_branches": 0}, "missing_lines": [], "excluded_lines": [], "executed_branches": [], "missing_branches": []}}, "classes": {"": {"executed_lines": [1, 8, 13], "summary": {"covered_lines": 2, "num_statements": 2, "percent_covered": 100.0, "percent_covered_display": "100.00", "missing_lines": 0, "excluded_lines": 0, "num_branches": 0, "num_partial_branches": 0, "covered_branches": 0, "missing_branches": 0}, "missing_lines": [], "excluded_lines": [], "executed_branches": [], "missing_branches": []}}}, "libraries/python/neural_hive_specialists/validation/description_validator.py": {"executed_lines": [1, 13, 14, 15, 18, 21, 22, 26, 230, 260, 274, 275, 276, 277, 281, 289, 293, 301, 404, 471, 496, 569, 600, 606, 639, 660, 703, 765, 786, 801, 814, 817], "summary": {"covered_lines": 30, "num_statements": 227, "percent_covered": 9.404388714733543, "percent_covered_display": "9.40", "missing_lines": 197, "excluded_lines": 0, "num_branches": 92, "num_partial_branches": 0, "covered_branches": 0, "missing_branches": 92}, "missing_lines": [291, 295, 296, 297, 324, 327, 328, 329, 330, 333, 336, 337, 338, 339, 340, 343, 346, 347, 348, 349, 350, 351, 354, 355, 357, 366, 376, 393, 402, 424, 425, 426, 427, 429, 430, 431, 433, 434, 435, 436, 438, 439, 448, 449, 450, 458, 461, 463, 473, 474, 475, 477, 478, 479, 482, 483, 484, 485, 486, 487, 488, 489, 491, 492, 494, 498, 499, 501, 502, 505, 552, 554, 555, 557, 559, 560, 561, 562, 564, 565, 567, 571, 572, 574, 575, 577, 578, 580, 581, 582, 584, 586, 587, 588, 589, 590, 591, 592, 594, 595, 596, 598, 602, 603, 604, 610, 611, 613, 614, 615, 617, 618, 619, 621, 622, 623, 624, 625, 626, 630, 631, 635, 637, 641, 642, 644, 645, 646, 648, 649, 650, 652, 653, 655, 656, 658, 671, 673, 674, 678, 679, 683, 684, 685, 686, 690, 691, 692, 693, 697, 698, 699, 701, 714, 715, 716, 717, 718, 721, 724, 727, 728, 731, 732, 733, 734, 737, 738, 741, 742, 743, 746, 747, 750, 751, 753, 755, 763, 767, 780, 781, 782, 784, 788, 789, 792, 793, 794, 795, 797, 798, 799, 803, 810, 820, 821, 822], "excluded_lines": [], "executed_branches": [], "missing_branches": [[296, -293], [296, 297], [346, 347], [346, 349], [349, 350], [349, 354], [433, 434], [433, 458], [438, 439], [438, 448], [449, 433], [449, 450], [477, 478], [477, 482], [482, 483], [482, 485], [485, 486], [485, 487], [487, 488], [487, 491], [501, 502], [501, 505], [554, 555], [554, 557], [559, 560], [559, 561], [561, 562], [561, 564], [574, 575], [574, 577], [580, 581], [580, 584], [581, 580], [581, 582], [586, 587], [586, 588], [588, 589], [588, 590], [590, 591], [590, 594], [610, 611], [610, 613], [614, 615], [614, 617], [621, 622], [621, 635], [622, 623], [622, 624], [624, 625], [624, 630], [641, 642], [641, 644], [645, 646], [645, 648], [652, 653], [652, 655], [673, 674], [673, 678], [678, 679], [678, 683], [683, 684], [683, 690], [685, 686], [685, 690], [690, 691], [690, 697], [692, 693], [692, 697], [697, 698], [697, 701], [731, 732], [731, 737], [733, 734], [733, 737], [737, 738], [737, 741], [742, 743], [742, 746], [746, 747], [746, 750], [780, 781], [780, 784], [781, 780], [781, 782], [788, 789], [788, 792], [793, 794], [793, 797], [797, 798], [797, 799], [820, 821], [820, 822]], "functions": {"DescriptionQualityValidator.__init__": {"executed_lines": [], "summary": {"covered_lines": 0, "num_statements": 1, "percent_covered": 0.0, "percent_covered_display": "0.00", "missing_lines": 1, "excluded_lines": 0, "num_branches": 0, "num_partial_branches": 0, "covered_branches": 0, "missing_branches": 0}, "missing_lines": [291], "excluded_lines": [], "executed_branches": [], "missing_branches": []}, "DescriptionQualityValidator._compile_patterns": {"executed_lines": [], "summary": {"covered_lines": 0, "num_statements": 3, "percent_covered": 0.0, "percent_covered_display": "0.00", "missing_lines": 3, "excluded_lines": 0, "num_branches": 2, "num_partial_branches": 0, "covered_branches": 0, "missing_branches": 2}, "missing_lines": [295, 296, 297], "excluded_lines": [], "executed_branches": [], "missing_branches": [[296, -293], [296, 297]]}, "DescriptionQualityValidator.validate_description": {"executed_lines": [], "summary": {"covered_lines": 0, "num_statements": 25, "percent_covered": 0.0, "percent_covered_display": "0.00", "missing_lines": 25, "excluded_lines": 0, "num_branches": 4, "num_partial_branches": 0, "covered_branches": 0, "missing_branches": 4}, "missing_lines": [324, 327, 328, 329, 330, 333, 336, 337, 338, 339, 340, 343, 346, 347, 348, 349, 350, 351, 354, 355, 357, 366, 376, 393, 402], "excluded_lines": [], "executed_branches": [], "missing_branches": [[346, 347], [346, 349], [349, 350], [349, 354]]}, "DescriptionQualityValidator.validate_plan_descriptions": {"executed_lines": [], "summary": {"covered_lines": 0, "num_statements": 19, "percent_covered": 0.0, "percent_covered_display": "0.00", "missing_lines": 19, "excluded_lines": 0, "num_branches": 6, "num_partial_branches": 0, "covered_branches": 0, "missing_branches": 6}, "missing_lines": [424, 425, 426, 427, 429, 430, 431, 433, 434, 435, 436, 438, 439, 448, 449, 450, 458, 461, 463], "excluded_lines": [], "executed_branches": [], "missing_branches": [[433, 434], [433, 458], [438, 439], [438, 448], [449, 433], [449, 450]]}, "DescriptionQualityValidator._score_length": {"executed_lines": [], "summary": {"covered_lines": 0, "num_statements": 17, "percent_covered": 0.0, "percent_covered_display": "0.00", "missing_lines": 17, "excluded_lines": 0, "num_branches": 8, "num_partial_branches": 0, "covered_branches": 0, "missing_branches": 8}, "missing_lines": [473, 474, 475, 477, 478, 479, 482, 483, 484, 485, 486, 487, 488, 489, 491, 492, 494], "excluded_lines": [], "executed_branches": [], "missing_branches": [[477, 478], [477, 482], [482, 483], [482, 485], [485, 486], [485, 487], [487, 488], [487, 491]]}, "DescriptionQualityValidator._score_lexical_diversity": {"executed_lines": [], "summary": {"covered_lines": 0, "num_statements": 16, "percent_covered": 0.0, "percent_covered_display": "0.00", "missing_lines": 16, "excluded_lines": 0, "num_branches": 8, "num_partial_branches": 0, "covered_branches": 0, "missing_branches": 8}, "missing_lines": [498, 499, 501, 502, 505, 552, 554, 555, 557, 559, 560, 561, 562, 564, 565, 567], "excluded_lines": [], "executed_branches": [], "missing_branches": [[501, 502], [501, 505], [554, 555], [554, 557], [559, 560], [559, 561], [561, 562], [561, 564]]}, "DescriptionQualityValidator._score_domain_keywords": {"executed_lines": [], "summary": {"covered_lines": 0, "num_statements": 21, "percent_covered": 0.0, "percent_covered_display": "0.00", "missing_lines": 21, "excluded_lines": 0, "num_branches": 12, "num_partial_branches": 0, "covered_branches": 0, "missing_branches": 12}, "missing_lines": [571, 572, 574, 575, 577, 578, 580, 581, 582, 584, 586, 587, 588, 589, 590, 591, 592, 594, 595, 596, 598], "excluded_lines": [], "executed_branches": [], "missing_branches": [[574, 575], [574, 577], [580, 581], [580, 584], [581, 580], [581, 582], [586, 587], [586, 588], [588, 589], [588, 590], [590, 591], [590, 594]]}, "DescriptionQualityValidator._count_domain_keywords": {"executed_lines": [], "summary": {"covered_lines": 0, "num_statements": 3, "percent_covered": 0.0, "percent_covered_display": "0.00", "missing_lines": 3, "excluded_lines": 0, "num_branches": 0, "num_partial_branches": 0, "covered_branches": 0, "missing_branches": 0}, "missing_lines": [602, 603, 604], "excluded_lines": [], "executed_branches": [], "missing_branches": []}, "DescriptionQualityValidator._score_security_keywords": {"executed_lines": [], "summary": {"covered_lines": 0, "num_statements": 18, "percent_covered": 0.0, "percent_covered_display": "0.00", "missing_lines": 18, "excluded_lines": 0, "num_branches": 10, "num_partial_branches": 0, "covered_branches": 0, "missing_branches": 10}, "missing_lines": [610, 611, 613, 614, 615, 617, 618, 619, 621, 622, 623, 624, 625, 626, 630, 631, 635, 637], "excluded_lines": [], "executed_branches": [], "missing_branches": [[610, 611], [610, 613], [614, 615], [614, 617], [621, 622], [621, 635], [622, 623], [622, 624], [624, 625], [624, 630]]}, "DescriptionQualityValidator._score_qos_keywords": {"executed_lines": [], "summary": {"covered_lines": 0, "num_statements": 13, "percent_covered": 0.0, "percent_covered_display": "0.00", "missing_lines": 13, "excluded_lines": 0, "num_branches": 6, "num_partial_branches": 0, "covered_branches": 0, "missing_branches": 6}, "missing_lines": [641, 642, 644, 645, 646, 648, 649, 650, 652, 653, 655, 656, 658], "excluded_lines": [], "executed_branches": [], "missing_branches": [[641, 642], [641, 644], [645, 646], [645, 648], [652, 653], [652, 655]]}, "DescriptionQualityValidator._generate_suggestions": {"executed_lines": [], "summary": {"covered_lines": 0, "num_statements": 17, "percent_covered": 0.0, "percent_covered_display": "0.00", "missing_lines": 17, "excluded_lines": 0, "num_branches": 14, "num_partial_branches": 0, "covered_branches": 0, "missing_branches": 14}, "missing_lines": [671, 673, 674, 678, 679, 683, 684, 685, 686, 690, 691, 692, 693, 697, 698, 699, 701], "excluded_lines": [], "executed_branches": [], "missing_branches": [[673, 674], [673, 678], [678, 679], [678, 683], [683, 684], [683, 690], [685, 686], [685, 690], [690, 691], [690, 697], [692, 693], [692, 697], [697, 698], [697, 701]]}, "DescriptionQualityValidator.suggest_improvements": {"executed_lines": [], "summary": {"covered_lines": 0, "num_statements": 25, "percent_covered": 0.0, "percent_covered_display": "0.00", "missing_lines": 25, "excluded_lines": 0, "num_branches": 10, "num_partial_branches": 0, "covered_branches": 0, "missing_branches": 10}, "missing_lines": [714, 715, 716, 717, 718, 721, 724, 727, 728, 731, 732, 733, 734, 737, 738, 741, 742, 743, 746, 747, 750, 751, 753, 755, 763], "excluded_lines": [], "executed_branches": [], "missing_branches": [[731, 732], [731, 737], [733, 734], [733, 737], [737, 738], [737, 741], [742, 743], [742, 746], [746, 747], [746, 750]]}, "DescriptionQualityValidator._get_action_verbs": {"executed_lines": [], "summary": {"covered_lines": 0, "num_statements": 5, "percent_covered": 0.0, "percent_covered_display": "0.00", "missing_lines": 5, "excluded_lines": 0, "num_branches": 4, "num_partial_branches": 0, "covered_branches": 0, "missing_branches": 4}, "missing_lines": [767, 780, 781, 782, 784], "excluded_lines": [], "executed_branches": [], "missing_branches": [[780, 781], [780, 784], [781, 780], [781, 782]]}, "DescriptionQualityValidator._summarize_entities": {"executed_lines": [], "summary": {"covered_lines": 0, "num_statements": 9, "percent_covered": 0.0, "percent_covered_display": "0.00", "missing_lines": 9, "excluded_lines": 0, "num_branches": 6, "num_partial_branches": 0, "covered_branches": 0, "missing_branches": 6}, "missing_lines": [788, 789, 792, 793, 794, 795, 797, 798, 799], "excluded_lines": [], "executed_branches": [], "missing_branches": [[788, 789], [788, 792], [793, 794], [793, 797], [797, 798], [797, 799]]}, "DescriptionQualityValidator._get_domain_hint": {"executed_lines": [], "summary": {"covered_lines": 0, "num_statements": 2, "percent_covered": 0.0, "percent_covered_display": "0.00", "missing_lines": 2, "excluded_lines": 0, "num_branches": 0, "num_partial_branches": 0, "covered_branches": 0, "missing_branches": 0}, "missing_lines": [803, 810], "excluded_lines": [], "executed_branches": [], "missing_branches": []}, "get_validator": {"executed_lines": [], "summary": {"covered_lines": 0, "num_statements": 3, "percent_covered": 0.0, "percent_covered_display": "0.00", "missing_lines": 3, "excluded_lines": 0, "num_branches": 2, "num_partial_branches": 0, "covered_branches": 0, "missing_branches": 2}, "missing_lines": [820, 821, 822], "excluded_lines": [], "executed_branches": [], "missing_branches": [[820, 821], [820, 822]]}, "": {"executed_lines": [1, 13, 14, 15, 18, 21, 22, 26, 230, 260, 274, 275, 276, 277, 281, 289, 293, 301, 404, 471, 496, 569, 600, 606, 639, 660, 703, 765, 786, 801, 814, 817], "summary": {"covered_lines": 30, "num_statements": 30, "percent_covered": 100.0, "percent_covered_display": "100.00", "missing_lines": 0, "excluded_lines": 0, "num_branches": 0, "num_partial_branches": 0, "covered_branches": 0, "missing_branches": 0}, "missing_lines": [], "excluded_lines": [], "executed_branches": [], "missing_branches": []}}, "classes": {"DescriptionQualityValidator": {"executed_lines": [], "summary": {"covered_lines": 0, "num_statements": 194, "percent_covered": 0.0, "percent_covered_display": "0.00", "missing_lines": 194, "excluded_lines": 0, "num_branches": 90, "num_partial_branches": 0, "covered_branches": 0, "missing_branches": 90}, "missing_lines": [291, 295, 296, 297, 324, 327, 328, 329, 330, 333, 336, 337, 338, 339, 340, 343, 346, 347, 348, 349, 350, 351, 354, 355, 357, 366, 376, 393, 402, 424, 425, 426, 427, 429, 430, 431, 433, 434, 435, 436, 438, 439, 448, 449, 450, 458, 461, 463, 473, 474, 475, 477, 478, 479, 482, 483, 484, 485, 486, 487, 488, 489, 491, 492, 494, 498, 499, 501, 502, 505, 552, 554, 555, 557, 559, 560, 561, 562, 564, 565, 567, 571, 572, 574, 575, 577, 578, 580, 581, 582, 584, 586, 587, 588, 589, 590, 591, 592, 594, 595, 596, 598, 602, 603, 604, 610, 611, 613, 614, 615, 617, 618, 619, 621, 622, 623, 624, 625, 626, 630, 631, 635, 637, 641, 642, 644, 645, 646, 648, 649, 650, 652, 653, 655, 656, 658, 671, 673, 674, 678, 679, 683, 684, 685, 686, 690, 691, 692, 693, 697, 698, 699, 701, 714, 715, 716, 717, 718, 721, 724, 727, 728, 731, 732, 733, 734, 737, 738, 741, 742, 743, 746, 747, 750, 751, 753, 755, 763, 767, 780, 781, 782, 784, 788, 789, 792, 793, 794, 795, 797, 798, 799, 803, 810], "excluded_lines": [], "executed_branches": [], "missing_branches": [[296, -293], [296, 297], [346, 347], [346, 349], [349, 350], [349, 354], [433, 434], [433, 458], [438, 439], [438, 448], [449, 433], [449, 450], [477, 478], [477, 482], [482, 483], [482, 485], [485, 486], [485, 487], [487, 488], [487, 491], [501, 502], [501, 505], [554, 555], [554, 557], [559, 560], [559, 561], [561, 562], [561, 564], [574, 575], [574, 577], [580, 581], [580, 584], [581, 580], [581, 582], [586, 587], [586, 588], [588, 589], [588, 590], [590, 591], [590, 594], [610, 611], [610, 613], [614, 615], [614, 617], [621, 622], [621, 635], [622, 623], [622, 624], [624, 625], [624, 630], [641, 642], [641, 644], [645, 646], [645, 648], [652, 653], [652, 655], [673, 674], [673, 678], [678, 679], [678, 683], [683, 684], [683, 690], [685, 686], [685, 690], [690, 691], [690, 697], [692, 693], [692, 697], [697, 698], [697, 701], [731, 732], [731, 737], [733, 734], [733, 737], [737, 738], [737, 741], [742, 743], [742, 746], [746, 747], [746, 750], [780, 781], [780, 784], [781, 780], [781, 782], [788, 789], [788, 792], [793, 794], [793, 797], [797, 798], [797, 799]]}, "": {"executed_lines": [1, 13, 14, 15, 18, 21, 22, 26, 230, 260, 274, 275, 276, 277, 281, 289, 293, 301, 404, 471, 496, 569, 600, 606, 639, 660, 703, 765, 786, 801, 814, 817], "summary": {"covered_lines": 30, "num_statements": 33, "percent_covered": 85.71428571428571, "percent_covered_display": "85.71", "missing_lines": 3, "excluded_lines": 0, "num_branches": 2, "num_partial_branches": 0, "covered_branches": 0, "missing_branches": 2}, "missing_lines": [820, 821, 822], "excluded_lines": [], "executed_branches": [], "missing_branches": [[820, 821], [820, 822]]}}}}, "totals": {"covered_lines": 1653, "num_statements": 14044, "percent_covered": 9.408632604508893, "percent_covered_display": "9.41", "missing_lines": 12391, "excluded_lines": 149, "num_branches": 3610, "num_partial_branches": 2, "covered_branches": 8, "missing_branches": 3602}}