{"meta": {"format": 3, "version": "7.10.7", "timestamp": "2026-03-31T13:53:53.550318", "branch_coverage": false, "show_contexts": false}, "files": {"neural_hive_observability/__init__.py": {"executed_lines": [1, 35, 36, 37, 39, 40, 41, 42, 43, 55, 56, 57, 66, 67, 76, 79, 82, 83, 84, 85, 87, 177, 181, 185, 189, 195, 196, 197, 203], "summary": {"covered_lines": 28, "num_statements": 55, "percent_covered": 50.90909090909091, "percent_covered_display": "51", "missing_lines": 27, "excluded_lines": 0}, "missing_lines": [122, 123, 129, 143, 145, 147, 149, 150, 151, 152, 153, 154, 155, 158, 161, 162, 163, 165, 168, 169, 173, 174, 175, 179, 183, 187, 191], "excluded_lines": [], "functions": {"init_observability": {"executed_lines": [], "summary": {"covered_lines": 0, "num_statements": 23, "percent_covered": 0.0, "percent_covered_display": "0", "missing_lines": 23, "excluded_lines": 0}, "missing_lines": [122, 123, 129, 143, 145, 147, 149, 150, 151, 152, 153, 154, 155, 158, 161, 162, 163, 165, 168, 169, 173, 174, 175], "excluded_lines": []}, "get_config": {"executed_lines": [], "summary": {"covered_lines": 0, "num_statements": 1, "percent_covered": 0.0, "percent_covered_display": "0", "missing_lines": 1, "excluded_lines": 0}, "missing_lines": [179], "excluded_lines": []}, "get_metrics": {"executed_lines": [], "summary": {"covered_lines": 0, "num_statements": 1, "percent_covered": 0.0, "percent_covered_display": "0", "missing_lines": 1, "excluded_lines": 0}, "missing_lines": [183], "excluded_lines": []}, "get_health_checker": {"executed_lines": [], "summary": {"covered_lines": 0, "num_statements": 1, "percent_covered": 0.0, "percent_covered_display": "0", "missing_lines": 1, "excluded_lines": 0}, "missing_lines": [187], "excluded_lines": []}, "get_context_manager": {"executed_lines": [], "summary": {"covered_lines": 0, "num_statements": 1, "percent_covered": 0.0, "percent_covered_display": "0", "missing_lines": 1, "excluded_lines": 0}, "missing_lines": [191], "excluded_lines": []}, "": {"executed_lines": [1, 35, 36, 37, 39, 40, 41, 42, 43, 55, 56, 57, 66, 67, 76, 79, 82, 83, 84, 85, 87, 177, 181, 185, 189, 195, 196, 197, 203], "summary": {"covered_lines": 28, "num_statements": 28, "percent_covered": 100.0, "percent_covered_display": "100", "missing_lines": 0, "excluded_lines": 0}, "missing_lines": [], "excluded_lines": []}}, "classes": {"": {"executed_lines": [1, 35, 36, 37, 39, 40, 41, 42, 43, 55, 56, 57, 66, 67, 76, 79, 82, 83, 84, 85, 87, 177, 181, 185, 189, 195, 196, 197, 203], "summary": {"covered_lines": 28, "num_statements": 55, "percent_covered": 50.90909090909091, "percent_covered_display": "51", "missing_lines": 27, "excluded_lines": 0}, "missing_lines": [122, 123, 129, 143, 145, 147, 149, 150, 151, 152, 153, 154, 155, 158, 161, 162, 163, 165, 168, 169, 173, 174, 175, 179, 183, 187, 191], "excluded_lines": []}}}, "neural_hive_observability/config.py": {"executed_lines": [1, 8, 9, 10, 11, 14, 15, 16, 19, 20, 21, 24, 25, 26, 29, 32, 35, 36, 37, 38, 39, 41, 44, 47, 48, 51, 54, 55, 56, 59, 61, 85, 120, 141, 142, 154, 155], "summary": {"covered_lines": 35, "num_statements": 58, "percent_covered": 60.3448275862069, "percent_covered_display": "60", "missing_lines": 23, "excluded_lines": 0}, "missing_lines": [64, 65, 70, 71, 74, 75, 78, 82, 83, 87, 106, 108, 110, 111, 112, 113, 114, 115, 116, 118, 122, 144, 157], "excluded_lines": [], "functions": {"ObservabilityConfig.__post_init__": {"executed_lines": [], "summary": {"covered_lines": 0, "num_statements": 9, "percent_covered": 0.0, "percent_covered_display": "0", "missing_lines": 9, "excluded_lines": 0}, "missing_lines": [64, 65, 70, 71, 74, 75, 78, 82, 83], "excluded_lines": []}, "ObservabilityConfig._apply_env_overrides": {"executed_lines": [], "summary": {"covered_lines": 0, "num_statements": 11, "percent_covered": 0.0, "percent_covered_display": "0", "missing_lines": 11, "excluded_lines": 0}, "missing_lines": [87, 106, 108, 110, 111, 112, 113, 114, 115, 116, 118], "excluded_lines": []}, "ObservabilityConfig.to_dict": {"executed_lines": [], "summary": {"covered_lines": 0, "num_statements": 1, "percent_covered": 0.0, "percent_covered_display": "0", "missing_lines": 1, "excluded_lines": 0}, "missing_lines": [122], "excluded_lines": []}, "ObservabilityConfig.resource_attributes": {"executed_lines": [], "summary": {"covered_lines": 0, "num_statements": 1, "percent_covered": 0.0, "percent_covered_display": "0", "missing_lines": 1, "excluded_lines": 0}, "missing_lines": [144], "excluded_lines": []}, "ObservabilityConfig.common_labels": {"executed_lines": [], "summary": {"covered_lines": 0, "num_statements": 1, "percent_covered": 0.0, "percent_covered_display": "0", "missing_lines": 1, "excluded_lines": 0}, "missing_lines": [157], "excluded_lines": []}, "": {"executed_lines": [1, 8, 9, 10, 11, 14, 15, 16, 19, 20, 21, 24, 25, 26, 29, 32, 35, 36, 37, 38, 39, 41, 44, 47, 48, 51, 54, 55, 56, 59, 61, 85, 120, 141, 142, 154, 155], "summary": {"covered_lines": 35, "num_statements": 35, "percent_covered": 100.0, "percent_covered_display": "100", "missing_lines": 0, "excluded_lines": 0}, "missing_lines": [], "excluded_lines": []}}, "classes": {"ObservabilityConfig": {"executed_lines": [], "summary": {"covered_lines": 0, "num_statements": 23, "percent_covered": 0.0, "percent_covered_display": "0", "missing_lines": 23, "excluded_lines": 0}, "missing_lines": [64, 65, 70, 71, 74, 75, 78, 82, 83, 87, 106, 108, 110, 111, 112, 113, 114, 115, 116, 118, 122, 144, 157], "excluded_lines": []}, "": {"executed_lines": [1, 8, 9, 10, 11, 14, 15, 16, 19, 20, 21, 24, 25, 26, 29, 32, 35, 36, 37, 38, 39, 41, 44, 47, 48, 51, 54, 55, 56, 59, 61, 85, 120, 141, 142, 154, 155], "summary": {"covered_lines": 35, "num_statements": 35, "percent_covered": 100.0, "percent_covered_display": "100", "missing_lines": 0, "excluded_lines": 0}, "missing_lines": [], "excluded_lines": []}}}, "neural_hive_observability/context.py": {"executed_lines": [1, 8, 9, 10, 11, 13, 14, 15, 16, 18, 20, 23, 72, 73, 75, 103, 104, 159, 184, 227, 265, 293, 318, 345, 350, 355, 360, 365, 371, 372, 374, 399, 421, 426, 433, 492, 514, 561, 566, 578], "summary": {"covered_lines": 37, "num_statements": 234, "percent_covered": 15.811965811965813, "percent_covered_display": "16", "missing_lines": 197, "excluded_lines": 0}, "missing_lines": [35, 38, 39, 40, 41, 42, 43, 44, 46, 47, 48, 49, 50, 51, 52, 53, 56, 57, 58, 59, 60, 61, 62, 64, 65, 66, 67, 69, 86, 87, 89, 90, 95, 96, 98, 125, 126, 127, 128, 129, 130, 131, 132, 133, 134, 135, 138, 139, 140, 143, 144, 146, 148, 149, 150, 151, 153, 156, 157, 166, 169, 170, 171, 172, 173, 174, 177, 178, 179, 180, 182, 195, 198, 201, 202, 203, 204, 205, 206, 207, 208, 209, 210, 211, 215, 216, 217, 218, 220, 221, 222, 223, 225, 237, 239, 240, 243, 245, 253, 254, 255, 257, 259, 261, 262, 263, 276, 277, 278, 281, 284, 287, 288, 289, 291, 303, 305, 306, 307, 308, 310, 312, 314, 315, 316, 337, 347, 348, 352, 353, 357, 358, 362, 363, 367, 368, 392, 393, 394, 395, 396, 397, 402, 405, 406, 407, 408, 409, 410, 413, 414, 415, 418, 419, 423, 424, 428, 443, 444, 446, 449, 472, 473, 474, 477, 478, 479, 480, 481, 482, 483, 484, 485, 486, 487, 489, 503, 504, 506, 507, 508, 509, 510, 511, 529, 532, 533, 536, 537, 540, 541, 542, 551, 552, 553, 554, 556], "excluded_lines": [], "functions": {"extract_context_from_headers": {"executed_lines": [], "summary": {"covered_lines": 0, "num_statements": 28, "percent_covered": 0.0, "percent_covered_display": "0", "missing_lines": 28, "excluded_lines": 0}, "missing_lines": [35, 38, 39, 40, 41, 42, 43, 44, 46, 47, 48, 49, 50, 51, 52, 53, 56, 57, 58, 59, 60, 61, 62, 64, 65, 66, 67, 69], "excluded_lines": []}, "ContextManager.__init__": {"executed_lines": [], "summary": {"covered_lines": 0, "num_statements": 7, "percent_covered": 0.0, "percent_covered_display": "0", "missing_lines": 7, "excluded_lines": 0}, "missing_lines": [86, 87, 89, 90, 95, 96, 98], "excluded_lines": []}, "ContextManager.correlation_context": {"executed_lines": [], "summary": {"covered_lines": 0, "num_statements": 24, "percent_covered": 0.0, "percent_covered_display": "0", "missing_lines": 24, "excluded_lines": 0}, "missing_lines": [125, 126, 127, 128, 129, 130, 131, 132, 133, 134, 135, 138, 139, 140, 143, 144, 146, 148, 149, 150, 151, 153, 156, 157], "excluded_lines": []}, "ContextManager.get_current_correlation": {"executed_lines": [], "summary": {"covered_lines": 0, "num_statements": 12, "percent_covered": 0.0, "percent_covered_display": "0", "missing_lines": 12, "excluded_lines": 0}, "missing_lines": [166, 169, 170, 171, 172, 173, 174, 177, 178, 179, 180, 182], "excluded_lines": []}, "ContextManager.inject_http_headers": {"executed_lines": [], "summary": {"covered_lines": 0, "num_statements": 22, "percent_covered": 0.0, "percent_covered_display": "0", "missing_lines": 22, "excluded_lines": 0}, "missing_lines": [195, 198, 201, 202, 203, 204, 205, 206, 207, 208, 209, 210, 211, 215, 216, 217, 218, 220, 221, 222, 223, 225], "excluded_lines": []}, "ContextManager.extract_http_headers": {"executed_lines": [], "summary": {"covered_lines": 0, "num_statements": 13, "percent_covered": 0.0, "percent_covered_display": "0", "missing_lines": 13, "excluded_lines": 0}, "missing_lines": [237, 239, 240, 243, 245, 253, 254, 255, 257, 259, 261, 262, 263], "excluded_lines": []}, "ContextManager.inject_kafka_headers": {"executed_lines": [], "summary": {"covered_lines": 0, "num_statements": 9, "percent_covered": 0.0, "percent_covered_display": "0", "missing_lines": 9, "excluded_lines": 0}, "missing_lines": [276, 277, 278, 281, 284, 287, 288, 289, 291], "excluded_lines": []}, "ContextManager.extract_kafka_headers": {"executed_lines": [], "summary": {"covered_lines": 0, "num_statements": 10, "percent_covered": 0.0, "percent_covered_display": "0", "missing_lines": 10, "excluded_lines": 0}, "missing_lines": [303, 305, 306, 307, 308, 310, 312, 314, 315, 316], "excluded_lines": []}, "ContextManager.create_child_context": {"executed_lines": [], "summary": {"covered_lines": 0, "num_statements": 1, "percent_covered": 0.0, "percent_covered_display": "0", "missing_lines": 1, "excluded_lines": 0}, "missing_lines": [337], "excluded_lines": []}, "ContextManager.get_intent_id": {"executed_lines": [], "summary": {"covered_lines": 0, "num_statements": 2, "percent_covered": 0.0, "percent_covered_display": "0", "missing_lines": 2, "excluded_lines": 0}, "missing_lines": [347, 348], "excluded_lines": []}, "ContextManager.get_plan_id": {"executed_lines": [], "summary": {"covered_lines": 0, "num_statements": 2, "percent_covered": 0.0, "percent_covered_display": "0", "missing_lines": 2, "excluded_lines": 0}, "missing_lines": [352, 353], "excluded_lines": []}, "ContextManager.get_user_id": {"executed_lines": [], "summary": {"covered_lines": 0, "num_statements": 2, "percent_covered": 0.0, "percent_covered_display": "0", "missing_lines": 2, "excluded_lines": 0}, "missing_lines": [357, 358], "excluded_lines": []}, "ContextManager.get_domain": {"executed_lines": [], "summary": {"covered_lines": 0, "num_statements": 2, "percent_covered": 0.0, "percent_covered_display": "0", "missing_lines": 2, "excluded_lines": 0}, "missing_lines": [362, 363], "excluded_lines": []}, "ContextManager.get_channel": {"executed_lines": [], "summary": {"covered_lines": 0, "num_statements": 2, "percent_covered": 0.0, "percent_covered_display": "0", "missing_lines": 2, "excluded_lines": 0}, "missing_lines": [367, 368], "excluded_lines": []}, "ChildContext.__init__": {"executed_lines": [], "summary": {"covered_lines": 0, "num_statements": 6, "percent_covered": 0.0, "percent_covered_display": "0", "missing_lines": 6, "excluded_lines": 0}, "missing_lines": [392, 393, 394, 395, 396, 397], "excluded_lines": []}, "ChildContext.__enter__": {"executed_lines": [], "summary": {"covered_lines": 0, "num_statements": 12, "percent_covered": 0.0, "percent_covered_display": "0", "missing_lines": 12, "excluded_lines": 0}, "missing_lines": [402, 405, 406, 407, 408, 409, 410, 413, 414, 415, 418, 419], "excluded_lines": []}, "ChildContext.__exit__": {"executed_lines": [], "summary": {"covered_lines": 0, "num_statements": 2, "percent_covered": 0.0, "percent_covered_display": "0", "missing_lines": 2, "excluded_lines": 0}, "missing_lines": [423, 424], "excluded_lines": []}, "ChildContext.get_correlation": {"executed_lines": [], "summary": {"covered_lines": 0, "num_statements": 1, "percent_covered": 0.0, "percent_covered_display": "0", "missing_lines": 1, "excluded_lines": 0}, "missing_lines": [428], "excluded_lines": []}, "extract_context_from_metadata": {"executed_lines": [], "summary": {"covered_lines": 0, "num_statements": 19, "percent_covered": 0.0, "percent_covered_display": "0", "missing_lines": 19, "excluded_lines": 0}, "missing_lines": [443, 444, 446, 449, 472, 473, 474, 477, 478, 479, 480, 481, 482, 483, 484, 485, 486, 487, 489], "excluded_lines": []}, "set_baggage_value": {"executed_lines": [], "summary": {"covered_lines": 0, "num_statements": 8, "percent_covered": 0.0, "percent_covered_display": "0", "missing_lines": 8, "excluded_lines": 0}, "missing_lines": [503, 504, 506, 507, 508, 509, 510, 511], "excluded_lines": []}, "inject_context_to_metadata": {"executed_lines": [], "summary": {"covered_lines": 0, "num_statements": 13, "percent_covered": 0.0, "percent_covered_display": "0", "missing_lines": 13, "excluded_lines": 0}, "missing_lines": [529, 532, 533, 536, 537, 540, 541, 542, 551, 552, 553, 554, 556], "excluded_lines": []}, "": {"executed_lines": [1, 8, 9, 10, 11, 13, 14, 15, 16, 18, 20, 23, 72, 73, 75, 103, 104, 159, 184, 227, 265, 293, 318, 345, 350, 355, 360, 365, 371, 372, 374, 399, 421, 426, 433, 492, 514, 561, 566, 578], "summary": {"covered_lines": 37, "num_statements": 37, "percent_covered": 100.0, "percent_covered_display": "100", "missing_lines": 0, "excluded_lines": 0}, "missing_lines": [], "excluded_lines": []}}, "classes": {"ContextManager": {"executed_lines": [], "summary": {"covered_lines": 0, "num_statements": 108, "percent_covered": 0.0, "percent_covered_display": "0", "missing_lines": 108, "excluded_lines": 0}, "missing_lines": [86, 87, 89, 90, 95, 96, 98, 125, 126, 127, 128, 129, 130, 131, 132, 133, 134, 135, 138, 139, 140, 143, 144, 146, 148, 149, 150, 151, 153, 156, 157, 166, 169, 170, 171, 172, 173, 174, 177, 178, 179, 180, 182, 195, 198, 201, 202, 203, 204, 205, 206, 207, 208, 209, 210, 211, 215, 216, 217, 218, 220, 221, 222, 223, 225, 237, 239, 240, 243, 245, 253, 254, 255, 257, 259, 261, 262, 263, 276, 277, 278, 281, 284, 287, 288, 289, 291, 303, 305, 306, 307, 308, 310, 312, 314, 315, 316, 337, 347, 348, 352, 353, 357, 358, 362, 363, 367, 368], "excluded_lines": []}, "ChildContext": {"executed_lines": [], "summary": {"covered_lines": 0, "num_statements": 21, "percent_covered": 0.0, "percent_covered_display": "0", "missing_lines": 21, "excluded_lines": 0}, "missing_lines": [392, 393, 394, 395, 396, 397, 402, 405, 406, 407, 408, 409, 410, 413, 414, 415, 418, 419, 423, 424, 428], "excluded_lines": []}, "": {"executed_lines": [1, 8, 9, 10, 11, 13, 14, 15, 16, 18, 20, 23, 72, 73, 75, 103, 104, 159, 184, 227, 265, 293, 318, 345, 350, 355, 360, 365, 371, 372, 374, 399, 421, 426, 433, 492, 514, 561, 566, 578], "summary": {"covered_lines": 37, "num_statements": 105, "percent_covered": 35.23809523809524, "percent_covered_display": "35", "missing_lines": 68, "excluded_lines": 0}, "missing_lines": [35, 38, 39, 40, 41, 42, 43, 44, 46, 47, 48, 49, 50, 51, 52, 53, 56, 57, 58, 59, 60, 61, 62, 64, 65, 66, 67, 69, 443, 444, 446, 449, 472, 473, 474, 477, 478, 479, 480, 481, 482, 483, 484, 485, 486, 487, 489, 503, 504, 506, 507, 508, 509, 510, 511, 529, 532, 533, 536, 537, 540, 541, 542, 551, 552, 553, 554, 556], "excluded_lines": []}}}, "neural_hive_observability/exporters.py": {"executed_lines": [1, 8, 9, 10, 11, 13, 15, 16, 17, 19, 22, 26, 29, 46, 79, 107, 108, 121, 217, 296, 397, 409, 428, 440, 452, 463, 464, 468, 469], "summary": {"covered_lines": 26, "num_statements": 201, "percent_covered": 12.935323383084578, "percent_covered_display": "13", "missing_lines": 175, "excluded_lines": 2}, "missing_lines": [36, 37, 38, 39, 40, 41, 42, 43, 57, 58, 60, 61, 65, 67, 68, 69, 72, 73, 74, 76, 89, 90, 92, 93, 94, 95, 97, 98, 102, 104, 151, 152, 153, 154, 155, 156, 159, 162, 163, 167, 168, 170, 171, 174, 175, 181, 182, 183, 190, 197, 198, 199, 200, 202, 204, 206, 208, 209, 213, 214, 215, 239, 240, 241, 242, 245, 246, 247, 248, 249, 251, 252, 253, 256, 257, 258, 259, 260, 261, 262, 267, 268, 269, 270, 275, 276, 284, 290, 292, 293, 294, 306, 307, 308, 310, 311, 313, 314, 317, 318, 320, 321, 323, 324, 327, 330, 331, 333, 334, 338, 340, 342, 343, 345, 348, 349, 352, 353, 354, 355, 356, 358, 359, 360, 362, 363, 367, 368, 370, 379, 381, 382, 383, 385, 386, 388, 395, 399, 400, 401, 402, 406, 407, 419, 420, 422, 423, 424, 425, 426, 430, 431, 432, 434, 435, 436, 437, 438, 442, 443, 444, 446, 447, 448, 449, 450, 454, 455, 456, 458, 459, 460, 461, 466, 471], "excluded_lines": [19, 20], "functions": {"_get_neural_hive_metrics": {"executed_lines": [], "summary": {"covered_lines": 0, "num_statements": 8, "percent_covered": 0.0, "percent_covered_display": "0", "missing_lines": 8, "excluded_lines": 0}, "missing_lines": [36, 37, 38, 39, 40, 41, 42, 43], "excluded_lines": []}, "_sanitize_header_value": {"executed_lines": [], "summary": {"covered_lines": 0, "num_statements": 12, "percent_covered": 0.0, "percent_covered_display": "0", "missing_lines": 12, "excluded_lines": 0}, "missing_lines": [57, 58, 60, 61, 65, 67, 68, 69, 72, 73, 74, 76], "excluded_lines": []}, "create_sanitized_headers": {"executed_lines": [], "summary": {"covered_lines": 0, "num_statements": 10, "percent_covered": 0.0, "percent_covered_display": "0", "missing_lines": 10, "excluded_lines": 0}, "missing_lines": [89, 90, 92, 93, 94, 95, 97, 98, 102, 104], "excluded_lines": []}, "ResilientOTLPSpanExporter.__init__": {"executed_lines": [], "summary": {"covered_lines": 0, "num_statements": 31, "percent_covered": 0.0, "percent_covered_display": "0", "missing_lines": 31, "excluded_lines": 0}, "missing_lines": [151, 152, 153, 154, 155, 156, 159, 162, 163, 167, 168, 170, 171, 174, 175, 181, 182, 183, 190, 197, 198, 199, 200, 202, 204, 206, 208, 209, 213, 214, 215], "excluded_lines": []}, "ResilientOTLPSpanExporter._create_tls_credentials": {"executed_lines": [], "summary": {"covered_lines": 0, "num_statements": 30, "percent_covered": 0.0, "percent_covered_display": "0", "missing_lines": 30, "excluded_lines": 0}, "missing_lines": [239, 240, 241, 242, 245, 246, 247, 248, 249, 251, 252, 253, 256, 257, 258, 259, 260, 261, 262, 267, 268, 269, 270, 275, 276, 284, 290, 292, 293, 294], "excluded_lines": []}, "ResilientOTLPSpanExporter.export": {"executed_lines": [], "summary": {"covered_lines": 0, "num_statements": 46, "percent_covered": 0.0, "percent_covered_display": "0", "missing_lines": 46, "excluded_lines": 0}, "missing_lines": [306, 307, 308, 310, 311, 313, 314, 317, 318, 320, 321, 323, 324, 327, 330, 331, 333, 334, 338, 340, 342, 343, 345, 348, 349, 352, 353, 354, 355, 356, 358, 359, 360, 362, 363, 367, 368, 370, 379, 381, 382, 383, 385, 386, 388, 395], "excluded_lines": []}, "ResilientOTLPSpanExporter.shutdown": {"executed_lines": [], "summary": {"covered_lines": 0, "num_statements": 6, "percent_covered": 0.0, "percent_covered_display": "0", "missing_lines": 6, "excluded_lines": 0}, "missing_lines": [399, 400, 401, 402, 406, 407], "excluded_lines": []}, "ResilientOTLPSpanExporter.force_flush": {"executed_lines": [], "summary": {"covered_lines": 0, "num_statements": 7, "percent_covered": 0.0, "percent_covered_display": "0", "missing_lines": 7, "excluded_lines": 0}, "missing_lines": [419, 420, 422, 423, 424, 425, 426], "excluded_lines": []}, "ResilientOTLPSpanExporter._record_success_metrics": {"executed_lines": [], "summary": {"covered_lines": 0, "num_statements": 8, "percent_covered": 0.0, "percent_covered_display": "0", "missing_lines": 8, "excluded_lines": 0}, "missing_lines": [430, 431, 432, 434, 435, 436, 437, 438], "excluded_lines": []}, "ResilientOTLPSpanExporter._record_failure_metrics": {"executed_lines": [], "summary": {"covered_lines": 0, "num_statements": 8, "percent_covered": 0.0, "percent_covered_display": "0", "missing_lines": 8, "excluded_lines": 0}, "missing_lines": [442, 443, 444, 446, 447, 448, 449, 450], "excluded_lines": []}, "ResilientOTLPSpanExporter._update_queue_size_gauge": {"executed_lines": [], "summary": {"covered_lines": 0, "num_statements": 7, "percent_covered": 0.0, "percent_covered_display": "0", "missing_lines": 7, "excluded_lines": 0}, "missing_lines": [454, 455, 456, 458, 459, 460, 461], "excluded_lines": []}, "ResilientOTLPSpanExporter.failure_count": {"executed_lines": [], "summary": {"covered_lines": 0, "num_statements": 1, "percent_covered": 0.0, "percent_covered_display": "0", "missing_lines": 1, "excluded_lines": 0}, "missing_lines": [466], "excluded_lines": []}, "ResilientOTLPSpanExporter.success_count": {"executed_lines": [], "summary": {"covered_lines": 0, "num_statements": 1, "percent_covered": 0.0, "percent_covered_display": "0", "missing_lines": 1, "excluded_lines": 0}, "missing_lines": [471], "excluded_lines": []}, "": {"executed_lines": [1, 8, 9, 10, 11, 13, 15, 16, 17, 19, 22, 26, 29, 46, 79, 107, 108, 121, 217, 296, 397, 409, 428, 440, 452, 463, 464, 468, 469], "summary": {"covered_lines": 26, "num_statements": 26, "percent_covered": 100.0, "percent_covered_display": "100", "missing_lines": 0, "excluded_lines": 2}, "missing_lines": [], "excluded_lines": [19, 20]}}, "classes": {"ResilientOTLPSpanExporter": {"executed_lines": [], "summary": {"covered_lines": 0, "num_statements": 145, "percent_covered": 0.0, "percent_covered_display": "0", "missing_lines": 145, "excluded_lines": 0}, "missing_lines": [151, 152, 153, 154, 155, 156, 159, 162, 163, 167, 168, 170, 171, 174, 175, 181, 182, 183, 190, 197, 198, 199, 200, 202, 204, 206, 208, 209, 213, 214, 215, 239, 240, 241, 242, 245, 246, 247, 248, 249, 251, 252, 253, 256, 257, 258, 259, 260, 261, 262, 267, 268, 269, 270, 275, 276, 284, 290, 292, 293, 294, 306, 307, 308, 310, 311, 313, 314, 317, 318, 320, 321, 323, 324, 327, 330, 331, 333, 334, 338, 340, 342, 343, 345, 348, 349, 352, 353, 354, 355, 356, 358, 359, 360, 362, 363, 367, 368, 370, 379, 381, 382, 383, 385, 386, 388, 395, 399, 400, 401, 402, 406, 407, 419, 420, 422, 423, 424, 425, 426, 430, 431, 432, 434, 435, 436, 437, 438, 442, 443, 444, 446, 447, 448, 449, 450, 454, 455, 456, 458, 459, 460, 461, 466, 471], "excluded_lines": []}, "": {"executed_lines": [1, 8, 9, 10, 11, 13, 15, 16, 17, 19, 22, 26, 29, 46, 79, 107, 108, 121, 217, 296, 397, 409, 428, 440, 452, 463, 464, 468, 469], "summary": {"covered_lines": 26, "num_statements": 56, "percent_covered": 46.42857142857143, "percent_covered_display": "46", "missing_lines": 30, "excluded_lines": 2}, "missing_lines": [36, 37, 38, 39, 40, 41, 42, 43, 57, 58, 60, 61, 65, 67, 68, 69, 72, 73, 74, 76, 89, 90, 92, 93, 94, 95, 97, 98, 102, 104], "excluded_lines": [19, 20]}}}, "neural_hive_observability/grpc_instrumentation.py": {"executed_lines": [1, 8, 9, 10, 12, 13, 14, 15, 16, 17, 18, 20, 22, 25, 26, 28, 31, 68, 88, 108, 128, 148, 156, 166, 173, 177, 183, 201, 202, 211, 228, 263, 294, 322, 374], "summary": {"covered_lines": 33, "num_statements": 174, "percent_covered": 18.96551724137931, "percent_covered_display": "19", "missing_lines": 141, "excluded_lines": 20}, "missing_lines": [29, 32, 33, 34, 36, 37, 39, 41, 42, 47, 48, 53, 54, 59, 60, 66, 69, 70, 71, 72, 74, 75, 76, 77, 84, 86, 89, 90, 91, 92, 94, 95, 96, 97, 104, 106, 109, 110, 111, 112, 114, 115, 116, 117, 124, 126, 129, 130, 131, 132, 134, 135, 136, 137, 144, 146, 149, 150, 151, 152, 153, 154, 157, 158, 160, 161, 162, 164, 167, 168, 169, 170, 171, 174, 175, 178, 179, 180, 181, 184, 185, 187, 189, 190, 191, 192, 193, 195, 196, 198, 199, 203, 221, 222, 224, 225, 244, 245, 247, 254, 260, 277, 284, 286, 291, 314, 319, 335, 338, 339, 340, 342, 343, 344, 345, 346, 348, 351, 352, 353, 354, 355, 356, 358, 359, 366, 367, 368, 369, 371, 384, 387, 390, 397, 398, 399, 400, 401, 402, 403, 405], "excluded_lines": [78, 79, 80, 81, 82, 98, 99, 100, 101, 102, 118, 119, 120, 121, 122, 138, 139, 140, 141, 142], "functions": {"NeuralHiveGrpcServerInterceptor.__init__": {"executed_lines": [], "summary": {"covered_lines": 0, "num_statements": 1, "percent_covered": 0.0, "percent_covered_display": "0", "missing_lines": 1, "excluded_lines": 0}, "missing_lines": [29], "excluded_lines": []}, "NeuralHiveGrpcServerInterceptor.intercept_service": {"executed_lines": [], "summary": {"covered_lines": 0, "num_statements": 15, "percent_covered": 0.0, "percent_covered_display": "0", "missing_lines": 15, "excluded_lines": 0}, "missing_lines": [32, 33, 34, 36, 37, 39, 41, 42, 47, 48, 53, 54, 59, 60, 66], "excluded_lines": []}, "NeuralHiveGrpcServerInterceptor._wrap_unary_unary": {"executed_lines": [], "summary": {"covered_lines": 0, "num_statements": 2, "percent_covered": 0.0, "percent_covered_display": "0", "missing_lines": 2, "excluded_lines": 0}, "missing_lines": [69, 86], "excluded_lines": []}, "NeuralHiveGrpcServerInterceptor._wrap_unary_unary.wrapper": {"executed_lines": [], "summary": {"covered_lines": 0, "num_statements": 8, "percent_covered": 0.0, "percent_covered_display": "0", "missing_lines": 8, "excluded_lines": 5}, "missing_lines": [70, 71, 72, 74, 75, 76, 77, 84], "excluded_lines": [78, 79, 80, 81, 82]}, "NeuralHiveGrpcServerInterceptor._wrap_unary_stream": {"executed_lines": [], "summary": {"covered_lines": 0, "num_statements": 2, "percent_covered": 0.0, "percent_covered_display": "0", "missing_lines": 2, "excluded_lines": 0}, "missing_lines": [89, 106], "excluded_lines": []}, "NeuralHiveGrpcServerInterceptor._wrap_unary_stream.wrapper": {"executed_lines": [], "summary": {"covered_lines": 0, "num_statements": 8, "percent_covered": 0.0, "percent_covered_display": "0", "missing_lines": 8, "excluded_lines": 5}, "missing_lines": [90, 91, 92, 94, 95, 96, 97, 104], "excluded_lines": [98, 99, 100, 101, 102]}, "NeuralHiveGrpcServerInterceptor._wrap_stream_unary": {"executed_lines": [], "summary": {"covered_lines": 0, "num_statements": 2, "percent_covered": 0.0, "percent_covered_display": "0", "missing_lines": 2, "excluded_lines": 0}, "missing_lines": [109, 126], "excluded_lines": []}, "NeuralHiveGrpcServerInterceptor._wrap_stream_unary.wrapper": {"executed_lines": [], "summary": {"covered_lines": 0, "num_statements": 8, "percent_covered": 0.0, "percent_covered_display": "0", "missing_lines": 8, "excluded_lines": 5}, "missing_lines": [110, 111, 112, 114, 115, 116, 117, 124], "excluded_lines": [118, 119, 120, 121, 122]}, "NeuralHiveGrpcServerInterceptor._wrap_stream_stream": {"executed_lines": [], "summary": {"covered_lines": 0, "num_statements": 2, "percent_covered": 0.0, "percent_covered_display": "0", "missing_lines": 2, "excluded_lines": 0}, "missing_lines": [129, 146], "excluded_lines": []}, "NeuralHiveGrpcServerInterceptor._wrap_stream_stream.wrapper": {"executed_lines": [], "summary": {"covered_lines": 0, "num_statements": 8, "percent_covered": 0.0, "percent_covered_display": "0", "missing_lines": 8, "excluded_lines": 5}, "missing_lines": [130, 131, 132, 134, 135, 136, 137, 144], "excluded_lines": [138, 139, 140, 141, 142]}, "NeuralHiveGrpcServerInterceptor._metadata_to_dict": {"executed_lines": [], "summary": {"covered_lines": 0, "num_statements": 6, "percent_covered": 0.0, "percent_covered_display": "0", "missing_lines": 6, "excluded_lines": 0}, "missing_lines": [149, 150, 151, 152, 153, 154], "excluded_lines": []}, "NeuralHiveGrpcServerInterceptor._build_context_from_metadata": {"executed_lines": [], "summary": {"covered_lines": 0, "num_statements": 6, "percent_covered": 0.0, "percent_covered_display": "0", "missing_lines": 6, "excluded_lines": 0}, "missing_lines": [157, 158, 160, 161, 162, 164], "excluded_lines": []}, "NeuralHiveGrpcServerInterceptor._extract_baggage_values": {"executed_lines": [], "summary": {"covered_lines": 0, "num_statements": 5, "percent_covered": 0.0, "percent_covered_display": "0", "missing_lines": 5, "excluded_lines": 0}, "missing_lines": [167, 168, 169, 170, 171], "excluded_lines": []}, "NeuralHiveGrpcServerInterceptor._apply_baggage": {"executed_lines": [], "summary": {"covered_lines": 0, "num_statements": 2, "percent_covered": 0.0, "percent_covered_display": "0", "missing_lines": 2, "excluded_lines": 0}, "missing_lines": [174, 175], "excluded_lines": []}, "NeuralHiveGrpcServerInterceptor._parse_method": {"executed_lines": [], "summary": {"covered_lines": 0, "num_statements": 4, "percent_covered": 0.0, "percent_covered_display": "0", "missing_lines": 4, "excluded_lines": 0}, "missing_lines": [178, 179, 180, 181], "excluded_lines": []}, "NeuralHiveGrpcServerInterceptor._enrich_span": {"executed_lines": [], "summary": {"covered_lines": 0, "num_statements": 12, "percent_covered": 0.0, "percent_covered_display": "0", "missing_lines": 12, "excluded_lines": 0}, "missing_lines": [184, 185, 187, 189, 190, 191, 192, 193, 195, 196, 198, 199], "excluded_lines": []}, "NeuralHiveGrpcServerInterceptor._header_mapping": {"executed_lines": [], "summary": {"covered_lines": 0, "num_statements": 1, "percent_covered": 0.0, "percent_covered_display": "0", "missing_lines": 1, "excluded_lines": 0}, "missing_lines": [203], "excluded_lines": []}, "init_grpc_instrumentation": {"executed_lines": [], "summary": {"covered_lines": 0, "num_statements": 4, "percent_covered": 0.0, "percent_covered_display": "0", "missing_lines": 4, "excluded_lines": 0}, "missing_lines": [221, 222, 224, 225], "excluded_lines": []}, "create_instrumented_grpc_server": {"executed_lines": [], "summary": {"covered_lines": 0, "num_statements": 5, "percent_covered": 0.0, "percent_covered_display": "0", "missing_lines": 5, "excluded_lines": 0}, "missing_lines": [244, 245, 247, 254, 260], "excluded_lines": []}, "create_instrumented_async_grpc_server": {"executed_lines": [], "summary": {"covered_lines": 0, "num_statements": 4, "percent_covered": 0.0, "percent_covered_display": "0", "missing_lines": 4, "excluded_lines": 0}, "missing_lines": [277, 284, 286, 291], "excluded_lines": []}, "instrument_grpc_channel": {"executed_lines": [], "summary": {"covered_lines": 0, "num_statements": 2, "percent_covered": 0.0, "percent_covered_display": "0", "missing_lines": 2, "excluded_lines": 0}, "missing_lines": [314, 319], "excluded_lines": []}, "extract_grpc_context": {"executed_lines": [], "summary": {"covered_lines": 0, "num_statements": 23, "percent_covered": 0.0, "percent_covered_display": "0", "missing_lines": 23, "excluded_lines": 0}, "missing_lines": [335, 338, 339, 340, 342, 343, 344, 345, 346, 348, 351, 352, 353, 354, 355, 356, 358, 359, 366, 367, 368, 369, 371], "excluded_lines": []}, "inject_grpc_context": {"executed_lines": [], "summary": {"covered_lines": 0, "num_statements": 11, "percent_covered": 0.0, "percent_covered_display": "0", "missing_lines": 11, "excluded_lines": 0}, "missing_lines": [384, 387, 390, 397, 398, 399, 400, 401, 402, 403, 405], "excluded_lines": []}, "": {"executed_lines": [1, 8, 9, 10, 12, 13, 14, 15, 16, 17, 18, 20, 22, 25, 26, 28, 31, 68, 88, 108, 128, 148, 156, 166, 173, 177, 183, 201, 202, 211, 228, 263, 294, 322, 374], "summary": {"covered_lines": 33, "num_statements": 33, "percent_covered": 100.0, "percent_covered_display": "100", "missing_lines": 0, "excluded_lines": 0}, "missing_lines": [], "excluded_lines": []}}, "classes": {"NeuralHiveGrpcServerInterceptor": {"executed_lines": [], "summary": {"covered_lines": 0, "num_statements": 92, "percent_covered": 0.0, "percent_covered_display": "0", "missing_lines": 92, "excluded_lines": 20}, "missing_lines": [29, 32, 33, 34, 36, 37, 39, 41, 42, 47, 48, 53, 54, 59, 60, 66, 69, 70, 71, 72, 74, 75, 76, 77, 84, 86, 89, 90, 91, 92, 94, 95, 96, 97, 104, 106, 109, 110, 111, 112, 114, 115, 116, 117, 124, 126, 129, 130, 131, 132, 134, 135, 136, 137, 144, 146, 149, 150, 151, 152, 153, 154, 157, 158, 160, 161, 162, 164, 167, 168, 169, 170, 171, 174, 175, 178, 179, 180, 181, 184, 185, 187, 189, 190, 191, 192, 193, 195, 196, 198, 199, 203], "excluded_lines": [78, 79, 80, 81, 82, 98, 99, 100, 101, 102, 118, 119, 120, 121, 122, 138, 139, 140, 141, 142]}, "": {"executed_lines": [1, 8, 9, 10, 12, 13, 14, 15, 16, 17, 18, 20, 22, 25, 26, 28, 31, 68, 88, 108, 128, 148, 156, 166, 173, 177, 183, 201, 202, 211, 228, 263, 294, 322, 374], "summary": {"covered_lines": 33, "num_statements": 82, "percent_covered": 40.24390243902439, "percent_covered_display": "40", "missing_lines": 49, "excluded_lines": 0}, "missing_lines": [221, 222, 224, 225, 244, 245, 247, 254, 260, 277, 284, 286, 291, 314, 319, 335, 338, 339, 340, 342, 343, 344, 345, 346, 348, 351, 352, 353, 354, 355, 356, 358, 359, 366, 367, 368, 369, 371, 384, 387, 390, 397, 398, 399, 400, 401, 402, 403, 405], "excluded_lines": []}}}, "neural_hive_observability/health.py": {"executed_lines": [1, 8, 9, 10, 11, 12, 13, 14, 15, 17, 19, 22, 23, 24, 25, 26, 27, 30, 31, 32, 33, 34, 35, 36, 37, 38, 41, 42, 44, 55, 56, 65, 83, 84, 86, 97, 141, 142, 144, 155, 199, 200, 202, 213, 266, 267, 269, 281, 292, 299, 332, 363, 368, 395, 405, 436, 437, 439, 450, 489, 490, 492, 512, 546], "summary": {"covered_lines": 54, "num_statements": 188, "percent_covered": 28.72340425531915, "percent_covered_display": "29", "missing_lines": 134, "excluded_lines": 0}, "missing_lines": [52, 53, 63, 73, 94, 95, 99, 101, 102, 103, 109, 115, 121, 127, 128, 133, 134, 152, 153, 157, 159, 160, 161, 167, 173, 179, 185, 186, 191, 192, 210, 211, 215, 217, 218, 219, 220, 221, 223, 230, 231, 237, 238, 245, 252, 253, 258, 259, 276, 277, 278, 279, 288, 289, 290, 295, 297, 306, 308, 309, 310, 311, 314, 315, 318, 320, 321, 322, 328, 330, 342, 343, 344, 346, 347, 348, 349, 351, 352, 354, 355, 356, 365, 366, 375, 376, 377, 379, 382, 383, 386, 387, 390, 391, 393, 397, 398, 399, 400, 401, 402, 403, 412, 413, 414, 415, 423, 447, 448, 452, 454, 455, 456, 463, 464, 466, 468, 469, 475, 481, 482, 508, 509, 510, 514, 516, 518, 519, 521, 523, 524, 530, 536, 537], "excluded_lines": [], "functions": {"HealthCheck.__init__": {"executed_lines": [], "summary": {"covered_lines": 0, "num_statements": 2, "percent_covered": 0.0, "percent_covered_display": "0", "missing_lines": 2, "excluded_lines": 0}, "missing_lines": [52, 53], "excluded_lines": []}, "HealthCheck.check": {"executed_lines": [], "summary": {"covered_lines": 0, "num_statements": 1, "percent_covered": 0.0, "percent_covered_display": "0", "missing_lines": 1, "excluded_lines": 0}, "missing_lines": [63], "excluded_lines": []}, "HealthCheck._create_result": {"executed_lines": [], "summary": {"covered_lines": 0, "num_statements": 1, "percent_covered": 0.0, "percent_covered_display": "0", "missing_lines": 1, "excluded_lines": 0}, "missing_lines": [73], "excluded_lines": []}, "DatabaseHealthCheck.__init__": {"executed_lines": [], "summary": {"covered_lines": 0, "num_statements": 2, "percent_covered": 0.0, "percent_covered_display": "0", "missing_lines": 2, "excluded_lines": 0}, "missing_lines": [94, 95], "excluded_lines": []}, "DatabaseHealthCheck.check": {"executed_lines": [], "summary": {"covered_lines": 0, "num_statements": 11, "percent_covered": 0.0, "percent_covered_display": "0", "missing_lines": 11, "excluded_lines": 0}, "missing_lines": [99, 101, 102, 103, 109, 115, 121, 127, 128, 133, 134], "excluded_lines": []}, "KafkaHealthCheck.__init__": {"executed_lines": [], "summary": {"covered_lines": 0, "num_statements": 2, "percent_covered": 0.0, "percent_covered_display": "0", "missing_lines": 2, "excluded_lines": 0}, "missing_lines": [152, 153], "excluded_lines": []}, "KafkaHealthCheck.check": {"executed_lines": [], "summary": {"covered_lines": 0, "num_statements": 11, "percent_covered": 0.0, "percent_covered_display": "0", "missing_lines": 11, "excluded_lines": 0}, "missing_lines": [157, 159, 160, 161, 167, 173, 179, 185, 186, 191, 192], "excluded_lines": []}, "MemoryHealthCheck.__init__": {"executed_lines": [], "summary": {"covered_lines": 0, "num_statements": 2, "percent_covered": 0.0, "percent_covered_display": "0", "missing_lines": 2, "excluded_lines": 0}, "missing_lines": [210, 211], "excluded_lines": []}, "MemoryHealthCheck.check": {"executed_lines": [], "summary": {"covered_lines": 0, "num_statements": 16, "percent_covered": 0.0, "percent_covered_display": "0", "missing_lines": 16, "excluded_lines": 0}, "missing_lines": [215, 217, 218, 219, 220, 221, 223, 230, 231, 237, 238, 245, 252, 253, 258, 259], "excluded_lines": []}, "HealthChecker.__init__": {"executed_lines": [], "summary": {"covered_lines": 0, "num_statements": 4, "percent_covered": 0.0, "percent_covered_display": "0", "missing_lines": 4, "excluded_lines": 0}, "missing_lines": [276, 277, 278, 279], "excluded_lines": []}, "HealthChecker.register_check": {"executed_lines": [], "summary": {"covered_lines": 0, "num_statements": 3, "percent_covered": 0.0, "percent_covered_display": "0", "missing_lines": 3, "excluded_lines": 0}, "missing_lines": [288, 289, 290], "excluded_lines": []}, "HealthChecker.register_default_checks": {"executed_lines": [], "summary": {"covered_lines": 0, "num_statements": 2, "percent_covered": 0.0, "percent_covered_display": "0", "missing_lines": 2, "excluded_lines": 0}, "missing_lines": [295, 297], "excluded_lines": []}, "HealthChecker.check_all": {"executed_lines": [], "summary": {"covered_lines": 0, "num_statements": 13, "percent_covered": 0.0, "percent_covered_display": "0", "missing_lines": 13, "excluded_lines": 0}, "missing_lines": [306, 308, 309, 310, 311, 314, 315, 318, 320, 321, 322, 328, 330], "excluded_lines": []}, "HealthChecker.check_single": {"executed_lines": [], "summary": {"covered_lines": 0, "num_statements": 12, "percent_covered": 0.0, "percent_covered_display": "0", "missing_lines": 12, "excluded_lines": 0}, "missing_lines": [342, 343, 344, 346, 347, 348, 349, 351, 352, 354, 355, 356], "excluded_lines": []}, "HealthChecker.get_last_results": {"executed_lines": [], "summary": {"covered_lines": 0, "num_statements": 2, "percent_covered": 0.0, "percent_covered_display": "0", "missing_lines": 2, "excluded_lines": 0}, "missing_lines": [365, 366], "excluded_lines": []}, "HealthChecker.get_overall_status": {"executed_lines": [], "summary": {"covered_lines": 0, "num_statements": 11, "percent_covered": 0.0, "percent_covered_display": "0", "missing_lines": 11, "excluded_lines": 0}, "missing_lines": [375, 376, 377, 379, 382, 383, 386, 387, 390, 391, 393], "excluded_lines": []}, "HealthChecker._update_health_metric": {"executed_lines": [], "summary": {"covered_lines": 0, "num_statements": 7, "percent_covered": 0.0, "percent_covered_display": "0", "missing_lines": 7, "excluded_lines": 0}, "missing_lines": [397, 398, 399, 400, 401, 402, 403], "excluded_lines": []}, "HealthChecker.to_dict": {"executed_lines": [], "summary": {"covered_lines": 0, "num_statements": 5, "percent_covered": 0.0, "percent_covered_display": "0", "missing_lines": 5, "excluded_lines": 0}, "missing_lines": [412, 413, 414, 415, 423], "excluded_lines": []}, "RedisHealthCheck.__init__": {"executed_lines": [], "summary": {"covered_lines": 0, "num_statements": 2, "percent_covered": 0.0, "percent_covered_display": "0", "missing_lines": 2, "excluded_lines": 0}, "missing_lines": [447, 448], "excluded_lines": []}, "RedisHealthCheck.check": {"executed_lines": [], "summary": {"covered_lines": 0, "num_statements": 12, "percent_covered": 0.0, "percent_covered_display": "0", "missing_lines": 12, "excluded_lines": 0}, "missing_lines": [452, 454, 455, 456, 463, 464, 466, 468, 469, 475, 481, 482], "excluded_lines": []}, "CustomHealthCheck.__init__": {"executed_lines": [], "summary": {"covered_lines": 0, "num_statements": 3, "percent_covered": 0.0, "percent_covered_display": "0", "missing_lines": 3, "excluded_lines": 0}, "missing_lines": [508, 509, 510], "excluded_lines": []}, "CustomHealthCheck.check": {"executed_lines": [], "summary": {"covered_lines": 0, "num_statements": 10, "percent_covered": 0.0, "percent_covered_display": "0", "missing_lines": 10, "excluded_lines": 0}, "missing_lines": [514, 516, 518, 519, 521, 523, 524, 530, 536, 537], "excluded_lines": []}, "": {"executed_lines": [1, 8, 9, 10, 11, 12, 13, 14, 15, 17, 19, 22, 23, 24, 25, 26, 27, 30, 31, 32, 33, 34, 35, 36, 37, 38, 41, 42, 44, 55, 56, 65, 83, 84, 86, 97, 141, 142, 144, 155, 199, 200, 202, 213, 266, 267, 269, 281, 292, 299, 332, 363, 368, 395, 405, 436, 437, 439, 450, 489, 490, 492, 512, 546], "summary": {"covered_lines": 54, "num_statements": 54, "percent_covered": 100.0, "percent_covered_display": "100", "missing_lines": 0, "excluded_lines": 0}, "missing_lines": [], "excluded_lines": []}}, "classes": {"HealthStatus": {"executed_lines": [], "summary": {"covered_lines": 0, "num_statements": 0, "percent_covered": 100.0, "percent_covered_display": "100", "missing_lines": 0, "excluded_lines": 0}, "missing_lines": [], "excluded_lines": []}, "HealthCheckResult": {"executed_lines": [], "summary": {"covered_lines": 0, "num_statements": 0, "percent_covered": 100.0, "percent_covered_display": "100", "missing_lines": 0, "excluded_lines": 0}, "missing_lines": [], "excluded_lines": []}, "HealthCheck": {"executed_lines": [], "summary": {"covered_lines": 0, "num_statements": 4, "percent_covered": 0.0, "percent_covered_display": "0", "missing_lines": 4, "excluded_lines": 0}, "missing_lines": [52, 53, 63, 73], "excluded_lines": []}, "DatabaseHealthCheck": {"executed_lines": [], "summary": {"covered_lines": 0, "num_statements": 13, "percent_covered": 0.0, "percent_covered_display": "0", "missing_lines": 13, "excluded_lines": 0}, "missing_lines": [94, 95, 99, 101, 102, 103, 109, 115, 121, 127, 128, 133, 134], "excluded_lines": []}, "KafkaHealthCheck": {"executed_lines": [], "summary": {"covered_lines": 0, "num_statements": 13, "percent_covered": 0.0, "percent_covered_display": "0", "missing_lines": 13, "excluded_lines": 0}, "missing_lines": [152, 153, 157, 159, 160, 161, 167, 173, 179, 185, 186, 191, 192], "excluded_lines": []}, "MemoryHealthCheck": {"executed_lines": [], "summary": {"covered_lines": 0, "num_statements": 18, "percent_covered": 0.0, "percent_covered_display": "0", "missing_lines": 18, "excluded_lines": 0}, "missing_lines": [210, 211, 215, 217, 218, 219, 220, 221, 223, 230, 231, 237, 238, 245, 252, 253, 258, 259], "excluded_lines": []}, "HealthChecker": {"executed_lines": [], "summary": {"covered_lines": 0, "num_statements": 59, "percent_covered": 0.0, "percent_covered_display": "0", "missing_lines": 59, "excluded_lines": 0}, "missing_lines": [276, 277, 278, 279, 288, 289, 290, 295, 297, 306, 308, 309, 310, 311, 314, 315, 318, 320, 321, 322, 328, 330, 342, 343, 344, 346, 347, 348, 349, 351, 352, 354, 355, 356, 365, 366, 375, 376, 377, 379, 382, 383, 386, 387, 390, 391, 393, 397, 398, 399, 400, 401, 402, 403, 412, 413, 414, 415, 423], "excluded_lines": []}, "RedisHealthCheck": {"executed_lines": [], "summary": {"covered_lines": 0, "num_statements": 14, "percent_covered": 0.0, "percent_covered_display": "0", "missing_lines": 14, "excluded_lines": 0}, "missing_lines": [447, 448, 452, 454, 455, 456, 463, 464, 466, 468, 469, 475, 481, 482], "excluded_lines": []}, "CustomHealthCheck": {"executed_lines": [], "summary": {"covered_lines": 0, "num_statements": 13, "percent_covered": 0.0, "percent_covered_display": "0", "missing_lines": 13, "excluded_lines": 0}, "missing_lines": [508, 509, 510, 514, 516, 518, 519, 521, 523, 524, 530, 536, 537], "excluded_lines": []}, "": {"executed_lines": [1, 8, 9, 10, 11, 12, 13, 14, 15, 17, 19, 22, 23, 24, 25, 26, 27, 30, 31, 32, 33, 34, 35, 36, 37, 38, 41, 42, 44, 55, 56, 65, 83, 84, 86, 97, 141, 142, 144, 155, 199, 200, 202, 213, 266, 267, 269, 281, 292, 299, 332, 363, 368, 395, 405, 436, 437, 439, 450, 489, 490, 492, 512, 546], "summary": {"covered_lines": 54, "num_statements": 54, "percent_covered": 100.0, "percent_covered_display": "100", "missing_lines": 0, "excluded_lines": 0}, "missing_lines": [], "excluded_lines": []}}}, "neural_hive_observability/health_checks/__init__.py": {"executed_lines": [1, 11, 12, 14], "summary": {"covered_lines": 3, "num_statements": 3, "percent_covered": 100.0, "percent_covered_display": "100", "missing_lines": 0, "excluded_lines": 0}, "missing_lines": [], "excluded_lines": [], "functions": {"": {"executed_lines": [1, 11, 12, 14], "summary": {"covered_lines": 3, "num_statements": 3, "percent_covered": 100.0, "percent_covered_display": "100", "missing_lines": 0, "excluded_lines": 0}, "missing_lines": [], "excluded_lines": []}}, "classes": {"": {"executed_lines": [1, 11, 12, 14], "summary": {"covered_lines": 3, "num_statements": 3, "percent_covered": 100.0, "percent_covered_display": "100", "missing_lines": 0, "excluded_lines": 0}, "missing_lines": [], "excluded_lines": []}}}, "neural_hive_observability/health_checks/clickhouse.py": {"executed_lines": [1, 7, 8, 9, 10, 12, 14, 18, 28, 34, 35, 41, 67, 168, 203, 213, 227, 241, 261, 262, 268, 285], "summary": {"covered_lines": 19, "num_statements": 102, "percent_covered": 18.627450980392158, "percent_covered_display": "19", "missing_lines": 83, "excluded_lines": 0}, "missing_lines": [61, 62, 63, 64, 65, 80, 82, 84, 85, 86, 93, 94, 95, 103, 104, 107, 108, 110, 120, 122, 124, 130, 132, 140, 147, 154, 155, 160, 161, 162, 170, 172, 174, 180, 181, 183, 187, 188, 190, 197, 198, 199, 200, 201, 205, 206, 207, 208, 209, 210, 211, 215, 216, 221, 222, 223, 224, 225, 229, 230, 235, 236, 237, 238, 239, 243, 245, 251, 253, 258, 282, 283, 287, 289, 290, 291, 297, 298, 304, 310, 311, 316, 317], "excluded_lines": [], "functions": {"ClickHouseSchemaHealthCheck.__init__": {"executed_lines": [], "summary": {"covered_lines": 0, "num_statements": 5, "percent_covered": 0.0, "percent_covered_display": "0", "missing_lines": 5, "excluded_lines": 0}, "missing_lines": [61, 62, 63, 64, 65], "excluded_lines": []}, "ClickHouseSchemaHealthCheck.check": {"executed_lines": [], "summary": {"covered_lines": 0, "num_statements": 25, "percent_covered": 0.0, "percent_covered_display": "0", "missing_lines": 25, "excluded_lines": 0}, "missing_lines": [80, 82, 84, 85, 86, 93, 94, 95, 103, 104, 107, 108, 110, 120, 122, 124, 130, 132, 140, 147, 154, 155, 160, 161, 162], "excluded_lines": []}, "ClickHouseSchemaHealthCheck._check_connection": {"executed_lines": [], "summary": {"covered_lines": 0, "num_statements": 14, "percent_covered": 0.0, "percent_covered_display": "0", "missing_lines": 14, "excluded_lines": 0}, "missing_lines": [170, 172, 174, 180, 181, 183, 187, 188, 190, 197, 198, 199, 200, 201], "excluded_lines": []}, "ClickHouseSchemaHealthCheck._check_database_exists": {"executed_lines": [], "summary": {"covered_lines": 0, "num_statements": 7, "percent_covered": 0.0, "percent_covered_display": "0", "missing_lines": 7, "excluded_lines": 0}, "missing_lines": [205, 206, 207, 208, 209, 210, 211], "excluded_lines": []}, "ClickHouseSchemaHealthCheck._get_existing_tables": {"executed_lines": [], "summary": {"covered_lines": 0, "num_statements": 7, "percent_covered": 0.0, "percent_covered_display": "0", "missing_lines": 7, "excluded_lines": 0}, "missing_lines": [215, 216, 221, 222, 223, 224, 225], "excluded_lines": []}, "ClickHouseSchemaHealthCheck._get_existing_views": {"executed_lines": [], "summary": {"covered_lines": 0, "num_statements": 7, "percent_covered": 0.0, "percent_covered_display": "0", "missing_lines": 7, "excluded_lines": 0}, "missing_lines": [229, 230, 235, 236, 237, 238, 239], "excluded_lines": []}, "ClickHouseSchemaHealthCheck._execute_query": {"executed_lines": [], "summary": {"covered_lines": 0, "num_statements": 5, "percent_covered": 0.0, "percent_covered_display": "0", "missing_lines": 5, "excluded_lines": 0}, "missing_lines": [243, 245, 251, 253, 258], "excluded_lines": []}, "ClickHouseConnectionHealthCheck.__init__": {"executed_lines": [], "summary": {"covered_lines": 0, "num_statements": 2, "percent_covered": 0.0, "percent_covered_display": "0", "missing_lines": 2, "excluded_lines": 0}, "missing_lines": [282, 283], "excluded_lines": []}, "ClickHouseConnectionHealthCheck.check": {"executed_lines": [], "summary": {"covered_lines": 0, "num_statements": 11, "percent_covered": 0.0, "percent_covered_display": "0", "missing_lines": 11, "excluded_lines": 0}, "missing_lines": [287, 289, 290, 291, 297, 298, 304, 310, 311, 316, 317], "excluded_lines": []}, "": {"executed_lines": [1, 7, 8, 9, 10, 12, 14, 18, 28, 34, 35, 41, 67, 168, 203, 213, 227, 241, 261, 262, 268, 285], "summary": {"covered_lines": 19, "num_statements": 19, "percent_covered": 100.0, "percent_covered_display": "100", "missing_lines": 0, "excluded_lines": 0}, "missing_lines": [], "excluded_lines": []}}, "classes": {"ClickHouseSchemaHealthCheck": {"executed_lines": [], "summary": {"covered_lines": 0, "num_statements": 70, "percent_covered": 0.0, "percent_covered_display": "0", "missing_lines": 70, "excluded_lines": 0}, "missing_lines": [61, 62, 63, 64, 65, 80, 82, 84, 85, 86, 93, 94, 95, 103, 104, 107, 108, 110, 120, 122, 124, 130, 132, 140, 147, 154, 155, 160, 161, 162, 170, 172, 174, 180, 181, 183, 187, 188, 190, 197, 198, 199, 200, 201, 205, 206, 207, 208, 209, 210, 211, 215, 216, 221, 222, 223, 224, 225, 229, 230, 235, 236, 237, 238, 239, 243, 245, 251, 253, 258], "excluded_lines": []}, "ClickHouseConnectionHealthCheck": {"executed_lines": [], "summary": {"covered_lines": 0, "num_statements": 13, "percent_covered": 0.0, "percent_covered_display": "0", "missing_lines": 13, "excluded_lines": 0}, "missing_lines": [282, 283, 287, 289, 290, 291, 297, 298, 304, 310, 311, 316, 317], "excluded_lines": []}, "": {"executed_lines": [1, 7, 8, 9, 10, 12, 14, 18, 28, 34, 35, 41, 67, 168, 203, 213, 227, 241, 261, 262, 268, 285], "summary": {"covered_lines": 19, "num_statements": 19, "percent_covered": 100.0, "percent_covered_display": "100", "missing_lines": 0, "excluded_lines": 0}, "missing_lines": [], "excluded_lines": []}}}, "neural_hive_observability/health_checks/otel.py": {"executed_lines": [1, 7, 8, 9, 10, 12, 14, 16, 19, 20, 29, 56, 67, 133, 167, 194, 241, 242, 248, 268, 331, 356, 357, 363, 380], "summary": {"covered_lines": 21, "num_statements": 142, "percent_covered": 14.788732394366198, "percent_covered_display": "15", "missing_lines": 121, "excluded_lines": 0}, "missing_lines": [47, 48, 49, 50, 53, 54, 59, 60, 61, 62, 65, 79, 81, 83, 85, 91, 92, 100, 101, 102, 104, 105, 112, 119, 120, 125, 126, 127, 135, 137, 139, 140, 141, 145, 146, 147, 148, 151, 152, 153, 157, 158, 159, 161, 163, 164, 165, 173, 175, 178, 180, 181, 188, 190, 191, 192, 196, 197, 200, 201, 203, 205, 264, 265, 266, 270, 272, 273, 274, 278, 279, 285, 288, 290, 298, 299, 300, 301, 303, 304, 311, 318, 319, 324, 325, 333, 335, 336, 337, 340, 341, 342, 343, 344, 345, 346, 347, 348, 349, 350, 351, 353, 377, 378, 382, 384, 386, 388, 389, 393, 394, 400, 401, 403, 409, 410, 417, 424, 425, 430, 431], "excluded_lines": [], "functions": {"OTELPipelineHealthCheck.__init__": {"executed_lines": [], "summary": {"covered_lines": 0, "num_statements": 6, "percent_covered": 0.0, "percent_covered_display": "0", "missing_lines": 6, "excluded_lines": 0}, "missing_lines": [47, 48, 49, 50, 53, 54], "excluded_lines": []}, "OTELPipelineHealthCheck._derive_http_endpoint": {"executed_lines": [], "summary": {"covered_lines": 0, "num_statements": 5, "percent_covered": 0.0, "percent_covered_display": "0", "missing_lines": 5, "excluded_lines": 0}, "missing_lines": [59, 60, 61, 62, 65], "excluded_lines": []}, "OTELPipelineHealthCheck.check": {"executed_lines": [], "summary": {"covered_lines": 0, "num_statements": 17, "percent_covered": 0.0, "percent_covered_display": "0", "missing_lines": 17, "excluded_lines": 0}, "missing_lines": [79, 81, 83, 85, 91, 92, 100, 101, 102, 104, 105, 112, 119, 120, 125, 126, 127], "excluded_lines": []}, "OTELPipelineHealthCheck._check_collector_health": {"executed_lines": [], "summary": {"covered_lines": 0, "num_statements": 19, "percent_covered": 0.0, "percent_covered_display": "0", "missing_lines": 19, "excluded_lines": 0}, "missing_lines": [135, 137, 139, 140, 141, 145, 146, 147, 148, 151, 152, 153, 157, 158, 159, 161, 163, 164, 165], "excluded_lines": []}, "OTELPipelineHealthCheck._verify_trace_export": {"executed_lines": [], "summary": {"covered_lines": 0, "num_statements": 9, "percent_covered": 0.0, "percent_covered_display": "0", "missing_lines": 9, "excluded_lines": 0}, "missing_lines": [173, 175, 178, 180, 181, 188, 190, 191, 192], "excluded_lines": []}, "OTELPipelineHealthCheck._build_test_trace": {"executed_lines": [], "summary": {"covered_lines": 0, "num_statements": 6, "percent_covered": 0.0, "percent_covered_display": "0", "missing_lines": 6, "excluded_lines": 0}, "missing_lines": [196, 197, 200, 201, 203, 205], "excluded_lines": []}, "OTELCollectorMetricsHealthCheck.__init__": {"executed_lines": [], "summary": {"covered_lines": 0, "num_statements": 3, "percent_covered": 0.0, "percent_covered_display": "0", "missing_lines": 3, "excluded_lines": 0}, "missing_lines": [264, 265, 266], "excluded_lines": []}, "OTELCollectorMetricsHealthCheck.check": {"executed_lines": [], "summary": {"covered_lines": 0, "num_statements": 20, "percent_covered": 0.0, "percent_covered_display": "0", "missing_lines": 20, "excluded_lines": 0}, "missing_lines": [270, 272, 273, 274, 278, 279, 285, 288, 290, 298, 299, 300, 301, 303, 304, 311, 318, 319, 324, 325], "excluded_lines": []}, "OTELCollectorMetricsHealthCheck._parse_metrics": {"executed_lines": [], "summary": {"covered_lines": 0, "num_statements": 17, "percent_covered": 0.0, "percent_covered_display": "0", "missing_lines": 17, "excluded_lines": 0}, "missing_lines": [333, 335, 336, 337, 340, 341, 342, 343, 344, 345, 346, 347, 348, 349, 350, 351, 353], "excluded_lines": []}, "JaegerHealthCheck.__init__": {"executed_lines": [], "summary": {"covered_lines": 0, "num_statements": 2, "percent_covered": 0.0, "percent_covered_display": "0", "missing_lines": 2, "excluded_lines": 0}, "missing_lines": [377, 378], "excluded_lines": []}, "JaegerHealthCheck.check": {"executed_lines": [], "summary": {"covered_lines": 0, "num_statements": 17, "percent_covered": 0.0, "percent_covered_display": "0", "missing_lines": 17, "excluded_lines": 0}, "missing_lines": [382, 384, 386, 388, 389, 393, 394, 400, 401, 403, 409, 410, 417, 424, 425, 430, 431], "excluded_lines": []}, "": {"executed_lines": [1, 7, 8, 9, 10, 12, 14, 16, 19, 20, 29, 56, 67, 133, 167, 194, 241, 242, 248, 268, 331, 356, 357, 363, 380], "summary": {"covered_lines": 21, "num_statements": 21, "percent_covered": 100.0, "percent_covered_display": "100", "missing_lines": 0, "excluded_lines": 0}, "missing_lines": [], "excluded_lines": []}}, "classes": {"OTELPipelineHealthCheck": {"executed_lines": [], "summary": {"covered_lines": 0, "num_statements": 62, "percent_covered": 0.0, "percent_covered_display": "0", "missing_lines": 62, "excluded_lines": 0}, "missing_lines": [47, 48, 49, 50, 53, 54, 59, 60, 61, 62, 65, 79, 81, 83, 85, 91, 92, 100, 101, 102, 104, 105, 112, 119, 120, 125, 126, 127, 135, 137, 139, 140, 141, 145, 146, 147, 148, 151, 152, 153, 157, 158, 159, 161, 163, 164, 165, 173, 175, 178, 180, 181, 188, 190, 191, 192, 196, 197, 200, 201, 203, 205], "excluded_lines": []}, "OTELCollectorMetricsHealthCheck": {"executed_lines": [], "summary": {"covered_lines": 0, "num_statements": 40, "percent_covered": 0.0, "percent_covered_display": "0", "missing_lines": 40, "excluded_lines": 0}, "missing_lines": [264, 265, 266, 270, 272, 273, 274, 278, 279, 285, 288, 290, 298, 299, 300, 301, 303, 304, 311, 318, 319, 324, 325, 333, 335, 336, 337, 340, 341, 342, 343, 344, 345, 346, 347, 348, 349, 350, 351, 353], "excluded_lines": []}, "JaegerHealthCheck": {"executed_lines": [], "summary": {"covered_lines": 0, "num_statements": 19, "percent_covered": 0.0, "percent_covered_display": "0", "missing_lines": 19, "excluded_lines": 0}, "missing_lines": [377, 378, 382, 384, 386, 388, 389, 393, 394, 400, 401, 403, 409, 410, 417, 424, 425, 430, 431], "excluded_lines": []}, "": {"executed_lines": [1, 7, 8, 9, 10, 12, 14, 16, 19, 20, 29, 56, 67, 133, 167, 194, 241, 242, 248, 268, 331, 356, 357, 363, 380], "summary": {"covered_lines": 21, "num_statements": 21, "percent_covered": 100.0, "percent_covered_display": "100", "missing_lines": 0, "excluded_lines": 0}, "missing_lines": [], "excluded_lines": []}}}, "neural_hive_observability/kafka_instrumentation.py": {"executed_lines": [1, 8, 9, 11, 12, 13, 14, 16, 17, 18, 20, 23, 24, 26, 63, 134, 137, 140, 143, 155, 165, 166, 168, 205, 244, 247, 250, 253, 257, 260, 263, 275, 285, 286, 288, 325, 350, 361, 364, 367, 370, 374, 449], "summary": {"covered_lines": 39, "num_statements": 257, "percent_covered": 15.17509727626459, "percent_covered_display": "15", "missing_lines": 218, "excluded_lines": 6}, "missing_lines": [27, 28, 32, 37, 38, 42, 47, 48, 49, 54, 58, 59, 60, 61, 74, 76, 77, 78, 79, 81, 82, 83, 85, 86, 87, 89, 90, 92, 93, 95, 96, 98, 99, 100, 101, 103, 104, 106, 107, 108, 109, 110, 112, 114, 122, 123, 126, 127, 128, 129, 130, 131, 132, 135, 138, 141, 144, 145, 147, 148, 150, 151, 153, 156, 157, 158, 159, 161, 162, 169, 170, 174, 179, 180, 184, 189, 190, 191, 196, 200, 201, 202, 203, 206, 207, 208, 209, 210, 212, 213, 214, 216, 217, 218, 220, 221, 223, 224, 225, 226, 228, 229, 237, 238, 239, 240, 241, 242, 245, 248, 251, 254, 255, 258, 261, 264, 265, 267, 268, 270, 271, 273, 276, 277, 278, 279, 281, 282, 289, 290, 294, 299, 300, 304, 309, 310, 311, 316, 320, 321, 322, 323, 326, 327, 328, 329, 330, 332, 333, 334, 335, 336, 337, 338, 340, 341, 342, 343, 344, 345, 346, 348, 351, 352, 354, 355, 356, 357, 358, 359, 362, 365, 368, 371, 385, 391, 392, 393, 394, 400, 401, 406, 408, 409, 414, 416, 417, 421, 422, 426, 427, 428, 432, 434, 435, 436, 440, 442, 446, 460, 466, 467, 468, 469, 475, 476, 481, 483, 484, 489, 491, 492, 496, 497, 498, 502, 504, 508], "excluded_lines": [418, 419, 423, 424, 493, 494], "functions": {"InstrumentedKafkaProducer.__init__": {"executed_lines": [], "summary": {"covered_lines": 0, "num_statements": 14, "percent_covered": 0.0, "percent_covered_display": "0", "missing_lines": 14, "excluded_lines": 0}, "missing_lines": [27, 28, 32, 37, 38, 42, 47, 48, 49, 54, 58, 59, 60, 61], "excluded_lines": []}, "InstrumentedKafkaProducer.produce": {"executed_lines": [], "summary": {"covered_lines": 0, "num_statements": 39, "percent_covered": 0.0, "percent_covered_display": "0", "missing_lines": 39, "excluded_lines": 0}, "missing_lines": [74, 76, 77, 78, 79, 81, 82, 83, 85, 86, 87, 89, 90, 92, 93, 95, 96, 98, 99, 100, 101, 103, 104, 106, 107, 108, 109, 110, 112, 114, 122, 123, 126, 127, 128, 129, 130, 131, 132], "excluded_lines": []}, "InstrumentedKafkaProducer.flush": {"executed_lines": [], "summary": {"covered_lines": 0, "num_statements": 1, "percent_covered": 0.0, "percent_covered_display": "0", "missing_lines": 1, "excluded_lines": 0}, "missing_lines": [135], "excluded_lines": []}, "InstrumentedKafkaProducer.poll": {"executed_lines": [], "summary": {"covered_lines": 0, "num_statements": 1, "percent_covered": 0.0, "percent_covered_display": "0", "missing_lines": 1, "excluded_lines": 0}, "missing_lines": [138], "excluded_lines": []}, "InstrumentedKafkaProducer.__getattr__": {"executed_lines": [], "summary": {"covered_lines": 0, "num_statements": 1, "percent_covered": 0.0, "percent_covered_display": "0", "missing_lines": 1, "excluded_lines": 0}, "missing_lines": [141], "excluded_lines": []}, "InstrumentedKafkaProducer._normalize_headers": {"executed_lines": [], "summary": {"covered_lines": 0, "num_statements": 7, "percent_covered": 0.0, "percent_covered_display": "0", "missing_lines": 7, "excluded_lines": 0}, "missing_lines": [144, 145, 147, 148, 150, 151, 153], "excluded_lines": []}, "InstrumentedKafkaProducer._headers_dict_to_sequence": {"executed_lines": [], "summary": {"covered_lines": 0, "num_statements": 6, "percent_covered": 0.0, "percent_covered_display": "0", "missing_lines": 6, "excluded_lines": 0}, "missing_lines": [156, 157, 158, 159, 161, 162], "excluded_lines": []}, "InstrumentedAIOKafkaProducer.__init__": {"executed_lines": [], "summary": {"covered_lines": 0, "num_statements": 14, "percent_covered": 0.0, "percent_covered_display": "0", "missing_lines": 14, "excluded_lines": 0}, "missing_lines": [169, 170, 174, 179, 180, 184, 189, 190, 191, 196, 200, 201, 202, 203], "excluded_lines": []}, "InstrumentedAIOKafkaProducer.send": {"executed_lines": [], "summary": {"covered_lines": 0, "num_statements": 25, "percent_covered": 0.0, "percent_covered_display": "0", "missing_lines": 25, "excluded_lines": 0}, "missing_lines": [206, 207, 208, 209, 210, 212, 213, 214, 216, 217, 218, 220, 221, 223, 224, 225, 226, 228, 229, 237, 238, 239, 240, 241, 242], "excluded_lines": []}, "InstrumentedAIOKafkaProducer.send_and_wait": {"executed_lines": [], "summary": {"covered_lines": 0, "num_statements": 1, "percent_covered": 0.0, "percent_covered_display": "0", "missing_lines": 1, "excluded_lines": 0}, "missing_lines": [245], "excluded_lines": []}, "InstrumentedAIOKafkaProducer.start": {"executed_lines": [], "summary": {"covered_lines": 0, "num_statements": 1, "percent_covered": 0.0, "percent_covered_display": "0", "missing_lines": 1, "excluded_lines": 0}, "missing_lines": [248], "excluded_lines": []}, "InstrumentedAIOKafkaProducer.stop": {"executed_lines": [], "summary": {"covered_lines": 0, "num_statements": 1, "percent_covered": 0.0, "percent_covered_display": "0", "missing_lines": 1, "excluded_lines": 0}, "missing_lines": [251], "excluded_lines": []}, "InstrumentedAIOKafkaProducer.__aenter__": {"executed_lines": [], "summary": {"covered_lines": 0, "num_statements": 2, "percent_covered": 0.0, "percent_covered_display": "0", "missing_lines": 2, "excluded_lines": 0}, "missing_lines": [254, 255], "excluded_lines": []}, "InstrumentedAIOKafkaProducer.__aexit__": {"executed_lines": [], "summary": {"covered_lines": 0, "num_statements": 1, "percent_covered": 0.0, "percent_covered_display": "0", "missing_lines": 1, "excluded_lines": 0}, "missing_lines": [258], "excluded_lines": []}, "InstrumentedAIOKafkaProducer.__getattr__": {"executed_lines": [], "summary": {"covered_lines": 0, "num_statements": 1, "percent_covered": 0.0, "percent_covered_display": "0", "missing_lines": 1, "excluded_lines": 0}, "missing_lines": [261], "excluded_lines": []}, "InstrumentedAIOKafkaProducer._normalize_headers": {"executed_lines": [], "summary": {"covered_lines": 0, "num_statements": 7, "percent_covered": 0.0, "percent_covered_display": "0", "missing_lines": 7, "excluded_lines": 0}, "missing_lines": [264, 265, 267, 268, 270, 271, 273], "excluded_lines": []}, "InstrumentedAIOKafkaProducer._headers_dict_to_sequence": {"executed_lines": [], "summary": {"covered_lines": 0, "num_statements": 6, "percent_covered": 0.0, "percent_covered_display": "0", "missing_lines": 6, "excluded_lines": 0}, "missing_lines": [276, 277, 278, 279, 281, 282], "excluded_lines": []}, "InstrumentedAIOKafkaConsumer.__init__": {"executed_lines": [], "summary": {"covered_lines": 0, "num_statements": 14, "percent_covered": 0.0, "percent_covered_display": "0", "missing_lines": 14, "excluded_lines": 0}, "missing_lines": [289, 290, 294, 299, 300, 304, 309, 310, 311, 316, 320, 321, 322, 323], "excluded_lines": []}, "InstrumentedAIOKafkaConsumer.__aiter__": {"executed_lines": [], "summary": {"covered_lines": 0, "num_statements": 20, "percent_covered": 0.0, "percent_covered_display": "0", "missing_lines": 20, "excluded_lines": 0}, "missing_lines": [326, 327, 328, 329, 330, 332, 333, 334, 335, 336, 337, 338, 340, 341, 342, 343, 344, 345, 346, 348], "excluded_lines": []}, "InstrumentedAIOKafkaConsumer._headers_to_dict": {"executed_lines": [], "summary": {"covered_lines": 0, "num_statements": 8, "percent_covered": 0.0, "percent_covered_display": "0", "missing_lines": 8, "excluded_lines": 0}, "missing_lines": [351, 352, 354, 355, 356, 357, 358, 359], "excluded_lines": []}, "InstrumentedAIOKafkaConsumer.start": {"executed_lines": [], "summary": {"covered_lines": 0, "num_statements": 1, "percent_covered": 0.0, "percent_covered_display": "0", "missing_lines": 1, "excluded_lines": 0}, "missing_lines": [362], "excluded_lines": []}, "InstrumentedAIOKafkaConsumer.stop": {"executed_lines": [], "summary": {"covered_lines": 0, "num_statements": 1, "percent_covered": 0.0, "percent_covered_display": "0", "missing_lines": 1, "excluded_lines": 0}, "missing_lines": [365], "excluded_lines": []}, "InstrumentedAIOKafkaConsumer.commit": {"executed_lines": [], "summary": {"covered_lines": 0, "num_statements": 1, "percent_covered": 0.0, "percent_covered_display": "0", "missing_lines": 1, "excluded_lines": 0}, "missing_lines": [368], "excluded_lines": []}, "InstrumentedAIOKafkaConsumer.__getattr__": {"executed_lines": [], "summary": {"covered_lines": 0, "num_statements": 1, "percent_covered": 0.0, "percent_covered_display": "0", "missing_lines": 1, "excluded_lines": 0}, "missing_lines": [371], "excluded_lines": []}, "instrument_kafka_producer": {"executed_lines": [], "summary": {"covered_lines": 0, "num_statements": 25, "percent_covered": 0.0, "percent_covered_display": "0", "missing_lines": 25, "excluded_lines": 4}, "missing_lines": [385, 391, 392, 393, 394, 400, 401, 406, 408, 409, 414, 416, 417, 421, 422, 426, 427, 428, 432, 434, 435, 436, 440, 442, 446], "excluded_lines": [418, 419, 423, 424]}, "instrument_kafka_consumer": {"executed_lines": [], "summary": {"covered_lines": 0, "num_statements": 19, "percent_covered": 0.0, "percent_covered_display": "0", "missing_lines": 19, "excluded_lines": 2}, "missing_lines": [460, 466, 467, 468, 469, 475, 476, 481, 483, 484, 489, 491, 492, 496, 497, 498, 502, 504, 508], "excluded_lines": [493, 494]}, "": {"executed_lines": [1, 8, 9, 11, 12, 13, 14, 16, 17, 18, 20, 23, 24, 26, 63, 134, 137, 140, 143, 155, 165, 166, 168, 205, 244, 247, 250, 253, 257, 260, 263, 275, 285, 286, 288, 325, 350, 361, 364, 367, 370, 374, 449], "summary": {"covered_lines": 39, "num_statements": 39, "percent_covered": 100.0, "percent_covered_display": "100", "missing_lines": 0, "excluded_lines": 0}, "missing_lines": [], "excluded_lines": []}}, "classes": {"InstrumentedKafkaProducer": {"executed_lines": [], "summary": {"covered_lines": 0, "num_statements": 69, "percent_covered": 0.0, "percent_covered_display": "0", "missing_lines": 69, "excluded_lines": 0}, "missing_lines": [27, 28, 32, 37, 38, 42, 47, 48, 49, 54, 58, 59, 60, 61, 74, 76, 77, 78, 79, 81, 82, 83, 85, 86, 87, 89, 90, 92, 93, 95, 96, 98, 99, 100, 101, 103, 104, 106, 107, 108, 109, 110, 112, 114, 122, 123, 126, 127, 128, 129, 130, 131, 132, 135, 138, 141, 144, 145, 147, 148, 150, 151, 153, 156, 157, 158, 159, 161, 162], "excluded_lines": []}, "InstrumentedAIOKafkaProducer": {"executed_lines": [], "summary": {"covered_lines": 0, "num_statements": 59, "percent_covered": 0.0, "percent_covered_display": "0", "missing_lines": 59, "excluded_lines": 0}, "missing_lines": [169, 170, 174, 179, 180, 184, 189, 190, 191, 196, 200, 201, 202, 203, 206, 207, 208, 209, 210, 212, 213, 214, 216, 217, 218, 220, 221, 223, 224, 225, 226, 228, 229, 237, 238, 239, 240, 241, 242, 245, 248, 251, 254, 255, 258, 261, 264, 265, 267, 268, 270, 271, 273, 276, 277, 278, 279, 281, 282], "excluded_lines": []}, "InstrumentedAIOKafkaConsumer": {"executed_lines": [], "summary": {"covered_lines": 0, "num_statements": 46, "percent_covered": 0.0, "percent_covered_display": "0", "missing_lines": 46, "excluded_lines": 0}, "missing_lines": [289, 290, 294, 299, 300, 304, 309, 310, 311, 316, 320, 321, 322, 323, 326, 327, 328, 329, 330, 332, 333, 334, 335, 336, 337, 338, 340, 341, 342, 343, 344, 345, 346, 348, 351, 352, 354, 355, 356, 357, 358, 359, 362, 365, 368, 371], "excluded_lines": []}, "": {"executed_lines": [1, 8, 9, 11, 12, 13, 14, 16, 17, 18, 20, 23, 24, 26, 63, 134, 137, 140, 143, 155, 165, 166, 168, 205, 244, 247, 250, 253, 257, 260, 263, 275, 285, 286, 288, 325, 350, 361, 364, 367, 370, 374, 449], "summary": {"covered_lines": 39, "num_statements": 83, "percent_covered": 46.98795180722892, "percent_covered_display": "47", "missing_lines": 44, "excluded_lines": 6}, "missing_lines": [385, 391, 392, 393, 394, 400, 401, 406, 408, 409, 414, 416, 417, 421, 422, 426, 427, 428, 432, 434, 435, 436, 440, 442, 446, 460, 466, 467, 468, 469, 475, 476, 481, 483, 484, 489, 491, 492, 496, 497, 498, 502, 504, 508], "excluded_lines": [418, 419, 423, 424, 493, 494]}}}, "neural_hive_observability/logging.py": {"executed_lines": [1, 8, 9, 10, 11, 12, 14, 16, 19, 20, 22, 32, 96, 112, 113, 115, 125, 154, 171, 188, 206, 285, 308, 334, 363, 389], "summary": {"covered_lines": 23, "num_statements": 102, "percent_covered": 22.54901960784314, "percent_covered_display": "23", "missing_lines": 79, "excluded_lines": 0}, "missing_lines": [29, 30, 43, 54, 69, 70, 71, 74, 75, 77, 78, 80, 81, 83, 84, 87, 88, 94, 103, 104, 105, 109, 123, 137, 138, 139, 140, 143, 144, 145, 146, 147, 148, 149, 150, 152, 163, 180, 197, 217, 218, 219, 220, 223, 226, 227, 230, 231, 234, 235, 238, 239, 242, 246, 247, 250, 251, 252, 253, 254, 255, 258, 259, 261, 280, 282, 295, 297, 298, 299, 300, 302, 304, 305, 323, 351, 378, 408, 410], "excluded_lines": [], "functions": {"CorrelationFormatter.__init__": {"executed_lines": [], "summary": {"covered_lines": 0, "num_statements": 2, "percent_covered": 0.0, "percent_covered_display": "0", "missing_lines": 2, "excluded_lines": 0}, "missing_lines": [29, 30], "excluded_lines": []}, "CorrelationFormatter.format": {"executed_lines": [], "summary": {"covered_lines": 0, "num_statements": 16, "percent_covered": 0.0, "percent_covered_display": "0", "missing_lines": 16, "excluded_lines": 0}, "missing_lines": [43, 54, 69, 70, 71, 74, 75, 77, 78, 80, 81, 83, 84, 87, 88, 94], "excluded_lines": []}, "CorrelationFormatter._get_trace_correlation": {"executed_lines": [], "summary": {"covered_lines": 0, "num_statements": 4, "percent_covered": 0.0, "percent_covered_display": "0", "missing_lines": 4, "excluded_lines": 0}, "missing_lines": [103, 104, 105, 109], "excluded_lines": []}, "NeuralHiveLoggerAdapter.__init__": {"executed_lines": [], "summary": {"covered_lines": 0, "num_statements": 1, "percent_covered": 0.0, "percent_covered_display": "0", "missing_lines": 1, "excluded_lines": 0}, "missing_lines": [123], "excluded_lines": []}, "NeuralHiveLoggerAdapter.process": {"executed_lines": [], "summary": {"covered_lines": 0, "num_statements": 13, "percent_covered": 0.0, "percent_covered_display": "0", "missing_lines": 13, "excluded_lines": 0}, "missing_lines": [137, 138, 139, 140, 143, 144, 145, 146, 147, 148, 149, 150, 152], "excluded_lines": []}, "NeuralHiveLoggerAdapter.info_with_correlation": {"executed_lines": [], "summary": {"covered_lines": 0, "num_statements": 1, "percent_covered": 0.0, "percent_covered_display": "0", "missing_lines": 1, "excluded_lines": 0}, "missing_lines": [163], "excluded_lines": []}, "NeuralHiveLoggerAdapter.error_with_correlation": {"executed_lines": [], "summary": {"covered_lines": 0, "num_statements": 1, "percent_covered": 0.0, "percent_covered_display": "0", "missing_lines": 1, "excluded_lines": 0}, "missing_lines": [180], "excluded_lines": []}, "NeuralHiveLoggerAdapter.warning_with_correlation": {"executed_lines": [], "summary": {"covered_lines": 0, "num_statements": 1, "percent_covered": 0.0, "percent_covered_display": "0", "missing_lines": 1, "excluded_lines": 0}, "missing_lines": [197], "excluded_lines": []}, "init_logging": {"executed_lines": [], "summary": {"covered_lines": 0, "num_statements": 27, "percent_covered": 0.0, "percent_covered_display": "0", "missing_lines": 27, "excluded_lines": 0}, "missing_lines": [217, 218, 219, 220, 223, 226, 227, 230, 231, 234, 235, 238, 239, 242, 246, 247, 250, 251, 252, 253, 254, 255, 258, 259, 261, 280, 282], "excluded_lines": []}, "get_logger": {"executed_lines": [], "summary": {"covered_lines": 0, "num_statements": 8, "percent_covered": 0.0, "percent_covered_display": "0", "missing_lines": 8, "excluded_lines": 0}, "missing_lines": [295, 297, 298, 299, 300, 302, 304, 305], "excluded_lines": []}, "log_intent_start": {"executed_lines": [], "summary": {"covered_lines": 0, "num_statements": 1, "percent_covered": 0.0, "percent_covered_display": "0", "missing_lines": 1, "excluded_lines": 0}, "missing_lines": [323], "excluded_lines": []}, "log_intent_completion": {"executed_lines": [], "summary": {"covered_lines": 0, "num_statements": 1, "percent_covered": 0.0, "percent_covered_display": "0", "missing_lines": 1, "excluded_lines": 0}, "missing_lines": [351], "excluded_lines": []}, "log_plan_execution_start": {"executed_lines": [], "summary": {"covered_lines": 0, "num_statements": 1, "percent_covered": 0.0, "percent_covered_display": "0", "missing_lines": 1, "excluded_lines": 0}, "missing_lines": [378], "excluded_lines": []}, "log_plan_execution_completion": {"executed_lines": [], "summary": {"covered_lines": 0, "num_statements": 2, "percent_covered": 0.0, "percent_covered_display": "0", "missing_lines": 2, "excluded_lines": 0}, "missing_lines": [408, 410], "excluded_lines": []}, "": {"executed_lines": [1, 8, 9, 10, 11, 12, 14, 16, 19, 20, 22, 32, 96, 112, 113, 115, 125, 154, 171, 188, 206, 285, 308, 334, 363, 389], "summary": {"covered_lines": 23, "num_statements": 23, "percent_covered": 100.0, "percent_covered_display": "100", "missing_lines": 0, "excluded_lines": 0}, "missing_lines": [], "excluded_lines": []}}, "classes": {"CorrelationFormatter": {"executed_lines": [], "summary": {"covered_lines": 0, "num_statements": 22, "percent_covered": 0.0, "percent_covered_display": "0", "missing_lines": 22, "excluded_lines": 0}, "missing_lines": [29, 30, 43, 54, 69, 70, 71, 74, 75, 77, 78, 80, 81, 83, 84, 87, 88, 94, 103, 104, 105, 109], "excluded_lines": []}, "NeuralHiveLoggerAdapter": {"executed_lines": [], "summary": {"covered_lines": 0, "num_statements": 17, "percent_covered": 0.0, "percent_covered_display": "0", "missing_lines": 17, "excluded_lines": 0}, "missing_lines": [123, 137, 138, 139, 140, 143, 144, 145, 146, 147, 148, 149, 150, 152, 163, 180, 197], "excluded_lines": []}, "": {"executed_lines": [1, 8, 9, 10, 11, 12, 14, 16, 19, 20, 22, 32, 96, 112, 113, 115, 125, 154, 171, 188, 206, 285, 308, 334, 363, 389], "summary": {"covered_lines": 23, "num_statements": 63, "percent_covered": 36.507936507936506, "percent_covered_display": "37", "missing_lines": 40, "excluded_lines": 0}, "missing_lines": [217, 218, 219, 220, 223, 226, 227, 230, 231, 234, 235, 238, 239, 242, 246, 247, 250, 251, 252, 253, 254, 255, 258, 259, 261, 280, 282, 295, 297, 298, 299, 300, 302, 304, 305, 323, 351, 378, 408, 410], "excluded_lines": []}}}, "neural_hive_observability/metrics.py": {"executed_lines": [1, 8, 9, 10, 15, 17, 20, 21, 23, 24, 26, 33, 62, 86, 125, 152, 179, 205, 240, 311, 317, 341, 366, 383, 400, 406, 412, 418, 424, 430, 436, 440, 447, 453, 459, 465, 472, 478, 484, 491, 497, 503, 518, 524, 530, 536, 542, 545, 572], "summary": {"covered_lines": 47, "num_statements": 168, "percent_covered": 27.976190476190474, "percent_covered_display": "28", "missing_lines": 121, "excluded_lines": 0}, "missing_lines": [28, 29, 30, 31, 41, 42, 44, 46, 47, 48, 49, 50, 51, 54, 55, 56, 57, 58, 59, 60, 65, 70, 79, 89, 99, 108, 117, 128, 136, 145, 155, 163, 172, 182, 190, 198, 208, 216, 224, 233, 243, 251, 259, 267, 275, 282, 289, 297, 304, 313, 327, 329, 330, 332, 333, 334, 336, 339, 351, 352, 354, 355, 356, 357, 359, 368, 369, 371, 372, 373, 374, 376, 385, 386, 388, 389, 390, 391, 393, 402, 408, 414, 420, 426, 432, 438, 442, 449, 455, 461, 467, 474, 480, 486, 493, 499, 505, 506, 507, 509, 510, 512, 513, 514, 515, 520, 526, 532, 538, 556, 557, 558, 559, 562, 563, 564, 565, 566, 567, 569, 574], "excluded_lines": [], "functions": {"NeuralHiveMetrics.__new__": {"executed_lines": [], "summary": {"covered_lines": 0, "num_statements": 4, "percent_covered": 0.0, "percent_covered_display": "0", "missing_lines": 4, "excluded_lines": 0}, "missing_lines": [28, 29, 30, 31], "excluded_lines": []}, "NeuralHiveMetrics.__init__": {"executed_lines": [], "summary": {"covered_lines": 0, "num_statements": 16, "percent_covered": 0.0, "percent_covered_display": "0", "missing_lines": 16, "excluded_lines": 0}, "missing_lines": [41, 42, 44, 46, 47, 48, 49, 50, 51, 54, 55, 56, 57, 58, 59, 60], "excluded_lines": []}, "NeuralHiveMetrics._init_service_metrics": {"executed_lines": [], "summary": {"covered_lines": 0, "num_statements": 3, "percent_covered": 0.0, "percent_covered_display": "0", "missing_lines": 3, "excluded_lines": 0}, "missing_lines": [65, 70, 79], "excluded_lines": []}, "NeuralHiveMetrics._init_request_metrics": {"executed_lines": [], "summary": {"covered_lines": 0, "num_statements": 4, "percent_covered": 0.0, "percent_covered_display": "0", "missing_lines": 4, "excluded_lines": 0}, "missing_lines": [89, 99, 108, 117], "excluded_lines": []}, "NeuralHiveMetrics._init_intent_metrics": {"executed_lines": [], "summary": {"covered_lines": 0, "num_statements": 3, "percent_covered": 0.0, "percent_covered_display": "0", "missing_lines": 3, "excluded_lines": 0}, "missing_lines": [128, 136, 145], "excluded_lines": []}, "NeuralHiveMetrics._init_plan_metrics": {"executed_lines": [], "summary": {"covered_lines": 0, "num_statements": 3, "percent_covered": 0.0, "percent_covered_display": "0", "missing_lines": 3, "excluded_lines": 0}, "missing_lines": [155, 163, 172], "excluded_lines": []}, "NeuralHiveMetrics._init_infrastructure_metrics": {"executed_lines": [], "summary": {"covered_lines": 0, "num_statements": 3, "percent_covered": 0.0, "percent_covered_display": "0", "missing_lines": 3, "excluded_lines": 0}, "missing_lines": [182, 190, 198], "excluded_lines": []}, "NeuralHiveMetrics._init_tracing_export_metrics": {"executed_lines": [], "summary": {"covered_lines": 0, "num_statements": 4, "percent_covered": 0.0, "percent_covered_display": "0", "missing_lines": 4, "excluded_lines": 0}, "missing_lines": [208, 216, 224, 233], "excluded_lines": []}, "NeuralHiveMetrics._init_slo_metrics": {"executed_lines": [], "summary": {"covered_lines": 0, "num_statements": 9, "percent_covered": 0.0, "percent_covered_display": "0", "missing_lines": 9, "excluded_lines": 0}, "missing_lines": [243, 251, 259, 267, 275, 282, 289, 297, 304], "excluded_lines": []}, "NeuralHiveMetrics.increment_requests": {"executed_lines": [], "summary": {"covered_lines": 0, "num_statements": 1, "percent_covered": 0.0, "percent_covered_display": "0", "missing_lines": 1, "excluded_lines": 0}, "missing_lines": [313], "excluded_lines": []}, "NeuralHiveMetrics.observe_with_exemplar": {"executed_lines": [], "summary": {"covered_lines": 0, "num_statements": 8, "percent_covered": 0.0, "percent_covered_display": "0", "missing_lines": 8, "excluded_lines": 0}, "missing_lines": [327, 329, 330, 332, 333, 334, 336, 339], "excluded_lines": []}, "NeuralHiveMetrics.observe_captura_duration": {"executed_lines": [], "summary": {"covered_lines": 0, "num_statements": 7, "percent_covered": 0.0, "percent_covered_display": "0", "missing_lines": 7, "excluded_lines": 0}, "missing_lines": [351, 352, 354, 355, 356, 357, 359], "excluded_lines": []}, "NeuralHiveMetrics.observe_geracao_duration": {"executed_lines": [], "summary": {"covered_lines": 0, "num_statements": 7, "percent_covered": 0.0, "percent_covered_display": "0", "missing_lines": 7, "excluded_lines": 0}, "missing_lines": [368, 369, 371, 372, 373, 374, 376], "excluded_lines": []}, "NeuralHiveMetrics.observe_orquestracao_duration": {"executed_lines": [], "summary": {"covered_lines": 0, "num_statements": 7, "percent_covered": 0.0, "percent_covered_display": "0", "missing_lines": 7, "excluded_lines": 0}, "missing_lines": [385, 386, 388, 389, 390, 391, 393], "excluded_lines": []}, "NeuralHiveMetrics.increment_intentions": {"executed_lines": [], "summary": {"covered_lines": 0, "num_statements": 1, "percent_covered": 0.0, "percent_covered_display": "0", "missing_lines": 1, "excluded_lines": 0}, "missing_lines": [402], "excluded_lines": []}, "NeuralHiveMetrics.observe_intent_confidence": {"executed_lines": [], "summary": {"covered_lines": 0, "num_statements": 1, "percent_covered": 0.0, "percent_covered_display": "0", "missing_lines": 1, "excluded_lines": 0}, "missing_lines": [408], "excluded_lines": []}, "NeuralHiveMetrics.increment_low_confidence_routed": {"executed_lines": [], "summary": {"covered_lines": 0, "num_statements": 1, "percent_covered": 0.0, "percent_covered_display": "0", "missing_lines": 1, "excluded_lines": 0}, "missing_lines": [414], "excluded_lines": []}, "NeuralHiveMetrics.increment_plans": {"executed_lines": [], "summary": {"covered_lines": 0, "num_statements": 1, "percent_covered": 0.0, "percent_covered_display": "0", "missing_lines": 1, "excluded_lines": 0}, "missing_lines": [420], "excluded_lines": []}, "NeuralHiveMetrics.observe_plan_execution": {"executed_lines": [], "summary": {"covered_lines": 0, "num_statements": 1, "percent_covered": 0.0, "percent_covered_display": "0", "missing_lines": 1, "excluded_lines": 0}, "missing_lines": [426], "excluded_lines": []}, "NeuralHiveMetrics.set_health_status": {"executed_lines": [], "summary": {"covered_lines": 0, "num_statements": 1, "percent_covered": 0.0, "percent_covered_display": "0", "missing_lines": 1, "excluded_lines": 0}, "missing_lines": [432], "excluded_lines": []}, "NeuralHiveMetrics.update_memory_usage": {"executed_lines": [], "summary": {"covered_lines": 0, "num_statements": 1, "percent_covered": 0.0, "percent_covered_display": "0", "missing_lines": 1, "excluded_lines": 0}, "missing_lines": [438], "excluded_lines": []}, "NeuralHiveMetrics.set_active_connections": {"executed_lines": [], "summary": {"covered_lines": 0, "num_statements": 1, "percent_covered": 0.0, "percent_covered_display": "0", "missing_lines": 1, "excluded_lines": 0}, "missing_lines": [442], "excluded_lines": []}, "NeuralHiveMetrics.set_slo_availability": {"executed_lines": [], "summary": {"covered_lines": 0, "num_statements": 1, "percent_covered": 0.0, "percent_covered_display": "0", "missing_lines": 1, "excluded_lines": 0}, "missing_lines": [449], "excluded_lines": []}, "NeuralHiveMetrics.set_slo_latency_percentile": {"executed_lines": [], "summary": {"covered_lines": 0, "num_statements": 1, "percent_covered": 0.0, "percent_covered_display": "0", "missing_lines": 1, "excluded_lines": 0}, "missing_lines": [455], "excluded_lines": []}, "NeuralHiveMetrics.set_slo_error_budget_remaining": {"executed_lines": [], "summary": {"covered_lines": 0, "num_statements": 1, "percent_covered": 0.0, "percent_covered_display": "0", "missing_lines": 1, "excluded_lines": 0}, "missing_lines": [461], "excluded_lines": []}, "NeuralHiveMetrics.set_slo_error_budget_burn_rate": {"executed_lines": [], "summary": {"covered_lines": 0, "num_statements": 1, "percent_covered": 0.0, "percent_covered_display": "0", "missing_lines": 1, "excluded_lines": 0}, "missing_lines": [467], "excluded_lines": []}, "NeuralHiveMetrics.increment_cache_hits": {"executed_lines": [], "summary": {"covered_lines": 0, "num_statements": 1, "percent_covered": 0.0, "percent_covered_display": "0", "missing_lines": 1, "excluded_lines": 0}, "missing_lines": [474], "excluded_lines": []}, "NeuralHiveMetrics.increment_cache_misses": {"executed_lines": [], "summary": {"covered_lines": 0, "num_statements": 1, "percent_covered": 0.0, "percent_covered_display": "0", "missing_lines": 1, "excluded_lines": 0}, "missing_lines": [480], "excluded_lines": []}, "NeuralHiveMetrics.increment_cache_evictions": {"executed_lines": [], "summary": {"covered_lines": 0, "num_statements": 1, "percent_covered": 0.0, "percent_covered_display": "0", "missing_lines": 1, "excluded_lines": 0}, "missing_lines": [486], "excluded_lines": []}, "NeuralHiveMetrics.set_queue_depth": {"executed_lines": [], "summary": {"covered_lines": 0, "num_statements": 1, "percent_covered": 0.0, "percent_covered_display": "0", "missing_lines": 1, "excluded_lines": 0}, "missing_lines": [493], "excluded_lines": []}, "NeuralHiveMetrics.set_queue_processing_lag": {"executed_lines": [], "summary": {"covered_lines": 0, "num_statements": 1, "percent_covered": 0.0, "percent_covered_display": "0", "missing_lines": 1, "excluded_lines": 0}, "missing_lines": [499], "excluded_lines": []}, "NeuralHiveMetrics.calculate_cache_hit_rate": {"executed_lines": [], "summary": {"covered_lines": 0, "num_statements": 9, "percent_covered": 0.0, "percent_covered_display": "0", "missing_lines": 9, "excluded_lines": 0}, "missing_lines": [505, 506, 507, 509, 510, 512, 513, 514, 515], "excluded_lines": []}, "NeuralHiveMetrics.increment_span_export_failures": {"executed_lines": [], "summary": {"covered_lines": 0, "num_statements": 1, "percent_covered": 0.0, "percent_covered_display": "0", "missing_lines": 1, "excluded_lines": 0}, "missing_lines": [520], "excluded_lines": []}, "NeuralHiveMetrics.increment_span_export_success": {"executed_lines": [], "summary": {"covered_lines": 0, "num_statements": 1, "percent_covered": 0.0, "percent_covered_display": "0", "missing_lines": 1, "excluded_lines": 0}, "missing_lines": [526], "excluded_lines": []}, "NeuralHiveMetrics.observe_span_export_duration": {"executed_lines": [], "summary": {"covered_lines": 0, "num_statements": 1, "percent_covered": 0.0, "percent_covered_display": "0", "missing_lines": 1, "excluded_lines": 0}, "missing_lines": [532], "excluded_lines": []}, "NeuralHiveMetrics.set_span_export_queue_size": {"executed_lines": [], "summary": {"covered_lines": 0, "num_statements": 1, "percent_covered": 0.0, "percent_covered_display": "0", "missing_lines": 1, "excluded_lines": 0}, "missing_lines": [538], "excluded_lines": []}, "init_metrics": {"executed_lines": [], "summary": {"covered_lines": 0, "num_statements": 11, "percent_covered": 0.0, "percent_covered_display": "0", "missing_lines": 11, "excluded_lines": 0}, "missing_lines": [556, 557, 558, 559, 562, 563, 564, 565, 566, 567, 569], "excluded_lines": []}, "get_metrics": {"executed_lines": [], "summary": {"covered_lines": 0, "num_statements": 1, "percent_covered": 0.0, "percent_covered_display": "0", "missing_lines": 1, "excluded_lines": 0}, "missing_lines": [574], "excluded_lines": []}, "": {"executed_lines": [1, 8, 9, 10, 15, 17, 20, 21, 23, 24, 26, 33, 62, 86, 125, 152, 179, 205, 240, 311, 317, 341, 366, 383, 400, 406, 412, 418, 424, 430, 436, 440, 447, 453, 459, 465, 472, 478, 484, 491, 497, 503, 518, 524, 530, 536, 542, 545, 572], "summary": {"covered_lines": 47, "num_statements": 47, "percent_covered": 100.0, "percent_covered_display": "100", "missing_lines": 0, "excluded_lines": 0}, "missing_lines": [], "excluded_lines": []}}, "classes": {"NeuralHiveMetrics": {"executed_lines": [], "summary": {"covered_lines": 0, "num_statements": 109, "percent_covered": 0.0, "percent_covered_display": "0", "missing_lines": 109, "excluded_lines": 0}, "missing_lines": [28, 29, 30, 31, 41, 42, 44, 46, 47, 48, 49, 50, 51, 54, 55, 56, 57, 58, 59, 60, 65, 70, 79, 89, 99, 108, 117, 128, 136, 145, 155, 163, 172, 182, 190, 198, 208, 216, 224, 233, 243, 251, 259, 267, 275, 282, 289, 297, 304, 313, 327, 329, 330, 332, 333, 334, 336, 339, 351, 352, 354, 355, 356, 357, 359, 368, 369, 371, 372, 373, 374, 376, 385, 386, 388, 389, 390, 391, 393, 402, 408, 414, 420, 426, 432, 438, 442, 449, 455, 461, 467, 474, 480, 486, 493, 499, 505, 506, 507, 509, 510, 512, 513, 514, 515, 520, 526, 532, 538], "excluded_lines": []}, "": {"executed_lines": [1, 8, 9, 10, 15, 17, 20, 21, 23, 24, 26, 33, 62, 86, 125, 152, 179, 205, 240, 311, 317, 341, 366, 383, 400, 406, 412, 418, 424, 430, 436, 440, 447, 453, 459, 465, 472, 478, 484, 491, 497, 503, 518, 524, 530, 536, 542, 545, 572], "summary": {"covered_lines": 47, "num_statements": 59, "percent_covered": 79.66101694915254, "percent_covered_display": "80", "missing_lines": 12, "excluded_lines": 0}, "missing_lines": [556, 557, 558, 559, 562, 563, 564, 565, 566, 567, 569, 574], "excluded_lines": []}}}, "neural_hive_observability/tracing.py": {"executed_lines": [1, 9, 10, 11, 12, 13, 15, 16, 17, 18, 19, 20, 21, 22, 24, 25, 26, 28, 31, 32, 34, 108, 112, 113, 164, 302, 324, 433, 469, 476, 483, 510, 529, 568, 594], "summary": {"covered_lines": 34, "num_statements": 300, "percent_covered": 11.333333333333334, "percent_covered_display": "11", "missing_lines": 266, "excluded_lines": 0}, "missing_lines": [42, 45, 58, 59, 62, 66, 72, 85, 91, 93, 94, 98, 99, 102, 110, 130, 131, 132, 135, 136, 137, 138, 139, 140, 141, 142, 143, 146, 147, 148, 150, 151, 152, 153, 154, 155, 157, 158, 160, 161, 162, 183, 184, 186, 188, 189, 191, 192, 193, 194, 196, 197, 199, 200, 201, 202, 204, 205, 207, 208, 210, 212, 214, 215, 216, 217, 218, 219, 221, 222, 223, 225, 226, 227, 229, 230, 231, 232, 233, 234, 235, 236, 237, 239, 240, 241, 242, 244, 248, 250, 251, 252, 253, 255, 256, 257, 259, 261, 262, 264, 265, 266, 267, 269, 270, 271, 272, 274, 278, 280, 281, 282, 283, 285, 286, 287, 289, 291, 292, 294, 295, 296, 297, 299, 300, 317, 341, 342, 343, 344, 345, 348, 349, 350, 351, 352, 353, 354, 355, 356, 358, 359, 360, 362, 363, 366, 367, 368, 369, 371, 376, 377, 378, 379, 380, 381, 382, 384, 385, 386, 388, 389, 390, 392, 393, 395, 396, 398, 400, 401, 403, 404, 406, 407, 408, 409, 410, 411, 412, 414, 415, 416, 417, 418, 419, 420, 421, 422, 424, 425, 427, 428, 430, 431, 452, 453, 455, 456, 458, 459, 461, 462, 465, 466, 467, 471, 472, 473, 474, 478, 479, 480, 481, 490, 493, 494, 495, 496, 497, 500, 501, 502, 504, 505, 506, 508, 520, 526, 527, 545, 546, 549, 550, 553, 555, 558, 559, 560, 563, 564, 566, 578, 580, 581, 584, 585, 586, 587, 588, 589, 590, 592, 604, 606, 607, 608, 609, 610, 611, 614, 615, 616, 617, 618, 619, 621], "excluded_lines": [], "functions": {"init_tracing": {"executed_lines": [], "summary": {"covered_lines": 0, "num_statements": 14, "percent_covered": 0.0, "percent_covered_display": "0", "missing_lines": 14, "excluded_lines": 0}, "missing_lines": [42, 45, 58, 59, 62, 66, 72, 85, 91, 93, 94, 98, 99, 102], "excluded_lines": []}, "get_tracer": {"executed_lines": [], "summary": {"covered_lines": 0, "num_statements": 1, "percent_covered": 0.0, "percent_covered_display": "0", "missing_lines": 1, "excluded_lines": 0}, "missing_lines": [110], "excluded_lines": []}, "correlation_context": {"executed_lines": [], "summary": {"covered_lines": 0, "num_statements": 26, "percent_covered": 0.0, "percent_covered_display": "0", "missing_lines": 26, "excluded_lines": 0}, "missing_lines": [130, 131, 132, 135, 136, 137, 138, 139, 140, 141, 142, 143, 146, 147, 148, 150, 151, 152, 153, 154, 155, 157, 158, 160, 161, 162], "excluded_lines": []}, "trace_intent": {"executed_lines": [], "summary": {"covered_lines": 0, "num_statements": 2, "percent_covered": 0.0, "percent_covered_display": "0", "missing_lines": 2, "excluded_lines": 0}, "missing_lines": [183, 300], "excluded_lines": []}, "trace_intent.decorator": {"executed_lines": [], "summary": {"covered_lines": 0, "num_statements": 8, "percent_covered": 0.0, "percent_covered_display": "0", "missing_lines": 8, "excluded_lines": 0}, "missing_lines": [184, 186, 212, 239, 240, 269, 270, 299], "excluded_lines": []}, "trace_intent.decorator._extract_ids": {"executed_lines": [], "summary": {"covered_lines": 0, "num_statements": 17, "percent_covered": 0.0, "percent_covered_display": "0", "missing_lines": 17, "excluded_lines": 0}, "missing_lines": [188, 189, 191, 192, 193, 194, 196, 197, 199, 200, 201, 202, 204, 205, 207, 208, 210], "excluded_lines": []}, "trace_intent.decorator._enrich_span": {"executed_lines": [], "summary": {"covered_lines": 0, "num_statements": 21, "percent_covered": 0.0, "percent_covered_display": "0", "missing_lines": 21, "excluded_lines": 0}, "missing_lines": [214, 215, 216, 217, 218, 219, 221, 222, 223, 225, 226, 227, 229, 230, 231, 232, 233, 234, 235, 236, 237], "excluded_lines": []}, "trace_intent.decorator.async_wrapper": {"executed_lines": [], "summary": {"covered_lines": 0, "num_statements": 18, "percent_covered": 0.0, "percent_covered_display": "0", "missing_lines": 18, "excluded_lines": 0}, "missing_lines": [241, 242, 244, 248, 250, 251, 252, 253, 255, 256, 257, 259, 261, 262, 264, 265, 266, 267], "excluded_lines": []}, "trace_intent.decorator.sync_wrapper": {"executed_lines": [], "summary": {"covered_lines": 0, "num_statements": 18, "percent_covered": 0.0, "percent_covered_display": "0", "missing_lines": 18, "excluded_lines": 0}, "missing_lines": [271, 272, 274, 278, 280, 281, 282, 283, 285, 286, 287, 289, 291, 292, 294, 295, 296, 297], "excluded_lines": []}, "trace_plan": {"executed_lines": [], "summary": {"covered_lines": 0, "num_statements": 1, "percent_covered": 0.0, "percent_covered_display": "0", "missing_lines": 1, "excluded_lines": 0}, "missing_lines": [317], "excluded_lines": []}, "trace_grpc_method": {"executed_lines": [], "summary": {"covered_lines": 0, "num_statements": 3, "percent_covered": 0.0, "percent_covered_display": "0", "missing_lines": 3, "excluded_lines": 0}, "missing_lines": [341, 342, 431], "excluded_lines": []}, "trace_grpc_method.decorator": {"executed_lines": [], "summary": {"covered_lines": 0, "num_statements": 2, "percent_covered": 0.0, "percent_covered_display": "0", "missing_lines": 2, "excluded_lines": 0}, "missing_lines": [343, 430], "excluded_lines": []}, "trace_grpc_method.decorator.wrapper": {"executed_lines": [], "summary": {"covered_lines": 0, "num_statements": 63, "percent_covered": 0.0, "percent_covered_display": "0", "missing_lines": 63, "excluded_lines": 0}, "missing_lines": [344, 345, 348, 349, 350, 351, 352, 353, 354, 355, 356, 358, 359, 360, 362, 363, 366, 367, 368, 369, 371, 376, 377, 378, 379, 380, 381, 382, 384, 385, 386, 388, 389, 390, 392, 393, 395, 396, 398, 400, 401, 403, 404, 406, 407, 408, 409, 410, 411, 412, 414, 415, 416, 417, 418, 419, 420, 421, 422, 424, 425, 427, 428], "excluded_lines": []}, "enrich_span": {"executed_lines": [], "summary": {"covered_lines": 0, "num_statements": 11, "percent_covered": 0.0, "percent_covered_display": "0", "missing_lines": 11, "excluded_lines": 0}, "missing_lines": [452, 453, 455, 456, 458, 459, 461, 462, 465, 466, 467], "excluded_lines": []}, "get_current_trace_id": {"executed_lines": [], "summary": {"covered_lines": 0, "num_statements": 4, "percent_covered": 0.0, "percent_covered_display": "0", "missing_lines": 4, "excluded_lines": 0}, "missing_lines": [471, 472, 473, 474], "excluded_lines": []}, "get_current_span_id": {"executed_lines": [], "summary": {"covered_lines": 0, "num_statements": 4, "percent_covered": 0.0, "percent_covered_display": "0", "missing_lines": 4, "excluded_lines": 0}, "missing_lines": [478, 479, 480, 481], "excluded_lines": []}, "get_correlation_context": {"executed_lines": [], "summary": {"covered_lines": 0, "num_statements": 13, "percent_covered": 0.0, "percent_covered_display": "0", "missing_lines": 13, "excluded_lines": 0}, "missing_lines": [490, 493, 494, 495, 496, 497, 500, 501, 502, 504, 505, 506, 508], "excluded_lines": []}, "_is_sensitive_param": {"executed_lines": [], "summary": {"covered_lines": 0, "num_statements": 3, "percent_covered": 0.0, "percent_covered_display": "0", "missing_lines": 3, "excluded_lines": 0}, "missing_lines": [520, 526, 527], "excluded_lines": []}, "create_child_span": {"executed_lines": [], "summary": {"covered_lines": 0, "num_statements": 12, "percent_covered": 0.0, "percent_covered_display": "0", "missing_lines": 12, "excluded_lines": 0}, "missing_lines": [545, 546, 549, 550, 553, 555, 558, 559, 560, 563, 564, 566], "excluded_lines": []}, "inject_context_to_headers": {"executed_lines": [], "summary": {"covered_lines": 0, "num_statements": 11, "percent_covered": 0.0, "percent_covered_display": "0", "missing_lines": 11, "excluded_lines": 0}, "missing_lines": [578, 580, 581, 584, 585, 586, 587, 588, 589, 590, 592], "excluded_lines": []}, "extract_context_from_headers": {"executed_lines": [], "summary": {"covered_lines": 0, "num_statements": 14, "percent_covered": 0.0, "percent_covered_display": "0", "missing_lines": 14, "excluded_lines": 0}, "missing_lines": [604, 606, 607, 608, 609, 610, 611, 614, 615, 616, 617, 618, 619, 621], "excluded_lines": []}, "": {"executed_lines": [1, 9, 10, 11, 12, 13, 15, 16, 17, 18, 19, 20, 21, 22, 24, 25, 26, 28, 31, 32, 34, 108, 112, 113, 164, 302, 324, 433, 469, 476, 483, 510, 529, 568, 594], "summary": {"covered_lines": 34, "num_statements": 34, "percent_covered": 100.0, "percent_covered_display": "100", "missing_lines": 0, "excluded_lines": 0}, "missing_lines": [], "excluded_lines": []}}, "classes": {"": {"executed_lines": [1, 9, 10, 11, 12, 13, 15, 16, 17, 18, 19, 20, 21, 22, 24, 25, 26, 28, 31, 32, 34, 108, 112, 113, 164, 302, 324, 433, 469, 476, 483, 510, 529, 568, 594], "summary": {"covered_lines": 34, "num_statements": 300, "percent_covered": 11.333333333333334, "percent_covered_display": "11", "missing_lines": 266, "excluded_lines": 0}, "missing_lines": [42, 45, 58, 59, 62, 66, 72, 85, 91, 93, 94, 98, 99, 102, 110, 130, 131, 132, 135, 136, 137, 138, 139, 140, 141, 142, 143, 146, 147, 148, 150, 151, 152, 153, 154, 155, 157, 158, 160, 161, 162, 183, 184, 186, 188, 189, 191, 192, 193, 194, 196, 197, 199, 200, 201, 202, 204, 205, 207, 208, 210, 212, 214, 215, 216, 217, 218, 219, 221, 222, 223, 225, 226, 227, 229, 230, 231, 232, 233, 234, 235, 236, 237, 239, 240, 241, 242, 244, 248, 250, 251, 252, 253, 255, 256, 257, 259, 261, 262, 264, 265, 266, 267, 269, 270, 271, 272, 274, 278, 280, 281, 282, 283, 285, 286, 287, 289, 291, 292, 294, 295, 296, 297, 299, 300, 317, 341, 342, 343, 344, 345, 348, 349, 350, 351, 352, 353, 354, 355, 356, 358, 359, 360, 362, 363, 366, 367, 368, 369, 371, 376, 377, 378, 379, 380, 381, 382, 384, 385, 386, 388, 389, 390, 392, 393, 395, 396, 398, 400, 401, 403, 404, 406, 407, 408, 409, 410, 411, 412, 414, 415, 416, 417, 418, 419, 420, 421, 422, 424, 425, 427, 428, 430, 431, 452, 453, 455, 456, 458, 459, 461, 462, 465, 466, 467, 471, 472, 473, 474, 478, 479, 480, 481, 490, 493, 494, 495, 496, 497, 500, 501, 502, 504, 505, 506, 508, 520, 526, 527, 545, 546, 549, 550, 553, 555, 558, 559, 560, 563, 564, 566, 578, 580, 581, 584, 585, 586, 587, 588, 589, 590, 592, 604, 606, 607, 608, 609, 610, 611, 614, 615, 616, 617, 618, 619, 621], "excluded_lines": []}}}}, "totals": {"covered_lines": 399, "num_statements": 1984, "percent_covered": 20.110887096774192, "percent_covered_display": "20", "missing_lines": 1585, "excluded_lines": 28}}