<?xml version="1.0" encoding="utf-8"?><testsuites><testsuite name="pytest" errors="0" failures="0" skipped="4" tests="86" time="14.572" timestamp="2026-03-11T16:04:52.646895" hostname="NBDEVTSC02"><testcase classname="tests.integration.test_d3_artifact_generation.TestD3ContainerGeneration" name="test_d3_container_artifact_structure" time="0.042" /><testcase classname="tests.integration.test_d3_artifact_generation.TestD3ContainerGeneration" name="test_d3_container_metadata" time="0.004" /><testcase classname="tests.integration.test_d3_artifact_generation.TestD3ContainerGeneration" name="test_d3_container_with_multiple_platforms" time="0.004" /><testcase classname="tests.integration.test_d3_artifact_generation.TestD3SBOMGeneration" name="test_d3_sbom_format_spdx" time="0.004" /><testcase classname="tests.integration.test_d3_artifact_generation.TestD3SBOMGeneration" name="test_d3_sbom_storage_location" time="0.004" /><testcase classname="tests.integration.test_d3_artifact_generation.TestD3SBOMGeneration" name="test_d3_sbom_content_verification" time="0.006" /><testcase classname="tests.integration.test_d3_artifact_generation.TestD3SBOMGeneration" name="test_d3_sbom_vulnerability_scan" time="0.002" /><testcase classname="tests.integration.test_d3_artifact_generation.TestD3ArtifactSigning" name="test_d3_signature_present" time="0.004" /><testcase classname="tests.integration.test_d3_artifact_generation.TestD3ArtifactSigning" name="test_d3_signature_verification" time="0.009" /><testcase classname="tests.integration.test_d3_artifact_generation.TestD3ArtifactSigning" name="test_d3_signature_algorithm" time="0.001" /><testcase classname="tests.integration.test_d3_artifact_generation.TestD3KubernetesManifests" name="test_d3_kubernetes_deployment_manifest" time="0.007" /><testcase classname="tests.integration.test_d3_artifact_generation.TestD3KubernetesManifests" name="test_d3_kubernetes_helm_chart" time="0.002" /><testcase classname="tests.integration.test_d3_artifact_generation.TestD3ArtifactValidation" name="test_d3_container_image_scan" time="0.007" /><testcase classname="tests.integration.test_d3_artifact_generation.TestD3ArtifactValidation" name="test_d3_sbom_compliance_check" time="0.003" /><testcase classname="tests.integration.test_d3_artifact_generation.TestD3ArtifactValidation" name="test_d3_artifact_integrity_verification" time="0.001" /><testcase classname="tests.integration.test_d3_artifact_generation.TestD3MultipleArtifacts" name="test_d3_container_plus_manifest_generation" time="0.005" /><testcase classname="tests.integration.test_d3_artifact_generation.TestD3MultipleArtifacts" name="test_d3_artifact_relationships" time="0.002" /><testcase classname="tests.integration.test_d3_build_flow.TestD3BuildFlowEndToEnd" name="test_d3_build_ticket_creation_and_processing" time="1.935" /><testcase classname="tests.integration.test_d3_build_flow.TestD3BuildFlowEndToEnd" name="test_d3_pipeline_with_container_artifact" time="0.041" /><testcase classname="tests.integration.test_d3_build_flow.TestD3BuildFlowEndToEnd" name="test_d3_pipeline_with_sbom_generation" time="0.072" /><testcase classname="tests.integration.test_d3_build_flow.TestD3BuildFlowEndToEnd" name="test_d3_pipeline_timeout_handling" time="1.594" /><testcase classname="tests.integration.test_d3_build_flow.TestD3BuildFlowEndToEnd" name="test_d3_pipeline_retry_logic" time="0.407" /><testcase classname="tests.integration.test_d3_build_flow.TestD3PipelineStages" name="test_d3_template_selection_stage" time="0.003" /><testcase classname="tests.integration.test_d3_build_flow.TestD3PipelineStages" name="test_d3_code_composition_stage" time="0.003" /><testcase classname="tests.integration.test_d3_build_flow.TestD3PipelineStages" name="test_d3_validation_stage" time="0.003" /><testcase classname="tests.integration.test_d3_build_flow.TestD3PipelineStages" name="test_d3_testing_stage" time="0.004" /><testcase classname="tests.integration.test_d3_build_flow.TestD3PipelineStages" name="test_d3_packaging_stage" time="0.003" /><testcase classname="tests.integration.test_d3_build_flow.TestD3PipelineStages" name="test_d3_approval_gate_stage" time="0.004" /><testcase classname="tests.integration.test_d3_build_flow.TestD3ExternalServicesIntegration" name="test_d3_ticket_client_status_update" time="0.035" /><testcase classname="tests.integration.test_d3_build_flow.TestD3ExternalServicesIntegration" name="test_d3_postgres_persistence" time="0.035" /><testcase classname="tests.integration.test_d3_build_flow.TestD3ExternalServicesIntegration" name="test_d3_mongodb_artifact_storage" time="0.028" /><testcase classname="tests.integration.test_d3_build_flow.TestD3FailureScenarios" name="test_d3_validation_failure_blocks_build" time="1.036" /><testcase classname="tests.integration.test_d3_build_flow.TestD3FailureScenarios" name="test_d3_packaging_failure_creates_compensation" time="0.897" /><testcase classname="tests.integration.test_d3_build_flow.TestD3Performance" name="test_d3_pipeline_duration_within_sla" time="0.044" /><testcase classname="tests.integration.test_d3_build_flow.TestD3Performance" name="test_d3_concurrent_pipeline_limit" time="0.049" /><testcase classname="tests.integration.test_d3_kafka_integration.TestD3KafkaResultProduction" name="test_d3_result_publish_on_completion" time="0.054" /><testcase classname="tests.integration.test_d3_kafka_integration.TestD3KafkaResultProduction" name="test_d3_result_publish_on_failure" time="0.599" /><testcase classname="tests.integration.test_d3_kafka_integration.TestD3KafkaResultProduction" name="test_d3_result_message_structure" time="0.028" /><testcase classname="tests.integration.test_d3_kafka_integration.TestD3KafkaResultProduction" name="test_d3_result_artifact_inclusion" time="0.039" /><testcase classname="tests.integration.test_d3_kafka_integration.TestD3KafkaTicketConsumption" name="test_d3_consume_build_ticket" time="0.007" /><testcase classname="tests.integration.test_d3_kafka_integration.TestD3KafkaTicketConsumption" name="test_d3_consume_batch_tickets" time="0.004" /><testcase classname="tests.integration.test_d3_kafka_integration.TestD3KafkaTicketConsumption" name="test_d3_ticket_deserialization" time="0.002" /><testcase classname="tests.integration.test_d3_kafka_integration.TestD3KafkaPipelineEvents" name="test_d3_stage_started_event" time="0.032" /><testcase classname="tests.integration.test_d3_kafka_integration.TestD3KafkaPipelineEvents" name="test_d3_stage_completed_event" time="0.033" /><testcase classname="tests.integration.test_d3_kafka_integration.TestD3KafkaPipelineEvents" name="test_d3_pipeline_completed_event" time="0.029" /><testcase classname="tests.integration.test_d3_kafka_integration.TestD3KafkaConfiguration" name="test_d3_kafka_producer_start_stop" time="0.004" /><testcase classname="tests.integration.test_d3_kafka_integration.TestD3KafkaConfiguration" name="test_d3_kafka_consumer_start_stop" time="0.008" /><testcase classname="tests.integration.test_d3_kafka_integration.TestD3KafkaConfiguration" name="test_d3_kafka_retry_on_failure" time="0.078" /><testcase classname="tests.integration.test_d3_kafka_integration.TestD3KafkaTopics" name="test_d3_topics_configured" time="0.001" /><testcase classname="tests.integration.test_d3_kafka_integration.TestD3KafkaTopics" name="test_d3_result_topic_partitioning" time="0.044" /><testcase classname="tests.integration.test_d3_kafka_integration.TestD3KafkaSerialization" name="test_d3_result_serialization" time="0.002" /><testcase classname="tests.integration.test_d3_kafka_integration.TestD3KafkaSerialization" name="test_d3_result_deserialization" time="0.001" /><testcase classname="tests.integration.test_d3_kafka_integration.TestD3KafkaSerialization" name="test_d3_ticket_serialization_roundtrip" time="0.002" /><testcase classname="tests.integration.test_d3_kafka_integration.TestD3KafkaOpenTelemetry" name="test_d3_trace_propagation" time="0.039" /><testcase classname="tests.integration.test_d3_kafka_integration.TestD3KafkaOpenTelemetry" name="test_d3_w3c_trace_context_format" time="0.002" /><testcase classname="tests.integration.test_d3_kafka_integration.TestD3KafkaPerformance" name="test_d3_publish_latency" time="0.006" /><testcase classname="tests.integration.test_d3_kafka_integration.TestD3KafkaPerformance" name="test_d3_batch_publish" time="0.006" /><testcase classname="tests.integration.test_d3_kafka_integration.TestD3KafkaErrorHandling" name="test_d3_publish_failure_handling" time="0.007" /><testcase classname="tests.integration.test_d3_kafka_integration.TestD3KafkaErrorHandling" name="test_d3_consumer_error_handling" time="0.006" /><testcase classname="tests.integration.test_d3_mongodb_persistence.TestD3MongoDBConnection" name="test_d3_mongodb_connection_string_format" time="0.001"><skipped type="pytest.skip" message="MONGODB_URL não configurada">/home/jimy/NHM/Neural-Hive-Mind/services/code-forge/tests/integration/test_d3_mongodb_persistence.py:57: MONGODB_URL não configurada</skipped></testcase><testcase classname="tests.integration.test_d3_mongodb_persistence.TestD3MongoDBConnection" name="test_d3_mongodb_client_initialization" time="0.001"><skipped type="pytest.skip" message="MONGODB_URL não configurada">/home/jimy/NHM/Neural-Hive-Mind/services/code-forge/tests/integration/test_d3_mongodb_persistence.py:84: MONGODB_URL não configurada</skipped></testcase><testcase classname="tests.integration.test_d3_mongodb_persistence.TestD3ArtifactPersistence" name="test_d3_save_artifact_content" time="0.005" /><testcase classname="tests.integration.test_d3_mongodb_persistence.TestD3ArtifactPersistence" name="test_d3_get_artifact_content" time="0.011" /><testcase classname="tests.integration.test_d3_mongodb_persistence.TestD3ArtifactPersistence" name="test_d3_artifact_document_structure" time="0.001" /><testcase classname="tests.integration.test_d3_mongodb_persistence.TestD3ArtifactPersistence" name="test_d3_delete_artifact" time="0.013" /><testcase classname="tests.integration.test_d3_mongodb_persistence.TestD3PipelinePersistence" name="test_d3_save_pipeline_result" time="0.007" /><testcase classname="tests.integration.test_d3_mongodb_persistence.TestD3PipelinePersistence" name="test_d3_get_pipeline_result" time="0.012" /><testcase classname="tests.integration.test_d3_mongodb_persistence.TestD3PipelinePersistence" name="test_d3_pipeline_document_structure" time="0.001" /><testcase classname="tests.integration.test_d3_mongodb_persistence.TestD3PipelinePersistence" name="test_d3_query_pipelines_by_ticket" time="0.010" /><testcase classname="tests.integration.test_d3_mongodb_persistence.TestD3PipelineLogs" name="test_d3_save_pipeline_logs" time="0.008" /><testcase classname="tests.integration.test_d3_mongodb_persistence.TestD3PipelineLogs" name="test_d3_get_pipeline_logs" time="0.007" /><testcase classname="tests.integration.test_d3_mongodb_persistence.TestD3PipelineLogs" name="test_d3_append_pipeline_log" time="0.005" /><testcase classname="tests.integration.test_d3_mongodb_persistence.TestD3MongoDBQueries" name="test_d3_query_artifacts_by_type" time="0.005" /><testcase classname="tests.integration.test_d3_mongodb_persistence.TestD3MongoDBQueries" name="test_d3_query_pipelines_by_date_range" time="0.007" /><testcase classname="tests.integration.test_d3_mongodb_persistence.TestD3MongoDBQueries" name="test_d3_aggregate_pipeline_statistics" time="0.008" /><testcase classname="tests.integration.test_d3_mongodb_persistence.TestD3MongoDBTransactions" name="test_d3_transactional_artifact_save" time="0.008" /><testcase classname="tests.integration.test_d3_mongodb_persistence.TestD3MongoDBTransactions" name="test_d3_transaction_rollback_on_error" time="0.008" /><testcase classname="tests.integration.test_d3_mongodb_persistence.TestD3MongoDBIndexes" name="test_d3_artifact_indexes_exist" time="0.001"><skipped type="pytest.skip" message="MONGODB_URL não configurada">/home/jimy/NHM/Neural-Hive-Mind/services/code-forge/tests/integration/test_d3_mongodb_persistence.py:537: MONGODB_URL não configurada</skipped></testcase><testcase classname="tests.integration.test_d3_mongodb_persistence.TestD3MongoDBIndexes" name="test_d3_pipeline_indexes_exist" time="0.001"><skipped type="pytest.skip" message="MONGODB_URL não configurada">/home/jimy/NHM/Neural-Hive-Mind/services/code-forge/tests/integration/test_d3_mongodb_persistence.py:578: MONGODB_URL não configurada</skipped></testcase><testcase classname="tests.integration.test_d3_mongodb_persistence.TestD3MongoDBCleanup" name="test_d3_delete_old_artifacts" time="0.007" /><testcase classname="tests.integration.test_d3_mongodb_persistence.TestD3MongoDBCleanup" name="test_d3_archive_old_pipelines" time="0.006" /><testcase classname="tests.integration.test_d3_mongodb_persistence.TestD3MongoDBPerformance" name="test_d3_artifact_save_latency" time="0.006" /><testcase classname="tests.integration.test_d3_mongodb_persistence.TestD3MongoDBPerformance" name="test_d3_query_performance" time="0.006" /><testcase classname="tests.integration.test_d3_mongodb_persistence.TestD3MongoDBSecurity" name="test_d3_connection_with_auth" time="0.005" /><testcase classname="tests.integration.test_d3_mongodb_persistence.TestD3MongoDBSecurity" name="test_d3_sensitive_data_encryption" time="0.005" /><testcase classname="tests.integration.test_d3_mongodb_persistence.TestD3MongoDBBackup" name="test_d3_collection_backup" time="0.007" /></testsuite></testsuites>