{"meta": {"format": 3, "version": "7.10.7", "timestamp": "2026-03-31T13:18:34.141888", "branch_coverage": false, "show_contexts": false}, "files": {"drift_detector.py": {"executed_lines": [1, 3, 4, 5, 6, 7, 9, 12, 13, 20, 45, 46, 50, 81, 110, 130, 203, 227, 268, 289, 290, 298, 300, 321, 365, 406, 451, 469, 501, 522, 545], "summary": {"covered_lines": 28, "num_statements": 171, "percent_covered": 16.374269005847953, "percent_covered_display": "16", "missing_lines": 143, "excluded_lines": 0}, "missing_lines": [38, 39, 40, 41, 42, 43, 48, 60, 61, 64, 65, 67, 68, 75, 77, 78, 79, 91, 92, 94, 95, 97, 98, 104, 106, 107, 108, 112, 114, 140, 142, 145, 148, 149, 152, 153, 155, 156, 166, 168, 169, 177, 179, 190, 191, 193, 195, 196, 197, 210, 211, 216, 217, 220, 221, 223, 224, 225, 237, 238, 239, 241, 253, 259, 262, 264, 265, 266, 278, 281, 282, 286, 316, 317, 318, 319, 333, 334, 335, 337, 338, 341, 353, 357, 375, 376, 377, 381, 382, 384, 400, 416, 417, 418, 420, 421, 422, 424, 425, 427, 428, 431, 432, 433, 434, 437, 438, 439, 440, 441, 443, 445, 464, 465, 467, 471, 472, 473, 475, 478, 482, 483, 486, 487, 490, 494, 503, 504, 505, 508, 509, 512, 516, 535, 536, 538, 549, 550, 552, 560, 561, 564, 565], "excluded_lines": [], "functions": {"DriftDetector.__init__": {"executed_lines": [], "summary": {"covered_lines": 0, "num_statements": 6, "percent_covered": 0.0, "percent_covered_display": "0", "missing_lines": 6, "excluded_lines": 0}, "missing_lines": [38, 39, 40, 41, 42, 43], "excluded_lines": []}, "DriftDetector.db": {"executed_lines": [], "summary": {"covered_lines": 0, "num_statements": 1, "percent_covered": 0.0, "percent_covered_display": "0", "missing_lines": 1, "excluded_lines": 0}, "missing_lines": [48], "excluded_lines": []}, "DriftDetector.calculate_baseline": {"executed_lines": [], "summary": {"covered_lines": 0, "num_statements": 10, "percent_covered": 0.0, "percent_covered_display": "0", "missing_lines": 10, "excluded_lines": 0}, "missing_lines": [60, 61, 64, 65, 67, 68, 75, 77, 78, 79], "excluded_lines": []}, "DriftDetector.calculate_current": {"executed_lines": [], "summary": {"covered_lines": 0, "num_statements": 10, "percent_covered": 0.0, "percent_covered_display": "0", "missing_lines": 10, "excluded_lines": 0}, "missing_lines": [91, 92, 94, 95, 97, 98, 104, 106, 107, 108], "excluded_lines": []}, "DriftDetector._build_aggregation_pipeline": {"executed_lines": [], "summary": {"covered_lines": 0, "num_statements": 2, "percent_covered": 0.0, "percent_covered_display": "0", "missing_lines": 2, "excluded_lines": 0}, "missing_lines": [112, 114], "excluded_lines": []}, "DriftDetector.detect_drift": {"executed_lines": [], "summary": {"covered_lines": 0, "num_statements": 20, "percent_covered": 0.0, "percent_covered_display": "0", "missing_lines": 20, "excluded_lines": 0}, "missing_lines": [140, 142, 145, 148, 149, 152, 153, 155, 156, 166, 168, 169, 177, 179, 190, 191, 193, 195, 196, 197], "excluded_lines": []}, "DriftDetector._get_active_model_version": {"executed_lines": [], "summary": {"covered_lines": 0, "num_statements": 9, "percent_covered": 0.0, "percent_covered_display": "0", "missing_lines": 9, "excluded_lines": 0}, "missing_lines": [210, 211, 216, 217, 220, 221, 223, 224, 225], "excluded_lines": []}, "DriftDetector.publish_drift_alert": {"executed_lines": [], "summary": {"covered_lines": 0, "num_statements": 10, "percent_covered": 0.0, "percent_covered_display": "0", "missing_lines": 10, "excluded_lines": 0}, "missing_lines": [237, 238, 239, 241, 253, 259, 262, 264, 265, 266], "excluded_lines": []}, "DriftDetector.get_drift_metrics": {"executed_lines": [], "summary": {"covered_lines": 0, "num_statements": 4, "percent_covered": 0.0, "percent_covered_display": "0", "missing_lines": 4, "excluded_lines": 0}, "missing_lines": [278, 281, 282, 286], "excluded_lines": []}, "CanaryDeployer.__init__": {"executed_lines": [], "summary": {"covered_lines": 0, "num_statements": 4, "percent_covered": 0.0, "percent_covered_display": "0", "missing_lines": 4, "excluded_lines": 0}, "missing_lines": [316, 317, 318, 319], "excluded_lines": []}, "CanaryDeployer.start_canary": {"executed_lines": [], "summary": {"covered_lines": 0, "num_statements": 8, "percent_covered": 0.0, "percent_covered_display": "0", "missing_lines": 8, "excluded_lines": 0}, "missing_lines": [333, 334, 335, 337, 338, 341, 353, 357], "excluded_lines": []}, "CanaryDeployer.collect_canary_metrics": {"executed_lines": [], "summary": {"covered_lines": 0, "num_statements": 7, "percent_covered": 0.0, "percent_covered_display": "0", "missing_lines": 7, "excluded_lines": 0}, "missing_lines": [375, 376, 377, 381, 382, 384, 400], "excluded_lines": []}, "CanaryDeployer.validate_canary": {"executed_lines": [], "summary": {"covered_lines": 0, "num_statements": 21, "percent_covered": 0.0, "percent_covered_display": "0", "missing_lines": 21, "excluded_lines": 0}, "missing_lines": [416, 417, 418, 420, 421, 422, 424, 425, 427, 428, 431, 432, 433, 434, 437, 438, 439, 440, 441, 443, 445], "excluded_lines": []}, "CanaryDeployer.promote_or_rollback": {"executed_lines": [], "summary": {"covered_lines": 0, "num_statements": 3, "percent_covered": 0.0, "percent_covered_display": "0", "missing_lines": 3, "excluded_lines": 0}, "missing_lines": [464, 465, 467], "excluded_lines": []}, "CanaryDeployer._promote": {"executed_lines": [], "summary": {"covered_lines": 0, "num_statements": 11, "percent_covered": 0.0, "percent_covered_display": "0", "missing_lines": 11, "excluded_lines": 0}, "missing_lines": [471, 472, 473, 475, 478, 482, 483, 486, 487, 490, 494], "excluded_lines": []}, "CanaryDeployer._rollback": {"executed_lines": [], "summary": {"covered_lines": 0, "num_statements": 7, "percent_covered": 0.0, "percent_covered_display": "0", "missing_lines": 7, "excluded_lines": 0}, "missing_lines": [503, 504, 505, 508, 509, 512, 516], "excluded_lines": []}, "CanaryDeployer._calculate_traffic_split": {"executed_lines": [], "summary": {"covered_lines": 0, "num_statements": 3, "percent_covered": 0.0, "percent_covered_display": "0", "missing_lines": 3, "excluded_lines": 0}, "missing_lines": [535, 536, 538], "excluded_lines": []}, "CanaryDeployer._publish_canary_event": {"executed_lines": [], "summary": {"covered_lines": 0, "num_statements": 7, "percent_covered": 0.0, "percent_covered_display": "0", "missing_lines": 7, "excluded_lines": 0}, "missing_lines": [549, 550, 552, 560, 561, 564, 565], "excluded_lines": []}, "": {"executed_lines": [1, 3, 4, 5, 6, 7, 9, 12, 13, 20, 45, 46, 50, 81, 110, 130, 203, 227, 268, 289, 290, 298, 300, 321, 365, 406, 451, 469, 501, 522, 545], "summary": {"covered_lines": 28, "num_statements": 28, "percent_covered": 100.0, "percent_covered_display": "100", "missing_lines": 0, "excluded_lines": 0}, "missing_lines": [], "excluded_lines": []}}, "classes": {"DriftDetector": {"executed_lines": [], "summary": {"covered_lines": 0, "num_statements": 72, "percent_covered": 0.0, "percent_covered_display": "0", "missing_lines": 72, "excluded_lines": 0}, "missing_lines": [38, 39, 40, 41, 42, 43, 48, 60, 61, 64, 65, 67, 68, 75, 77, 78, 79, 91, 92, 94, 95, 97, 98, 104, 106, 107, 108, 112, 114, 140, 142, 145, 148, 149, 152, 153, 155, 156, 166, 168, 169, 177, 179, 190, 191, 193, 195, 196, 197, 210, 211, 216, 217, 220, 221, 223, 224, 225, 237, 238, 239, 241, 253, 259, 262, 264, 265, 266, 278, 281, 282, 286], "excluded_lines": []}, "CanaryDeployer": {"executed_lines": [], "summary": {"covered_lines": 0, "num_statements": 71, "percent_covered": 0.0, "percent_covered_display": "0", "missing_lines": 71, "excluded_lines": 0}, "missing_lines": [316, 317, 318, 319, 333, 334, 335, 337, 338, 341, 353, 357, 375, 376, 377, 381, 382, 384, 400, 416, 417, 418, 420, 421, 422, 424, 425, 427, 428, 431, 432, 433, 434, 437, 438, 439, 440, 441, 443, 445, 464, 465, 467, 471, 472, 473, 475, 478, 482, 483, 486, 487, 490, 494, 503, 504, 505, 508, 509, 512, 516, 535, 536, 538, 549, 550, 552, 560, 561, 564, 565], "excluded_lines": []}, "": {"executed_lines": [1, 3, 4, 5, 6, 7, 9, 12, 13, 20, 45, 46, 50, 81, 110, 130, 203, 227, 268, 289, 290, 298, 300, 321, 365, 406, 451, 469, 501, 522, 545], "summary": {"covered_lines": 28, "num_statements": 28, "percent_covered": 100.0, "percent_covered_display": "100", "missing_lines": 0, "excluded_lines": 0}, "missing_lines": [], "excluded_lines": []}}}}, "totals": {"covered_lines": 28, "num_statements": 171, "percent_covered": 16.374269005847953, "percent_covered_display": "16", "missing_lines": 143, "excluded_lines": 0}}