<?xml version="1.0" encoding="utf-8"?><testsuites><testsuite name="pytest" errors="0" failures="0" skipped="1" tests="1" time="13.443" timestamp="2026-02-09T11:23:44.370793" hostname="NBDEVTSC02"><testcase classname="e2e.test_02_happy_path" name="test_complete_flow_c_happy_path" time="13.327"><skipped type="pytest.skip" message="Could not connect to MongoDB: mongodb-cluster.mongodb-cluster.svc.cluster.local:27017: [Errno -2] Name or service not known (configured timeouts: socketTimeoutMS: 20000.0ms, connectTimeoutMS: 20000.0ms), Timeout: 5.0s, Topology Description: &lt;TopologyDescription id: 6989b5b89bffe0dae29308ee, topology_type: Unknown, servers: [&lt;ServerDescription ('mongodb-cluster.mongodb-cluster.svc.cluster.local', 27017) server_type: Unknown, rtt: None, error=AutoReconnect('mongodb-cluster.mongodb-cluster.svc.cluster.local:27017: [Errno -2] Name or service not known (configured timeouts: socketTimeoutMS: 20000.0ms, connectTimeoutMS: 20000.0ms)')&gt;]&gt;">/home/jimy/NHM/Neural-Hive-Mind/tests/e2e/test_02_happy_path.py:11: Could not connect to MongoDB: mongodb-cluster.mongodb-cluster.svc.cluster.local:27017: [Errno -2] Name or service not known (configured timeouts: socketTimeoutMS: 20000.0ms, connectTimeoutMS: 20000.0ms), Timeout: 5.0s, Topology Description: &lt;TopologyDescription id: 6989b5b89bffe0dae29308ee, topology_type: Unknown, servers: [&lt;ServerDescription ('mongodb-cluster.mongodb-cluster.svc.cluster.local', 27017) server_type: Unknown, rtt: None, error=AutoReconnect('mongodb-cluster.mongodb-cluster.svc.cluster.local:27017: [Errno -2] Name or service not known (configured timeouts: socketTimeoutMS: 20000.0ms, connectTimeoutMS: 20000.0ms)')&gt;]&gt;</skipped></testcase></testsuite></testsuites>